#
# There is insufficient memory for the Java Runtime Environment to continue.
# Native memory allocation (mmap) failed to map 180355072 bytes for Failed to commit area from 0x0000000090800000 to 0x000000009b400000 of length 180355072.
# Possible reasons:
#   The system is out of physical RAM or swap space
#   The process is running with CompressedOops enabled, and the Java Heap may be blocking the growth of the native heap
# Possible solutions:
#   Reduce memory load on the system
#   Increase physical memory or swap space
#   Check if swap backing store is full
#   Decrease Java heap size (-Xmx/-Xms)
#   Decrease number of Java threads
#   Decrease Java thread stack sizes (-Xss)
#   Set larger code cache with -XX:ReservedCodeCacheSize=
#   JVM is running with Unscaled Compressed Oops mode in which the Java heap is
#     placed in the first 4GB address space. The Java Heap base address is the
#     maximum limit for the native heap growth. Please use -XX:HeapBaseMinAddress
#     to set the Java Heap base and to place the Java Heap above 4GB virtual address.
# This output file may be truncated or incomplete.
#
#  Out of Memory Error (./src/hotspot/os/windows/os_windows.cpp:3521), pid=9708, tid=1516
#
# JRE version: OpenJDK Runtime Environment (11.0.12+7) (build 11.0.12+7-b1504.28-7817840)
# Java VM: OpenJDK 64-Bit Server VM (11.0.12+7-b1504.28-7817840, mixed mode, tiered, compressed oops, g1 gc, windows-amd64)
# No core dump will be written. Minidumps are not enabled by default on client versions of Windows
#

---------------  S U M M A R Y ------------

Command Line: --add-opens=java.base/java.util=ALL-UNNAMED --add-opens=java.base/java.lang=ALL-UNNAMED --add-opens=java.base/java.lang.invoke=ALL-UNNAMED --add-opens=java.base/java.util=ALL-UNNAMED --add-opens=java.prefs/java.util.prefs=ALL-UNNAMED --add-opens=java.prefs/java.util.prefs=ALL-UNNAMED --add-opens=java.base/java.nio.charset=ALL-UNNAMED --add-opens=java.base/java.net=ALL-UNNAMED --add-opens=java.base/java.util.concurrent.atomic=ALL-UNNAMED -Xmx2048m -Dfile.encoding=UTF-8 -Duser.country=IN -Duser.language=en -Duser.variant org.gradle.launcher.daemon.bootstrap.GradleDaemon 7.3.3

Host: 11th Gen Intel(R) Core(TM) i5-1135G7 @ 2.40GHz, 8 cores, 7G,  Windows 10 , 64 bit Build 19041 (10.0.19041.1806)
Time: Sat Jul  2 18:58:42 2022 India Standard Time elapsed time: 16.241303 seconds (0d 0h 0m 16s)

---------------  T H R E A D  ---------------

Current thread (0x000001e8dd4d2000):  VMThread "VM Thread" [stack: 0x000000e25b900000,0x000000e25ba00000] [id=1516]

Stack: [0x000000e25b900000,0x000000e25ba00000]
[error occurred during error reporting (printing stack bounds), id 0xc0000005, EXCEPTION_ACCESS_VIOLATION (0xc0000005) at pc=0x000001e8c63a12e7]

Native frames: (J=compiled Java code, j=interpreted, Vv=VM code, C=native code)
V  [jvm.dll+0x5fbcea]
V  [jvm.dll+0x731905]
V  [jvm.dll+0x732f1d]
V  [jvm.dll+0x733535]
V  [jvm.dll+0x7334eb]
V  [jvm.dll+0x5fb080]
V  [jvm.dll+0x5fb818]
C  [ntdll.dll+0xa229f]
C  [ntdll.dll+0x51454]
C  [ntdll.dll+0xa0dce]
C  0x000001e8c63a12e7

VM_Operation (0x000000e264bfd160): G1CollectForAllocation, mode: safepoint, requested by thread 0x000001e8e8da3800


---------------  P R O C E S S  ---------------

Threads class SMR info:
_java_thread_list=0x000001e8e24c79a0, length=151, elements={
0x000001e8c288d000, 0x000001e8dd4d6800, 0x000001e8dd4d7800, 0x000001e8dde55800,
0x000001e8dde58800, 0x000001e8dde5a000, 0x000001e8dde5c800, 0x000001e8dde63000,
0x000001e8dd4ee000, 0x000001e8ddfba800, 0x000001e8de0fc000, 0x000001e8e052d000,
0x000001e8df2dc000, 0x000001e8dfddb800, 0x000001e8e1562800, 0x000001e8e0644000,
0x000001e8df1df000, 0x000001e8def4e800, 0x000001e8dfdca800, 0x000001e8df2d7000,
0x000001e8df81f800, 0x000001e8df821000, 0x000001e8df820800, 0x000001e8df822000,
0x000001e8e09ff000, 0x000001e8e09fb000, 0x000001e8e09fb800, 0x000001e8e09fc800,
0x000001e8e09ff800, 0x000001e8e09fa000, 0x000001e8e0a02000, 0x000001e8e0a04000,
0x000001e8e09fe000, 0x000001e8e0a00800, 0x000001e8e0a03000, 0x000001e8e0a04800,
0x000001e8e0a06800, 0x000001e8e0a07000, 0x000001e8e0a01800, 0x000001e8e0a08000,
0x000001e8e0a08800, 0x000001e8e4bd4800, 0x000001e8e4bd6000, 0x000001e8e4bd2000,
0x000001e8e4bd7000, 0x000001e8e4bd5000, 0x000001e8e4bd8800, 0x000001e8e4bd2800,
0x000001e8e4bd7800, 0x000001e8e4bd9800, 0x000001e8e4bd3800, 0x000001e8e4bdb000,
0x000001e8e4bde000, 0x000001e8e4bda000, 0x000001e8e4bdf000, 0x000001e8e4be0800,
0x000001e8e4be0000, 0x000001e8e4bdb800, 0x000001e8e4bdc800, 0x000001e8e4bdd800,
0x000001e8e2796800, 0x000001e8e2793000, 0x000001e8e2794000, 0x000001e8e279a800,
0x000001e8e2795800, 0x000001e8e2795000, 0x000001e8e2798000, 0x000001e8e279b800,
0x000001e8e279c000, 0x000001e8e279d000, 0x000001e8e2797000, 0x000001e8e2799000,
0x000001e8e2799800, 0x000001e8e27a0000, 0x000001e8e279e000, 0x000001e8e279e800,
0x000001e8e279f800, 0x000001e8e27a1000, 0x000001e8e27a2000, 0x000001e8e2ec3000,
0x000001e8e2ec4000, 0x000001e8e2ebe000, 0x000001e8e2ec2800, 0x000001e8e2ebf000,
0x000001e8e2ec4800, 0x000001e8e2ec5800, 0x000001e8e2ec0000, 0x000001e8e2ec6800,
0x000001e8e2ec0800, 0x000001e8e2ec7000, 0x000001e8e2ec1800, 0x000001e8e2ecc000,
0x000001e8e2ec9800, 0x000001e8e2eca800, 0x000001e8e2ecb800, 0x000001e8e2ec8000,
0x000001e8e2ecd000, 0x000001e8e2ec9000, 0x000001e8e311f000, 0x000001e8e3120000,
0x000001e8e311e800, 0x000001e8e3122800, 0x000001e8e3125000, 0x000001e8e3120800,
0x000001e8e3121800, 0x000001e8e3125800, 0x000001e8e3123000, 0x000001e8e3127800,
0x000001e8e3128000, 0x000001e8e3126800, 0x000001e8e3129800, 0x000001e8e3129000,
0x000001e8e3124000, 0x000001e8e312a800, 0x000001e8e312c000, 0x000001e8e312d000,
0x000001e8e312b800, 0x000001e8e478a000, 0x000001e8e4789000, 0x000001e8e478a800,
0x000001e8e478d000, 0x000001e8e478b800, 0x000001e8e478c800, 0x000001e8e478e000,
0x000001e8e4788800, 0x000001e8e4790800, 0x000001e8e4794800, 0x000001e8e4792000,
0x000001e8e4793800, 0x000001e8e478f000, 0x000001e8e4791000, 0x000001e8e4795800,
0x000001e8e478f800, 0x000001e8e4796000, 0x000001e8e18ce000, 0x000001e8e4793000,
0x000001e8e8da3000, 0x000001e8e8da3800, 0x000001e8e8da1000, 0x000001e8e8da6000,
0x000001e8e8dab000, 0x000001e8e8da8800, 0x000001e8e8dac800, 0x000001e8e8dad800,
0x000001e8e8daa000, 0x000001e8e8da8000, 0x000001e8e8dae800, 0x000001e8e8daf000,
0x000001e8e8dac000, 0x000001e8e8da9800, 0x000001e8e8db0000
}

Java Threads: ( => current thread )
  0x000001e8c288d000 JavaThread "main" [_thread_blocked, id=8348, stack(0x000000e25b300000,0x000000e25b400000)]
  0x000001e8dd4d6800 JavaThread "Reference Handler" daemon [_thread_blocked, id=4892, stack(0x000000e25ba00000,0x000000e25bb00000)]
  0x000001e8dd4d7800 JavaThread "Finalizer" daemon [_thread_blocked, id=11396, stack(0x000000e25bb00000,0x000000e25bc00000)]
  0x000001e8dde55800 JavaThread "Signal Dispatcher" daemon [_thread_blocked, id=7036, stack(0x000000e25bc00000,0x000000e25bd00000)]
  0x000001e8dde58800 JavaThread "Attach Listener" daemon [_thread_blocked, id=8840, stack(0x000000e25bd00000,0x000000e25be00000)]
  0x000001e8dde5a000 JavaThread "Service Thread" daemon [_thread_blocked, id=7984, stack(0x000000e25be00000,0x000000e25bf00000)]
  0x000001e8dde5c800 JavaThread "C2 CompilerThread0" daemon [_thread_in_native, id=3552, stack(0x000000e25bf00000,0x000000e25c000000)]
  0x000001e8dde63000 JavaThread "C1 CompilerThread0" daemon [_thread_blocked, id=2512, stack(0x000000e25c000000,0x000000e25c100000)]
  0x000001e8dd4ee000 JavaThread "Sweeper thread" daemon [_thread_blocked, id=76, stack(0x000000e25c100000,0x000000e25c200000)]
  0x000001e8ddfba800 JavaThread "Common-Cleaner" daemon [_thread_blocked, id=2744, stack(0x000000e25c200000,0x000000e25c300000)]
  0x000001e8de0fc000 JavaThread "C2 CompilerThread1" daemon [_thread_blocked, id=9740, stack(0x000000e25c400000,0x000000e25c500000)]
  0x000001e8e052d000 JavaThread "Daemon health stats" [_thread_blocked, id=10676, stack(0x000000e25c800000,0x000000e25c900000)]
  0x000001e8df2dc000 JavaThread "Incoming local TCP Connector on port 50706" [_thread_in_native, id=9000, stack(0x000000e25c500000,0x000000e25c600000)]
  0x000001e8dfddb800 JavaThread "Daemon periodic checks" [_thread_blocked, id=5372, stack(0x000000e25c900000,0x000000e25ca00000)]
  0x000001e8e1562800 JavaThread "Daemon" [_thread_blocked, id=13160, stack(0x000000e25ca00000,0x000000e25cb00000)]
  0x000001e8e0644000 JavaThread "Handler for socket connection from /127.0.0.1:50706 to /127.0.0.1:50707" [_thread_in_native, id=7980, stack(0x000000e25cb00000,0x000000e25cc00000)]
  0x000001e8df1df000 JavaThread "Cancel handler" [_thread_blocked, id=2436, stack(0x000000e25cc00000,0x000000e25cd00000)]
  0x000001e8def4e800 JavaThread "Daemon worker" [_thread_blocked, id=12284, stack(0x000000e25cd00000,0x000000e25ce00000)]
  0x000001e8dfdca800 JavaThread "Asynchronous log dispatcher for DefaultDaemonConnection: socket connection from /127.0.0.1:50706 to /127.0.0.1:50707" [_thread_blocked, id=10556, stack(0x000000e25ce00000,0x000000e25cf00000)]
  0x000001e8df2d7000 JavaThread "Stdin handler" [_thread_blocked, id=11100, stack(0x000000e25cf00000,0x000000e25d000000)]
  0x000001e8df81f800 JavaThread "Daemon client event forwarder" [_thread_blocked, id=4312, stack(0x000000e25d000000,0x000000e25d100000)]
  0x000001e8df821000 JavaThread "Cache worker for journal cache (C:\Program Files\Android\gradle-7.3.3\caches\journal-1)" [_thread_blocked, id=2000, stack(0x000000e25d600000,0x000000e25d700000)]
  0x000001e8df820800 JavaThread "File lock request listener" [_thread_in_native, id=6812, stack(0x000000e25d700000,0x000000e25d800000)]
  0x000001e8df822000 JavaThread "Cache worker for file hash cache (C:\Program Files\Android\gradle-7.3.3\caches\7.3.3\fileHashes)" [_thread_blocked, id=6244, stack(0x000000e25d800000,0x000000e25d900000)]
  0x000001e8e09ff000 JavaThread "Cache worker for file hash cache (D:\OTPVerificationUsingFirebase\.gradle\7.3.3\fileHashes)" [_thread_blocked, id=4888, stack(0x000000e25da00000,0x000000e25db00000)]
  0x000001e8e09fb000 JavaThread "File watcher server" daemon [_thread_blocked, id=9768, stack(0x000000e25db00000,0x000000e25dc00000)]
  0x000001e8e09fb800 JavaThread "File watcher consumer" daemon [_thread_blocked, id=2008, stack(0x000000e25dc00000,0x000000e25dd00000)]
  0x000001e8e09fc800 JavaThread "Cache worker for checksums cache (D:\OTPVerificationUsingFirebase\.gradle\7.3.3\checksums)" [_thread_blocked, id=11176, stack(0x000000e25dd00000,0x000000e25de00000)]
  0x000001e8e09ff800 JavaThread "Cache worker for cache directory md-supplier (C:\Program Files\Android\gradle-7.3.3\caches\7.3.3\md-supplier)" [_thread_blocked, id=9924, stack(0x000000e25de00000,0x000000e25df00000)]
  0x000001e8e09fa000 JavaThread "Cache worker for cache directory md-rule (C:\Program Files\Android\gradle-7.3.3\caches\7.3.3\md-rule)" [_thread_blocked, id=11040, stack(0x000000e25e000000,0x000000e25e100000)]
  0x000001e8e0a02000 JavaThread "Cache worker for execution history cache (C:\Program Files\Android\gradle-7.3.3\caches\7.3.3\executionHistory)" [_thread_blocked, id=13936, stack(0x000000e25e100000,0x000000e25e200000)]
  0x000001e8e0a04000 JavaThread "jar transforms" [_thread_blocked, id=8404, stack(0x000000e25e200000,0x000000e25e300000)]
  0x000001e8e09fe000 JavaThread "Cache worker for file content cache (C:\Program Files\Android\gradle-7.3.3\caches\7.3.3\fileContent)" [_thread_blocked, id=9964, stack(0x000000e25e300000,0x000000e25e400000)]
  0x000001e8e0a00800 JavaThread "jar transforms Thread 2" [_thread_blocked, id=5832, stack(0x000000e25e400000,0x000000e25e500000)]
  0x000001e8e0a03000 JavaThread "Cache worker for dependencies-accessors (D:\OTPVerificationUsingFirebase\.gradle\7.3.3\dependencies-accessors)" [_thread_blocked, id=4140, stack(0x000000e25e500000,0x000000e25e600000)]
  0x000001e8e0a04800 JavaThread "jar transforms Thread 3" [_thread_blocked, id=11680, stack(0x000000e25e600000,0x000000e25e700000)]
  0x000001e8e0a06800 JavaThread "Cache worker for Build Output Cleanup Cache (D:\OTPVerificationUsingFirebase\.gradle\buildOutputCleanup)" [_thread_blocked, id=8828, stack(0x000000e25e700000,0x000000e25e800000)]
  0x000001e8e0a07000 JavaThread "Unconstrained build operations" [_thread_blocked, id=12384, stack(0x000000e25e800000,0x000000e25e900000)]
  0x000001e8e0a01800 JavaThread "Unconstrained build operations Thread 2" [_thread_blocked, id=13956, stack(0x000000e25e900000,0x000000e25ea00000)]
  0x000001e8e0a08000 JavaThread "Unconstrained build operations Thread 3" [_thread_blocked, id=3476, stack(0x000000e25ea00000,0x000000e25eb00000)]
  0x000001e8e0a08800 JavaThread "Unconstrained build operations Thread 4" [_thread_blocked, id=13680, stack(0x000000e25eb00000,0x000000e25ec00000)]
  0x000001e8e4bd4800 JavaThread "Unconstrained build operations Thread 5" [_thread_blocked, id=11144, stack(0x000000e25ec00000,0x000000e25ed00000)]
  0x000001e8e4bd6000 JavaThread "Unconstrained build operations Thread 6" [_thread_blocked, id=6560, stack(0x000000e25ed00000,0x000000e25ee00000)]
  0x000001e8e4bd2000 JavaThread "Unconstrained build operations Thread 7" [_thread_blocked, id=10500, stack(0x000000e25ee00000,0x000000e25ef00000)]
  0x000001e8e4bd7000 JavaThread "Unconstrained build operations Thread 8" [_thread_blocked, id=12024, stack(0x000000e25ef00000,0x000000e25f000000)]
  0x000001e8e4bd5000 JavaThread "Unconstrained build operations Thread 9" [_thread_blocked, id=13568, stack(0x000000e25f000000,0x000000e25f100000)]
  0x000001e8e4bd8800 JavaThread "Unconstrained build operations Thread 10" [_thread_blocked, id=12796, stack(0x000000e25f100000,0x000000e25f200000)]
  0x000001e8e4bd2800 JavaThread "Unconstrained build operations Thread 11" [_thread_blocked, id=7504, stack(0x000000e25f200000,0x000000e25f300000)]
  0x000001e8e4bd7800 JavaThread "Unconstrained build operations Thread 12" [_thread_blocked, id=9552, stack(0x000000e25f300000,0x000000e25f400000)]
  0x000001e8e4bd9800 JavaThread "Unconstrained build operations Thread 13" [_thread_blocked, id=11700, stack(0x000000e25f400000,0x000000e25f500000)]
  0x000001e8e4bd3800 JavaThread "Unconstrained build operations Thread 14" [_thread_blocked, id=3444, stack(0x000000e25f500000,0x000000e25f600000)]
  0x000001e8e4bdb000 JavaThread "Unconstrained build operations Thread 15" [_thread_blocked, id=8608, stack(0x000000e25f600000,0x000000e25f700000)]
  0x000001e8e4bde000 JavaThread "Unconstrained build operations Thread 16" [_thread_blocked, id=9452, stack(0x000000e25f700000,0x000000e25f800000)]
  0x000001e8e4bda000 JavaThread "Unconstrained build operations Thread 17" [_thread_blocked, id=13324, stack(0x000000e25f800000,0x000000e25f900000)]
  0x000001e8e4bdf000 JavaThread "Unconstrained build operations Thread 18" [_thread_blocked, id=6460, stack(0x000000e25f900000,0x000000e25fa00000)]
  0x000001e8e4be0800 JavaThread "Unconstrained build operations Thread 19" [_thread_blocked, id=10032, stack(0x000000e25fa00000,0x000000e25fb00000)]
  0x000001e8e4be0000 JavaThread "Unconstrained build operations Thread 20" [_thread_blocked, id=13980, stack(0x000000e25fb00000,0x000000e25fc00000)]
  0x000001e8e4bdb800 JavaThread "Unconstrained build operations Thread 21" [_thread_blocked, id=10752, stack(0x000000e25fc00000,0x000000e25fd00000)]
  0x000001e8e4bdc800 JavaThread "Unconstrained build operations Thread 22" [_thread_blocked, id=8128, stack(0x000000e25fd00000,0x000000e25fe00000)]
  0x000001e8e4bdd800 JavaThread "Unconstrained build operations Thread 23" [_thread_blocked, id=8860, stack(0x000000e25fe00000,0x000000e25ff00000)]
  0x000001e8e2796800 JavaThread "Unconstrained build operations Thread 24" [_thread_blocked, id=13276, stack(0x000000e25ff00000,0x000000e260000000)]
  0x000001e8e2793000 JavaThread "Unconstrained build operations Thread 25" [_thread_blocked, id=7028, stack(0x000000e260000000,0x000000e260100000)]
  0x000001e8e2794000 JavaThread "Unconstrained build operations Thread 26" [_thread_blocked, id=12568, stack(0x000000e260100000,0x000000e260200000)]
  0x000001e8e279a800 JavaThread "Unconstrained build operations Thread 27" [_thread_blocked, id=3208, stack(0x000000e260200000,0x000000e260300000)]
  0x000001e8e2795800 JavaThread "Unconstrained build operations Thread 28" [_thread_blocked, id=3276, stack(0x000000e260300000,0x000000e260400000)]
  0x000001e8e2795000 JavaThread "Unconstrained build operations Thread 29" [_thread_blocked, id=1512, stack(0x000000e260400000,0x000000e260500000)]
  0x000001e8e2798000 JavaThread "Unconstrained build operations Thread 30" [_thread_blocked, id=7676, stack(0x000000e260500000,0x000000e260600000)]
  0x000001e8e279b800 JavaThread "Unconstrained build operations Thread 31" [_thread_blocked, id=5688, stack(0x000000e260600000,0x000000e260700000)]
  0x000001e8e279c000 JavaThread "Unconstrained build operations Thread 32" [_thread_blocked, id=3832, stack(0x000000e260700000,0x000000e260800000)]
  0x000001e8e279d000 JavaThread "Unconstrained build operations Thread 33" [_thread_blocked, id=9688, stack(0x000000e260800000,0x000000e260900000)]
  0x000001e8e2797000 JavaThread "Unconstrained build operations Thread 34" [_thread_blocked, id=9344, stack(0x000000e260900000,0x000000e260a00000)]
  0x000001e8e2799000 JavaThread "Unconstrained build operations Thread 35" [_thread_blocked, id=14112, stack(0x000000e260a00000,0x000000e260b00000)]
  0x000001e8e2799800 JavaThread "Unconstrained build operations Thread 36" [_thread_blocked, id=9388, stack(0x000000e260b00000,0x000000e260c00000)]
  0x000001e8e27a0000 JavaThread "Unconstrained build operations Thread 37" [_thread_blocked, id=3720, stack(0x000000e260c00000,0x000000e260d00000)]
  0x000001e8e279e000 JavaThread "Unconstrained build operations Thread 38" [_thread_blocked, id=8224, stack(0x000000e260d00000,0x000000e260e00000)]
  0x000001e8e279e800 JavaThread "Unconstrained build operations Thread 39" [_thread_blocked, id=6452, stack(0x000000e260e00000,0x000000e260f00000)]
  0x000001e8e279f800 JavaThread "Unconstrained build operations Thread 40" [_thread_blocked, id=4104, stack(0x000000e260f00000,0x000000e261000000)]
  0x000001e8e27a1000 JavaThread "Unconstrained build operations Thread 41" [_thread_blocked, id=6680, stack(0x000000e261000000,0x000000e261100000)]
  0x000001e8e27a2000 JavaThread "Unconstrained build operations Thread 42" [_thread_blocked, id=10992, stack(0x000000e261100000,0x000000e261200000)]
  0x000001e8e2ec3000 JavaThread "Unconstrained build operations Thread 43" [_thread_blocked, id=14252, stack(0x000000e261200000,0x000000e261300000)]
  0x000001e8e2ec4000 JavaThread "Unconstrained build operations Thread 44" [_thread_blocked, id=5632, stack(0x000000e261300000,0x000000e261400000)]
  0x000001e8e2ebe000 JavaThread "Unconstrained build operations Thread 45" [_thread_blocked, id=9500, stack(0x000000e261400000,0x000000e261500000)]
  0x000001e8e2ec2800 JavaThread "Unconstrained build operations Thread 46" [_thread_blocked, id=9108, stack(0x000000e261500000,0x000000e261600000)]
  0x000001e8e2ebf000 JavaThread "Unconstrained build operations Thread 47" [_thread_blocked, id=13928, stack(0x000000e261600000,0x000000e261700000)]
  0x000001e8e2ec4800 JavaThread "Unconstrained build operations Thread 48" [_thread_blocked, id=3228, stack(0x000000e261700000,0x000000e261800000)]
  0x000001e8e2ec5800 JavaThread "Unconstrained build operations Thread 49" [_thread_blocked, id=9628, stack(0x000000e261800000,0x000000e261900000)]
  0x000001e8e2ec0000 JavaThread "Unconstrained build operations Thread 50" [_thread_blocked, id=2912, stack(0x000000e261900000,0x000000e261a00000)]
  0x000001e8e2ec6800 JavaThread "Unconstrained build operations Thread 51" [_thread_blocked, id=1612, stack(0x000000e261a00000,0x000000e261b00000)]
  0x000001e8e2ec0800 JavaThread "Unconstrained build operations Thread 52" [_thread_blocked, id=6372, stack(0x000000e261b00000,0x000000e261c00000)]
  0x000001e8e2ec7000 JavaThread "Unconstrained build operations Thread 53" [_thread_blocked, id=6180, stack(0x000000e261c00000,0x000000e261d00000)]
  0x000001e8e2ec1800 JavaThread "Unconstrained build operations Thread 54" [_thread_blocked, id=1176, stack(0x000000e261d00000,0x000000e261e00000)]
  0x000001e8e2ecc000 JavaThread "Unconstrained build operations Thread 55" [_thread_blocked, id=8168, stack(0x000000e261e00000,0x000000e261f00000)]
  0x000001e8e2ec9800 JavaThread "Unconstrained build operations Thread 56" [_thread_blocked, id=2344, stack(0x000000e261f00000,0x000000e262000000)]
  0x000001e8e2eca800 JavaThread "Unconstrained build operations Thread 57" [_thread_blocked, id=4648, stack(0x000000e262000000,0x000000e262100000)]
  0x000001e8e2ecb800 JavaThread "Unconstrained build operations Thread 58" [_thread_blocked, id=10964, stack(0x000000e262100000,0x000000e262200000)]
  0x000001e8e2ec8000 JavaThread "Unconstrained build operations Thread 59" [_thread_blocked, id=2376, stack(0x000000e262200000,0x000000e262300000)]
  0x000001e8e2ecd000 JavaThread "Unconstrained build operations Thread 60" [_thread_blocked, id=8096, stack(0x000000e262300000,0x000000e262400000)]
  0x000001e8e2ec9000 JavaThread "Unconstrained build operations Thread 61" [_thread_blocked, id=1796, stack(0x000000e262400000,0x000000e262500000)]
  0x000001e8e311f000 JavaThread "Unconstrained build operations Thread 62" [_thread_blocked, id=1956, stack(0x000000e262500000,0x000000e262600000)]
  0x000001e8e3120000 JavaThread "Unconstrained build operations Thread 63" [_thread_blocked, id=10700, stack(0x000000e262600000,0x000000e262700000)]
  0x000001e8e311e800 JavaThread "Unconstrained build operations Thread 64" [_thread_blocked, id=7412, stack(0x000000e262700000,0x000000e262800000)]
  0x000001e8e3122800 JavaThread "Unconstrained build operations Thread 65" [_thread_blocked, id=3004, stack(0x000000e262800000,0x000000e262900000)]
  0x000001e8e3125000 JavaThread "Unconstrained build operations Thread 66" [_thread_blocked, id=12940, stack(0x000000e262900000,0x000000e262a00000)]
  0x000001e8e3120800 JavaThread "Unconstrained build operations Thread 67" [_thread_blocked, id=12052, stack(0x000000e262a00000,0x000000e262b00000)]
  0x000001e8e3121800 JavaThread "Unconstrained build operations Thread 68" [_thread_blocked, id=1520, stack(0x000000e262b00000,0x000000e262c00000)]
  0x000001e8e3125800 JavaThread "Unconstrained build operations Thread 69" [_thread_blocked, id=1556, stack(0x000000e262c00000,0x000000e262d00000)]
  0x000001e8e3123000 JavaThread "Unconstrained build operations Thread 70" [_thread_blocked, id=7552, stack(0x000000e262d00000,0x000000e262e00000)]
  0x000001e8e3127800 JavaThread "Unconstrained build operations Thread 71" [_thread_blocked, id=2592, stack(0x000000e262e00000,0x000000e262f00000)]
  0x000001e8e3128000 JavaThread "Unconstrained build operations Thread 72" [_thread_blocked, id=10972, stack(0x000000e262f00000,0x000000e263000000)]
  0x000001e8e3126800 JavaThread "Unconstrained build operations Thread 73" [_thread_blocked, id=3028, stack(0x000000e263000000,0x000000e263100000)]
  0x000001e8e3129800 JavaThread "Unconstrained build operations Thread 74" [_thread_blocked, id=14244, stack(0x000000e263100000,0x000000e263200000)]
  0x000001e8e3129000 JavaThread "Unconstrained build operations Thread 75" [_thread_blocked, id=9824, stack(0x000000e263200000,0x000000e263300000)]
  0x000001e8e3124000 JavaThread "Unconstrained build operations Thread 76" [_thread_blocked, id=7744, stack(0x000000e263300000,0x000000e263400000)]
  0x000001e8e312a800 JavaThread "Unconstrained build operations Thread 77" [_thread_blocked, id=8488, stack(0x000000e263400000,0x000000e263500000)]
  0x000001e8e312c000 JavaThread "Unconstrained build operations Thread 78" [_thread_blocked, id=11120, stack(0x000000e263500000,0x000000e263600000)]
  0x000001e8e312d000 JavaThread "Unconstrained build operations Thread 79" [_thread_blocked, id=9776, stack(0x000000e263600000,0x000000e263700000)]
  0x000001e8e312b800 JavaThread "Unconstrained build operations Thread 80" [_thread_blocked, id=3768, stack(0x000000e263700000,0x000000e263800000)]
  0x000001e8e478a000 JavaThread "jar transforms Thread 4" [_thread_blocked, id=6620, stack(0x000000e263800000,0x000000e263900000)]
  0x000001e8e4789000 JavaThread "jar transforms Thread 5" [_thread_blocked, id=11344, stack(0x000000e263900000,0x000000e263a00000)]
  0x000001e8e478a800 JavaThread "jar transforms Thread 6" [_thread_blocked, id=6084, stack(0x000000e263a00000,0x000000e263b00000)]
  0x000001e8e478d000 JavaThread "jar transforms Thread 7" [_thread_blocked, id=11276, stack(0x000000e263b00000,0x000000e263c00000)]
  0x000001e8e478b800 JavaThread "jar transforms Thread 8" [_thread_blocked, id=2148, stack(0x000000e263c00000,0x000000e263d00000)]
  0x000001e8e478c800 JavaThread "Memory manager" [_thread_blocked, id=244, stack(0x000000e263d00000,0x000000e263e00000)]
  0x000001e8e478e000 JavaThread "build event listener" [_thread_blocked, id=13792, stack(0x000000e263e00000,0x000000e263f00000)]
  0x000001e8e4788800 JavaThread "pool-3-thread-1" [_thread_blocked, id=10932, stack(0x000000e263f00000,0x000000e264000000)]
  0x000001e8e4790800 JavaThread "build event listener" [_thread_blocked, id=2124, stack(0x000000e264000000,0x000000e264100000)]
  0x000001e8e4794800 JavaThread "Execution worker for ':'" [_thread_blocked, id=12816, stack(0x000000e264100000,0x000000e264200000)]
  0x000001e8e4792000 JavaThread "Execution worker for ':' Thread 2" [_thread_blocked, id=2248, stack(0x000000e264200000,0x000000e264300000)]
  0x000001e8e4793800 JavaThread "Execution worker for ':' Thread 3" [_thread_blocked, id=6584, stack(0x000000e264300000,0x000000e264400000)]
  0x000001e8e478f000 JavaThread "Execution worker for ':' Thread 4" [_thread_blocked, id=9372, stack(0x000000e264400000,0x000000e264500000)]
  0x000001e8e4791000 JavaThread "Execution worker for ':' Thread 5" [_thread_blocked, id=2896, stack(0x000000e264500000,0x000000e264600000)]
  0x000001e8e4795800 JavaThread "Execution worker for ':' Thread 6" [_thread_blocked, id=7884, stack(0x000000e264600000,0x000000e264700000)]
  0x000001e8e478f800 JavaThread "Execution worker for ':' Thread 7" [_thread_blocked, id=12744, stack(0x000000e264700000,0x000000e264800000)]
  0x000001e8e4796000 JavaThread "Cache worker for execution history cache (D:\OTPVerificationUsingFirebase\.gradle\7.3.3\executionHistory)" [_thread_blocked, id=7996, stack(0x000000e264800000,0x000000e264900000)]
  0x000001e8e18ce000 JavaThread "C2 CompilerThread2" daemon [_thread_blocked, id=13144, stack(0x000000e25df00000,0x000000e25e000000)]
  0x000001e8e4793000 JavaThread "WorkerExecutor Queue" [_thread_blocked, id=7468, stack(0x000000e264900000,0x000000e264a00000)]
  0x000001e8e8da3000 JavaThread "WorkerExecutor Queue Thread 2" [_thread_blocked, id=3884, stack(0x000000e264a00000,0x000000e264b00000)]
  0x000001e8e8da3800 JavaThread "WorkerExecutor Queue Thread 3" [_thread_blocked, id=1264, stack(0x000000e264b00000,0x000000e264c00000)]
  0x000001e8e8da1000 JavaThread "WorkerExecutor Queue Thread 4" [_thread_blocked, id=10832, stack(0x000000e264c00000,0x000000e264d00000)]
  0x000001e8e8da6000 JavaThread "WorkerExecutor Queue Thread 5" [_thread_blocked, id=11308, stack(0x000000e264d00000,0x000000e264e00000)]
  0x000001e8e8dab000 JavaThread "pool-4-thread-1" [_thread_blocked, id=10736, stack(0x000000e264e00000,0x000000e264f00000)]
  0x000001e8e8da8800 JavaThread "ForkJoinPool-1-worker-3" daemon [_thread_blocked, id=4264, stack(0x000000e264f00000,0x000000e265000000)]
  0x000001e8e8dac800 JavaThread "ForkJoinPool-1-worker-5" daemon [_thread_blocked, id=13664, stack(0x000000e265000000,0x000000e265100000)]
  0x000001e8e8dad800 JavaThread "ForkJoinPool-1-worker-7" daemon [_thread_blocked, id=5616, stack(0x000000e265100000,0x000000e265200000)]
  0x000001e8e8daa000 JavaThread "ForkJoinPool-1-worker-9" daemon [_thread_blocked, id=2360, stack(0x000000e265200000,0x000000e265300000)]
  0x000001e8e8da8000 JavaThread "ForkJoinPool-1-worker-11" daemon [_thread_blocked, id=10016, stack(0x000000e265300000,0x000000e265400000)]
  0x000001e8e8dae800 JavaThread "ForkJoinPool-1-worker-13" daemon [_thread_blocked, id=14208, stack(0x000000e265400000,0x000000e265500000)]
  0x000001e8e8daf000 JavaThread "ForkJoinPool-1-worker-15" daemon [_thread_blocked, id=7988, stack(0x000000e265500000,0x000000e265600000)]
  0x000001e8e8dac000 JavaThread "ForkJoinPool-1-worker-1" daemon [_thread_blocked, id=9352, stack(0x000000e265600000,0x000000e265700000)]
  0x000001e8e8da9800 JavaThread "stderr" [_thread_in_native, id=7816, stack(0x000000e265700000,0x000000e265800000)]
  0x000001e8e8db0000 JavaThread "stdout" [_thread_in_native, id=10708, stack(0x000000e265800000,0x000000e265900000)]

Other Threads:
=>0x000001e8dd4d2000 VMThread "VM Thread" [stack: 0x000000e25b900000,0x000000e25ba00000] [id=1516]
  0x000001e8ddfdf800 WatcherThread [stack: 0x000000e25c300000,0x000000e25c400000] [id=10072]
  0x000001e8c28a5000 GCTaskThread "GC Thread#0" [stack: 0x000000e25b400000,0x000000e25b500000] [id=7720]
  0x000001e8de794000 GCTaskThread "GC Thread#1" [stack: 0x000000e25c600000,0x000000e25c700000] [id=10808]
  0x000001e8def23000 GCTaskThread "GC Thread#2" [stack: 0x000000e25c700000,0x000000e25c800000] [id=1704]
  0x000001e8df71c800 GCTaskThread "GC Thread#3" [stack: 0x000000e25d100000,0x000000e25d200000] [id=1496]
  0x000001e8e0295000 GCTaskThread "GC Thread#4" [stack: 0x000000e25d200000,0x000000e25d300000] [id=6264]
  0x000001e8df709000 GCTaskThread "GC Thread#5" [stack: 0x000000e25d300000,0x000000e25d400000] [id=11488]
  0x000001e8df712000 GCTaskThread "GC Thread#6" [stack: 0x000000e25d400000,0x000000e25d500000] [id=12120]
  0x000001e8e1fae800 GCTaskThread "GC Thread#7" [stack: 0x000000e25d500000,0x000000e25d600000] [id=13388]
  0x000001e8c28d6800 ConcurrentGCThread "G1 Main Marker" [stack: 0x000000e25b500000,0x000000e25b600000] [id=4800]
  0x000001e8c28d7800 ConcurrentGCThread "G1 Conc#0" [stack: 0x000000e25b600000,0x000000e25b700000] [id=8036]
  0x000001e8e022a800 ConcurrentGCThread "G1 Conc#1" [stack: 0x000000e25d900000,0x000000e25da00000] [id=672]
  0x000001e8dd320800 ConcurrentGCThread "G1 Refine#0" [stack: 0x000000e25b700000,0x000000e25b800000] [id=7800]
  0x000001e8e0898000 ConcurrentGCThread "G1 Refine#1" [stack: 0x000000e265900000,0x000000e265a00000] [id=6932]
  0x000001e8e0896800 ConcurrentGCThread "G1 Refine#2" [stack: 0x000000e265a00000,0x000000e265b00000] [id=13932]
  0x000001e8e0899000 ConcurrentGCThread "G1 Refine#3" [stack: 0x000000e265b00000,0x000000e265c00000] [id=2628]
  0x000001e8e09d5000 ConcurrentGCThread "G1 Refine#4" [stack: 0x000000e265c00000,0x000000e265d00000] [id=6308]
  0x000001e8e09d7000 ConcurrentGCThread "G1 Refine#5" [stack: 0x000000e265d00000,0x000000e265e00000] [id=7788]
  0x000001e8dd321000 ConcurrentGCThread "G1 Young RemSet Sampling" [stack: 0x000000e25b800000,0x000000e25b900000] [id=9444]

Threads with active compile tasks:
C2 CompilerThread0  16253 16416 %     4       com.android.tools.r8.dex.j::a @ 313 (1042 bytes)
C2 CompilerThread1  16253 16680       4       com.android.tools.r8.internal.bc::a (80 bytes)
C2 CompilerThread2  16253 16514       4       com.android.tools.r8.dex.j::e (664 bytes)

VM state:at safepoint (normal execution)

VM Mutex/Monitor currently owned by a thread:  ([mutex/lock_event])
[0x000001e8c28888c0] Threads_lock - owner thread: 0x000001e8dd4d2000
[0x000001e8c288a060] Heap_lock - owner thread: 0x000001e8e8da3800

Heap address: 0x0000000080000000, size: 2048 MB, Compressed Oops mode: 32-bit
Narrow klass base: 0x0000000000000000, Narrow klass shift: 3
Compressed class space size: 1073741824 Address: 0x0000000100000000

Heap:
 garbage-first heap   total 446464K, used 178497K [0x0000000080000000, 0x0000000100000000)
  region size 1024K, 6 young (6144K), 6 survivors (6144K)
 Metaspace       used 108314K, capacity 111379K, committed 111608K, reserved 1146880K
  class space    used 13916K, capacity 15061K, committed 15096K, reserved 1048576K
Heap Regions: E=young(eden), S=young(survivor), O=old, HS=humongous(starts), HC=humongous(continues), CS=collection set, F=free, A=archive, TAMS=top-at-mark-start (previous, next)
|   0|0x0000000080000000, 0x0000000080100000, 0x0000000080100000|100%| O|  |TAMS 0x0000000080100000, 0x0000000080100000| Untracked 
|   1|0x0000000080100000, 0x0000000080200000, 0x0000000080200000|100%| O|  |TAMS 0x0000000080200000, 0x0000000080200000| Untracked 
|   2|0x0000000080200000, 0x0000000080300000, 0x0000000080300000|100%| O|  |TAMS 0x0000000080300000, 0x0000000080300000| Untracked 
|   3|0x0000000080300000, 0x0000000080400000, 0x0000000080400000|100%|HS|  |TAMS 0x0000000080400000, 0x0000000080400000| Complete 
|   4|0x0000000080400000, 0x0000000080500000, 0x0000000080500000|100%|HC|  |TAMS 0x0000000080500000, 0x0000000080500000| Complete 
|   5|0x0000000080500000, 0x0000000080600000, 0x0000000080600000|100%|HC|  |TAMS 0x0000000080600000, 0x0000000080600000| Complete 
|   6|0x0000000080600000, 0x0000000080700000, 0x0000000080700000|100%| O|  |TAMS 0x0000000080700000, 0x0000000080700000| Untracked 
|   7|0x0000000080700000, 0x0000000080800000, 0x0000000080800000|100%| O|  |TAMS 0x0000000080800000, 0x0000000080800000| Untracked 
|   8|0x0000000080800000, 0x0000000080900000, 0x0000000080900000|100%| O|  |TAMS 0x0000000080900000, 0x0000000080900000| Untracked 
|   9|0x0000000080900000, 0x0000000080a00000, 0x0000000080a00000|100%| O|  |TAMS 0x0000000080a00000, 0x0000000080a00000| Untracked 
|  10|0x0000000080a00000, 0x0000000080b00000, 0x0000000080b00000|100%| O|  |TAMS 0x0000000080b00000, 0x0000000080b00000| Untracked 
|  11|0x0000000080b00000, 0x0000000080c00000, 0x0000000080c00000|100%| O|  |TAMS 0x0000000080c00000, 0x0000000080c00000| Untracked 
|  12|0x0000000080c00000, 0x0000000080d00000, 0x0000000080d00000|100%| O|  |TAMS 0x0000000080d00000, 0x0000000080d00000| Untracked 
|  13|0x0000000080d00000, 0x0000000080e00000, 0x0000000080e00000|100%| O|  |TAMS 0x0000000080e00000, 0x0000000080e00000| Untracked 
|  14|0x0000000080e00000, 0x0000000080f00000, 0x0000000080f00000|100%| O|  |TAMS 0x0000000080f00000, 0x0000000080f00000| Untracked 
|  15|0x0000000080f00000, 0x0000000081000000, 0x0000000081000000|100%| O|  |TAMS 0x0000000081000000, 0x0000000081000000| Untracked 
|  16|0x0000000081000000, 0x0000000081100000, 0x0000000081100000|100%|HS|  |TAMS 0x0000000081100000, 0x0000000081100000| Complete 
|  17|0x0000000081100000, 0x0000000081200000, 0x0000000081200000|100%| O|  |TAMS 0x0000000081200000, 0x0000000081200000| Untracked 
|  18|0x0000000081200000, 0x0000000081300000, 0x0000000081300000|100%| O|  |TAMS 0x0000000081300000, 0x0000000081300000| Untracked 
|  19|0x0000000081300000, 0x0000000081400000, 0x0000000081400000|100%| O|  |TAMS 0x0000000081400000, 0x0000000081400000| Untracked 
|  20|0x0000000081400000, 0x0000000081500000, 0x0000000081500000|100%| O|  |TAMS 0x0000000081500000, 0x0000000081500000| Untracked 
|  21|0x0000000081500000, 0x0000000081600000, 0x0000000081600000|100%| O|  |TAMS 0x0000000081600000, 0x0000000081600000| Untracked 
|  22|0x0000000081600000, 0x0000000081700000, 0x0000000081700000|100%| O|  |TAMS 0x0000000081700000, 0x0000000081700000| Untracked 
|  23|0x0000000081700000, 0x0000000081800000, 0x0000000081800000|100%| O|  |TAMS 0x0000000081800000, 0x0000000081800000| Untracked 
|  24|0x0000000081800000, 0x0000000081900000, 0x0000000081900000|100%| O|  |TAMS 0x0000000081900000, 0x0000000081900000| Untracked 
|  25|0x0000000081900000, 0x0000000081a00000, 0x0000000081a00000|100%| O|  |TAMS 0x0000000081a00000, 0x0000000081a00000| Untracked 
|  26|0x0000000081a00000, 0x0000000081b00000, 0x0000000081b00000|100%| O|  |TAMS 0x0000000081b00000, 0x0000000081b00000| Untracked 
|  27|0x0000000081b00000, 0x0000000081c00000, 0x0000000081c00000|100%| O|  |TAMS 0x0000000081c00000, 0x0000000081c00000| Untracked 
|  28|0x0000000081c00000, 0x0000000081d00000, 0x0000000081d00000|100%|HS|  |TAMS 0x0000000081d00000, 0x0000000081d00000| Complete 
|  29|0x0000000081d00000, 0x0000000081e00000, 0x0000000081e00000|100%|HS|  |TAMS 0x0000000081e00000, 0x0000000081e00000| Complete 
|  30|0x0000000081e00000, 0x0000000081f00000, 0x0000000081f00000|100%|HC|  |TAMS 0x0000000081f00000, 0x0000000081f00000| Complete 
|  31|0x0000000081f00000, 0x0000000082000000, 0x0000000082000000|100%| O|  |TAMS 0x0000000082000000, 0x0000000082000000| Untracked 
|  32|0x0000000082000000, 0x0000000082100000, 0x0000000082100000|100%| O|  |TAMS 0x0000000082100000, 0x0000000082100000| Untracked 
|  33|0x0000000082100000, 0x0000000082200000, 0x0000000082200000|100%| O|  |TAMS 0x0000000082200000, 0x0000000082200000| Untracked 
|  34|0x0000000082200000, 0x0000000082300000, 0x0000000082300000|100%| O|  |TAMS 0x0000000082300000, 0x0000000082300000| Untracked 
|  35|0x0000000082300000, 0x0000000082400000, 0x0000000082400000|100%| O|  |TAMS 0x0000000082400000, 0x0000000082400000| Untracked 
|  36|0x0000000082400000, 0x0000000082500000, 0x0000000082500000|100%| O|  |TAMS 0x0000000082500000, 0x0000000082500000| Untracked 
|  37|0x0000000082500000, 0x0000000082600000, 0x0000000082600000|100%| O|  |TAMS 0x0000000082600000, 0x0000000082600000| Untracked 
|  38|0x0000000082600000, 0x0000000082700000, 0x0000000082700000|100%| O|  |TAMS 0x0000000082700000, 0x0000000082700000| Untracked 
|  39|0x0000000082700000, 0x0000000082800000, 0x0000000082800000|100%| O|  |TAMS 0x0000000082800000, 0x0000000082800000| Untracked 
|  40|0x0000000082800000, 0x0000000082900000, 0x0000000082900000|100%| O|  |TAMS 0x0000000082900000, 0x0000000082900000| Untracked 
|  41|0x0000000082900000, 0x0000000082a00000, 0x0000000082a00000|100%| O|  |TAMS 0x0000000082a00000, 0x0000000082a00000| Untracked 
|  42|0x0000000082a00000, 0x0000000082b00000, 0x0000000082b00000|100%| O|  |TAMS 0x0000000082b00000, 0x0000000082b00000| Untracked 
|  43|0x0000000082b00000, 0x0000000082c00000, 0x0000000082c00000|100%| O|  |TAMS 0x0000000082c00000, 0x0000000082c00000| Untracked 
|  44|0x0000000082c00000, 0x0000000082d00000, 0x0000000082d00000|100%| O|  |TAMS 0x0000000082d00000, 0x0000000082d00000| Untracked 
|  45|0x0000000082d00000, 0x0000000082e00000, 0x0000000082e00000|100%| O|  |TAMS 0x0000000082e00000, 0x0000000082e00000| Untracked 
|  46|0x0000000082e00000, 0x0000000082f00000, 0x0000000082f00000|100%| O|  |TAMS 0x0000000082f00000, 0x0000000082f00000| Untracked 
|  47|0x0000000082f00000, 0x0000000083000000, 0x0000000083000000|100%| O|  |TAMS 0x0000000083000000, 0x0000000083000000| Untracked 
|  48|0x0000000083000000, 0x0000000083100000, 0x0000000083100000|100%| O|  |TAMS 0x0000000083100000, 0x0000000083100000| Untracked 
|  49|0x0000000083100000, 0x0000000083200000, 0x0000000083200000|100%| O|  |TAMS 0x0000000083200000, 0x0000000083200000| Untracked 
|  50|0x0000000083200000, 0x0000000083300000, 0x0000000083300000|100%| O|  |TAMS 0x0000000083300000, 0x0000000083300000| Untracked 
|  51|0x0000000083300000, 0x0000000083400000, 0x0000000083400000|100%| O|  |TAMS 0x0000000083400000, 0x0000000083400000| Untracked 
|  52|0x0000000083400000, 0x0000000083500000, 0x0000000083500000|100%| O|  |TAMS 0x0000000083500000, 0x0000000083500000| Untracked 
|  53|0x0000000083500000, 0x0000000083600000, 0x0000000083600000|100%| O|  |TAMS 0x0000000083600000, 0x0000000083600000| Untracked 
|  54|0x0000000083600000, 0x0000000083700000, 0x0000000083700000|100%| O|  |TAMS 0x0000000083700000, 0x0000000083700000| Untracked 
|  55|0x0000000083700000, 0x0000000083800000, 0x0000000083800000|100%| O|  |TAMS 0x0000000083800000, 0x0000000083800000| Untracked 
|  56|0x0000000083800000, 0x0000000083900000, 0x0000000083900000|100%| O|  |TAMS 0x0000000083900000, 0x0000000083900000| Untracked 
|  57|0x0000000083900000, 0x0000000083a00000, 0x0000000083a00000|100%| O|  |TAMS 0x0000000083a00000, 0x0000000083a00000| Untracked 
|  58|0x0000000083a00000, 0x0000000083b00000, 0x0000000083b00000|100%| O|  |TAMS 0x0000000083b00000, 0x0000000083b00000| Untracked 
|  59|0x0000000083b00000, 0x0000000083c00000, 0x0000000083c00000|100%| O|  |TAMS 0x0000000083c00000, 0x0000000083c00000| Untracked 
|  60|0x0000000083c00000, 0x0000000083d00000, 0x0000000083d00000|100%| O|  |TAMS 0x0000000083d00000, 0x0000000083d00000| Untracked 
|  61|0x0000000083d00000, 0x0000000083e00000, 0x0000000083e00000|100%| O|  |TAMS 0x0000000083e00000, 0x0000000083e00000| Untracked 
|  62|0x0000000083e00000, 0x0000000083f00000, 0x0000000083f00000|100%| O|  |TAMS 0x0000000083f00000, 0x0000000083f00000| Untracked 
|  63|0x0000000083f00000, 0x0000000084000000, 0x0000000084000000|100%| O|  |TAMS 0x0000000084000000, 0x0000000084000000| Untracked 
|  64|0x0000000084000000, 0x0000000084100000, 0x0000000084100000|100%| O|  |TAMS 0x0000000084100000, 0x0000000084100000| Untracked 
|  65|0x0000000084100000, 0x0000000084200000, 0x0000000084200000|100%| O|  |TAMS 0x0000000084200000, 0x0000000084200000| Untracked 
|  66|0x0000000084200000, 0x0000000084300000, 0x0000000084300000|100%| O|  |TAMS 0x0000000084300000, 0x0000000084300000| Untracked 
|  67|0x0000000084300000, 0x0000000084400000, 0x0000000084400000|100%| O|  |TAMS 0x0000000084400000, 0x0000000084400000| Untracked 
|  68|0x0000000084400000, 0x0000000084500000, 0x0000000084500000|100%| O|  |TAMS 0x0000000084500000, 0x0000000084500000| Untracked 
|  69|0x0000000084500000, 0x0000000084600000, 0x0000000084600000|100%| O|  |TAMS 0x0000000084600000, 0x0000000084600000| Untracked 
|  70|0x0000000084600000, 0x0000000084700000, 0x0000000084700000|100%| O|  |TAMS 0x0000000084700000, 0x0000000084700000| Untracked 
|  71|0x0000000084700000, 0x0000000084800000, 0x0000000084800000|100%| O|  |TAMS 0x0000000084800000, 0x0000000084800000| Untracked 
|  72|0x0000000084800000, 0x0000000084900000, 0x0000000084900000|100%| O|  |TAMS 0x0000000084900000, 0x0000000084900000| Untracked 
|  73|0x0000000084900000, 0x0000000084a00000, 0x0000000084a00000|100%| O|  |TAMS 0x0000000084a00000, 0x0000000084a00000| Untracked 
|  74|0x0000000084a00000, 0x0000000084b00000, 0x0000000084b00000|100%| O|  |TAMS 0x0000000084b00000, 0x0000000084b00000| Untracked 
|  75|0x0000000084b00000, 0x0000000084c00000, 0x0000000084c00000|100%| O|  |TAMS 0x0000000084c00000, 0x0000000084c00000| Untracked 
|  76|0x0000000084c00000, 0x0000000084d00000, 0x0000000084d00000|100%| O|  |TAMS 0x0000000084d00000, 0x0000000084d00000| Untracked 
|  77|0x0000000084d00000, 0x0000000084e00000, 0x0000000084e00000|100%| O|  |TAMS 0x0000000084e00000, 0x0000000084e00000| Untracked 
|  78|0x0000000084e00000, 0x0000000084f00000, 0x0000000084f00000|100%| O|  |TAMS 0x0000000084f00000, 0x0000000084f00000| Untracked 
|  79|0x0000000084f00000, 0x0000000085000000, 0x0000000085000000|100%| O|  |TAMS 0x0000000085000000, 0x0000000085000000| Untracked 
|  80|0x0000000085000000, 0x0000000085100000, 0x0000000085100000|100%| O|  |TAMS 0x0000000085100000, 0x0000000085100000| Untracked 
|  81|0x0000000085100000, 0x0000000085200000, 0x0000000085200000|100%|HS|  |TAMS 0x0000000085200000, 0x0000000085200000| Complete 
|  82|0x0000000085200000, 0x0000000085300000, 0x0000000085300000|100%| O|  |TAMS 0x0000000085300000, 0x0000000085300000| Untracked 
|  83|0x0000000085300000, 0x0000000085400000, 0x0000000085400000|100%| O|  |TAMS 0x0000000085400000, 0x0000000085400000| Untracked 
|  84|0x0000000085400000, 0x0000000085500000, 0x0000000085500000|100%| O|  |TAMS 0x0000000085500000, 0x0000000085500000| Untracked 
|  85|0x0000000085500000, 0x0000000085600000, 0x0000000085600000|100%| O|  |TAMS 0x0000000085600000, 0x0000000085600000| Untracked 
|  86|0x0000000085600000, 0x0000000085700000, 0x0000000085700000|100%| O|  |TAMS 0x0000000085700000, 0x0000000085700000| Untracked 
|  87|0x0000000085700000, 0x0000000085800000, 0x0000000085800000|100%| O|  |TAMS 0x0000000085700000, 0x0000000085800000| Untracked 
|  88|0x0000000085800000, 0x0000000085900000, 0x0000000085900000|100%| O|  |TAMS 0x0000000085900000, 0x0000000085900000| Untracked 
|  89|0x0000000085900000, 0x0000000085a00000, 0x0000000085a00000|100%| O|  |TAMS 0x0000000085900000, 0x0000000085a00000| Untracked 
|  90|0x0000000085a00000, 0x0000000085b00000, 0x0000000085b00000|100%| O|  |TAMS 0x0000000085b00000, 0x0000000085b00000| Untracked 
|  91|0x0000000085b00000, 0x0000000085c00000, 0x0000000085c00000|100%| O|  |TAMS 0x0000000085c00000, 0x0000000085c00000| Untracked 
|  92|0x0000000085c00000, 0x0000000085d00000, 0x0000000085d00000|100%| O|  |TAMS 0x0000000085c00000, 0x0000000085d00000| Untracked 
|  93|0x0000000085d00000, 0x0000000085e00000, 0x0000000085e00000|100%| O|  |TAMS 0x0000000085d00000, 0x0000000085e00000| Untracked 
|  94|0x0000000085e00000, 0x0000000085f00000, 0x0000000085f00000|100%| O|  |TAMS 0x0000000085f00000, 0x0000000085f00000| Untracked 
|  95|0x0000000085f00000, 0x0000000086000000, 0x0000000086000000|100%| O|  |TAMS 0x0000000086000000, 0x0000000086000000| Untracked 
|  96|0x0000000086000000, 0x0000000086100000, 0x0000000086100000|100%| O|  |TAMS 0x0000000086000000, 0x0000000086100000| Untracked 
|  97|0x0000000086100000, 0x0000000086200000, 0x0000000086200000|100%| O|  |TAMS 0x0000000086200000, 0x0000000086200000| Untracked 
|  98|0x0000000086200000, 0x0000000086300000, 0x0000000086300000|100%| O|  |TAMS 0x0000000086300000, 0x0000000086300000| Untracked 
|  99|0x0000000086300000, 0x0000000086400000, 0x0000000086400000|100%| O|  |TAMS 0x0000000086333200, 0x0000000086400000| Untracked 
| 100|0x0000000086400000, 0x0000000086500000, 0x0000000086500000|100%|HS|  |TAMS 0x0000000086400000, 0x0000000086500000| Complete 
| 101|0x0000000086500000, 0x0000000086550400, 0x0000000086600000| 31%| O|  |TAMS 0x0000000086500000, 0x0000000086550400| Untracked 
| 102|0x0000000086600000, 0x0000000086600000, 0x0000000086700000|  0%| F|  |TAMS 0x0000000086600000, 0x0000000086600000| Untracked 
| 103|0x0000000086700000, 0x0000000086800000, 0x0000000086800000|100%| O|  |TAMS 0x0000000086800000, 0x0000000086800000| Untracked 
| 104|0x0000000086800000, 0x0000000086900000, 0x0000000086900000|100%| O|  |TAMS 0x0000000086900000, 0x0000000086900000| Untracked 
| 105|0x0000000086900000, 0x0000000086a00000, 0x0000000086a00000|100%| O|  |TAMS 0x0000000086a00000, 0x0000000086a00000| Untracked 
| 106|0x0000000086a00000, 0x0000000086b00000, 0x0000000086b00000|100%|HS|  |TAMS 0x0000000086b00000, 0x0000000086b00000| Complete 
| 107|0x0000000086b00000, 0x0000000086c00000, 0x0000000086c00000|100%|HC|  |TAMS 0x0000000086c00000, 0x0000000086c00000| Complete 
| 108|0x0000000086c00000, 0x0000000086d00000, 0x0000000086d00000|100%|HS|  |TAMS 0x0000000086d00000, 0x0000000086d00000| Complete 
| 109|0x0000000086d00000, 0x0000000086e00000, 0x0000000086e00000|100%|HS|  |TAMS 0x0000000086e00000, 0x0000000086e00000| Complete 
| 110|0x0000000086e00000, 0x0000000086f00000, 0x0000000086f00000|100%|HS|  |TAMS 0x0000000086f00000, 0x0000000086f00000| Complete 
| 111|0x0000000086f00000, 0x0000000087000000, 0x0000000087000000|100%| O|  |TAMS 0x0000000087000000, 0x0000000087000000| Untracked 
| 112|0x0000000087000000, 0x0000000087100000, 0x0000000087100000|100%| O|  |TAMS 0x0000000087100000, 0x0000000087100000| Untracked 
| 113|0x0000000087100000, 0x0000000087200000, 0x0000000087200000|100%| O|  |TAMS 0x0000000087200000, 0x0000000087200000| Untracked 
| 114|0x0000000087200000, 0x0000000087300000, 0x0000000087300000|100%|HS|  |TAMS 0x0000000087300000, 0x0000000087300000| Complete 
| 115|0x0000000087300000, 0x0000000087400000, 0x0000000087400000|100%|HC|  |TAMS 0x0000000087400000, 0x0000000087400000| Complete 
| 116|0x0000000087400000, 0x0000000087500000, 0x0000000087500000|100%| O|  |TAMS 0x0000000087500000, 0x0000000087500000| Untracked 
| 117|0x0000000087500000, 0x0000000087600000, 0x0000000087600000|100%|HS|  |TAMS 0x0000000087600000, 0x0000000087600000| Complete 
| 118|0x0000000087600000, 0x0000000087700000, 0x0000000087700000|100%| O|  |TAMS 0x0000000087700000, 0x0000000087700000| Untracked 
| 119|0x0000000087700000, 0x0000000087800000, 0x0000000087800000|100%|HS|  |TAMS 0x0000000087800000, 0x0000000087800000| Complete 
| 120|0x0000000087800000, 0x0000000087900000, 0x0000000087900000|100%| O|  |TAMS 0x0000000087900000, 0x0000000087900000| Untracked 
| 121|0x0000000087900000, 0x0000000087a00000, 0x0000000087a00000|100%|HS|  |TAMS 0x0000000087a00000, 0x0000000087a00000| Complete 
| 122|0x0000000087a00000, 0x0000000087b00000, 0x0000000087b00000|100%| O|  |TAMS 0x0000000087b00000, 0x0000000087b00000| Untracked 
| 123|0x0000000087b00000, 0x0000000087c00000, 0x0000000087c00000|100%|HS|  |TAMS 0x0000000087c00000, 0x0000000087c00000| Complete 
| 124|0x0000000087c00000, 0x0000000087d00000, 0x0000000087d00000|100%| O|  |TAMS 0x0000000087d00000, 0x0000000087d00000| Untracked 
| 125|0x0000000087d00000, 0x0000000087e00000, 0x0000000087e00000|100%| O|  |TAMS 0x0000000087e00000, 0x0000000087e00000| Untracked 
| 126|0x0000000087e00000, 0x0000000087f00000, 0x0000000087f00000|100%| O|  |TAMS 0x0000000087f00000, 0x0000000087f00000| Untracked 
| 127|0x0000000087f00000, 0x0000000088000000, 0x0000000088000000|100%| O|  |TAMS 0x0000000088000000, 0x0000000088000000| Untracked 
| 128|0x0000000088000000, 0x0000000088100000, 0x0000000088100000|100%| O|  |TAMS 0x0000000088100000, 0x0000000088100000| Untracked 
| 129|0x0000000088100000, 0x0000000088200000, 0x0000000088200000|100%| O|  |TAMS 0x0000000088100000, 0x0000000088200000| Untracked 
| 130|0x0000000088200000, 0x0000000088300000, 0x0000000088300000|100%| O|  |TAMS 0x0000000088200000, 0x0000000088300000| Untracked 
| 131|0x0000000088300000, 0x0000000088400000, 0x0000000088400000|100%| O|  |TAMS 0x0000000088300000, 0x0000000088400000| Untracked 
| 132|0x0000000088400000, 0x0000000088500000, 0x0000000088500000|100%| O|  |TAMS 0x0000000088400000, 0x0000000088500000| Untracked 
| 133|0x0000000088500000, 0x0000000088600000, 0x0000000088600000|100%| O|  |TAMS 0x0000000088500000, 0x0000000088600000| Untracked 
| 134|0x0000000088600000, 0x0000000088700000, 0x0000000088700000|100%| O|  |TAMS 0x0000000088600000, 0x0000000088700000| Untracked 
| 135|0x0000000088700000, 0x0000000088800000, 0x0000000088800000|100%| O|  |TAMS 0x0000000088700000, 0x0000000088800000| Untracked 
| 136|0x0000000088800000, 0x0000000088900000, 0x0000000088900000|100%| O|  |TAMS 0x0000000088800000, 0x0000000088900000| Untracked 
| 137|0x0000000088900000, 0x0000000088a00000, 0x0000000088a00000|100%| O|  |TAMS 0x0000000088900000, 0x0000000088a00000| Untracked 
| 138|0x0000000088a00000, 0x0000000088b00000, 0x0000000088b00000|100%| O|  |TAMS 0x0000000088a00000, 0x0000000088b00000| Untracked 
| 139|0x0000000088b00000, 0x0000000088c00000, 0x0000000088c00000|100%| O|  |TAMS 0x0000000088b00000, 0x0000000088c00000| Untracked 
| 140|0x0000000088c00000, 0x0000000088d00000, 0x0000000088d00000|100%| O|  |TAMS 0x0000000088c00000, 0x0000000088d00000| Untracked 
| 141|0x0000000088d00000, 0x0000000088e00000, 0x0000000088e00000|100%| O|  |TAMS 0x0000000088d00000, 0x0000000088e00000| Untracked 
| 142|0x0000000088e00000, 0x0000000088f00000, 0x0000000088f00000|100%| O|  |TAMS 0x0000000088e00000, 0x0000000088f00000| Untracked 
| 143|0x0000000088f00000, 0x0000000089000000, 0x0000000089000000|100%| O|  |TAMS 0x0000000088f00000, 0x0000000089000000| Untracked 
| 144|0x0000000089000000, 0x0000000089100000, 0x0000000089100000|100%| O|  |TAMS 0x0000000089000000, 0x0000000089100000| Untracked 
| 145|0x0000000089100000, 0x0000000089200000, 0x0000000089200000|100%| O|  |TAMS 0x0000000089100000, 0x0000000089200000| Untracked 
| 146|0x0000000089200000, 0x0000000089300000, 0x0000000089300000|100%| O|  |TAMS 0x0000000089200000, 0x0000000089300000| Untracked 
| 147|0x0000000089300000, 0x0000000089400000, 0x0000000089400000|100%| O|  |TAMS 0x0000000089300000, 0x0000000089400000| Untracked 
| 148|0x0000000089400000, 0x0000000089500000, 0x0000000089500000|100%| O|  |TAMS 0x0000000089400000, 0x0000000089500000| Untracked 
| 149|0x0000000089500000, 0x0000000089600000, 0x0000000089600000|100%| O|  |TAMS 0x0000000089500000, 0x0000000089600000| Untracked 
| 150|0x0000000089600000, 0x0000000089700000, 0x0000000089700000|100%| O|  |TAMS 0x0000000089600000, 0x0000000089700000| Untracked 
| 151|0x0000000089700000, 0x0000000089800000, 0x0000000089800000|100%| O|  |TAMS 0x0000000089700000, 0x0000000089800000| Untracked 
| 152|0x0000000089800000, 0x0000000089900000, 0x0000000089900000|100%| O|  |TAMS 0x0000000089800000, 0x0000000089900000| Untracked 
| 153|0x0000000089900000, 0x0000000089a00000, 0x0000000089a00000|100%| O|  |TAMS 0x0000000089900000, 0x0000000089a00000| Untracked 
| 154|0x0000000089a00000, 0x0000000089b00000, 0x0000000089b00000|100%| O|  |TAMS 0x0000000089a00000, 0x0000000089b00000| Untracked 
| 155|0x0000000089b00000, 0x0000000089c00000, 0x0000000089c00000|100%| O|  |TAMS 0x0000000089b00000, 0x0000000089c00000| Untracked 
| 156|0x0000000089c00000, 0x0000000089d00000, 0x0000000089d00000|100%| O|  |TAMS 0x0000000089c00000, 0x0000000089d00000| Untracked 
| 157|0x0000000089d00000, 0x0000000089e00000, 0x0000000089e00000|100%| O|  |TAMS 0x0000000089d00000, 0x0000000089e00000| Untracked 
| 158|0x0000000089e00000, 0x0000000089f00000, 0x0000000089f00000|100%| O|  |TAMS 0x0000000089e00000, 0x0000000089f00000| Untracked 
| 159|0x0000000089f00000, 0x000000008a000000, 0x000000008a000000|100%| O|  |TAMS 0x0000000089f00000, 0x000000008a000000| Untracked 
| 160|0x000000008a000000, 0x000000008a100000, 0x000000008a100000|100%| O|  |TAMS 0x000000008a000000, 0x000000008a100000| Untracked 
| 161|0x000000008a100000, 0x000000008a200000, 0x000000008a200000|100%| O|  |TAMS 0x000000008a100000, 0x000000008a200000| Untracked 
| 162|0x000000008a200000, 0x000000008a300000, 0x000000008a300000|100%| O|  |TAMS 0x000000008a200000, 0x000000008a300000| Untracked 
| 163|0x000000008a300000, 0x000000008a400000, 0x000000008a400000|100%| O|  |TAMS 0x000000008a300000, 0x000000008a400000| Untracked 
| 164|0x000000008a400000, 0x000000008a500000, 0x000000008a500000|100%| O|  |TAMS 0x000000008a400000, 0x000000008a500000| Untracked 
| 165|0x000000008a500000, 0x000000008a600000, 0x000000008a600000|100%| O|  |TAMS 0x000000008a500000, 0x000000008a600000| Untracked 
| 166|0x000000008a600000, 0x000000008a700000, 0x000000008a700000|100%| O|  |TAMS 0x000000008a600000, 0x000000008a700000| Untracked 
| 167|0x000000008a700000, 0x000000008a800000, 0x000000008a800000|100%| O|  |TAMS 0x000000008a700000, 0x000000008a800000| Untracked 
| 168|0x000000008a800000, 0x000000008a900000, 0x000000008a900000|100%| O|  |TAMS 0x000000008a800000, 0x000000008a900000| Untracked 
| 169|0x000000008a900000, 0x000000008aa00000, 0x000000008aa00000|100%| O|  |TAMS 0x000000008a900000, 0x000000008aa00000| Untracked 
| 170|0x000000008aa00000, 0x000000008aa00000, 0x000000008ab00000|  0%| F|  |TAMS 0x000000008aa00000, 0x000000008aa00000| Untracked 
| 171|0x000000008ab00000, 0x000000008ab00000, 0x000000008ac00000|  0%| F|  |TAMS 0x000000008ab00000, 0x000000008ab00000| Untracked 
| 172|0x000000008ac00000, 0x000000008ac00000, 0x000000008ad00000|  0%| F|  |TAMS 0x000000008ac00000, 0x000000008ac00000| Untracked 
| 173|0x000000008ad00000, 0x000000008ad00000, 0x000000008ae00000|  0%| F|  |TAMS 0x000000008ad00000, 0x000000008ad00000| Untracked 
| 174|0x000000008ae00000, 0x000000008ae00000, 0x000000008af00000|  0%| F|  |TAMS 0x000000008ae00000, 0x000000008ae00000| Untracked 
| 175|0x000000008af00000, 0x000000008af00000, 0x000000008b000000|  0%| F|  |TAMS 0x000000008af00000, 0x000000008af00000| Untracked 
| 176|0x000000008b000000, 0x000000008b000000, 0x000000008b100000|  0%| F|  |TAMS 0x000000008b000000, 0x000000008b000000| Untracked 
| 177|0x000000008b100000, 0x000000008b100000, 0x000000008b200000|  0%| F|  |TAMS 0x000000008b100000, 0x000000008b100000| Untracked 
| 178|0x000000008b200000, 0x000000008b200000, 0x000000008b300000|  0%| F|  |TAMS 0x000000008b200000, 0x000000008b200000| Untracked 
| 179|0x000000008b300000, 0x000000008b300000, 0x000000008b400000|  0%| F|  |TAMS 0x000000008b300000, 0x000000008b300000| Untracked 
| 180|0x000000008b400000, 0x000000008b400000, 0x000000008b500000|  0%| F|  |TAMS 0x000000008b400000, 0x000000008b400000| Untracked 
| 181|0x000000008b500000, 0x000000008b500000, 0x000000008b600000|  0%| F|  |TAMS 0x000000008b500000, 0x000000008b500000| Untracked 
| 182|0x000000008b600000, 0x000000008b600000, 0x000000008b700000|  0%| F|  |TAMS 0x000000008b600000, 0x000000008b600000| Untracked 
| 183|0x000000008b700000, 0x000000008b700000, 0x000000008b800000|  0%| F|  |TAMS 0x000000008b700000, 0x000000008b700000| Untracked 
| 184|0x000000008b800000, 0x000000008b800000, 0x000000008b900000|  0%| F|  |TAMS 0x000000008b800000, 0x000000008b800000| Untracked 
| 185|0x000000008b900000, 0x000000008b900000, 0x000000008ba00000|  0%| F|  |TAMS 0x000000008b900000, 0x000000008b900000| Untracked 
| 186|0x000000008ba00000, 0x000000008ba00000, 0x000000008bb00000|  0%| F|  |TAMS 0x000000008ba00000, 0x000000008ba00000| Untracked 
| 187|0x000000008bb00000, 0x000000008bb00000, 0x000000008bc00000|  0%| F|  |TAMS 0x000000008bb00000, 0x000000008bb00000| Untracked 
| 188|0x000000008bc00000, 0x000000008bc00000, 0x000000008bd00000|  0%| F|  |TAMS 0x000000008bc00000, 0x000000008bc00000| Untracked 
| 189|0x000000008bd00000, 0x000000008bd00000, 0x000000008be00000|  0%| F|  |TAMS 0x000000008bd00000, 0x000000008bd00000| Untracked 
| 190|0x000000008be00000, 0x000000008be00000, 0x000000008bf00000|  0%| F|  |TAMS 0x000000008be00000, 0x000000008be00000| Untracked 
| 191|0x000000008bf00000, 0x000000008bf00000, 0x000000008c000000|  0%| F|  |TAMS 0x000000008bf00000, 0x000000008bf00000| Untracked 
| 192|0x000000008c000000, 0x000000008c000000, 0x000000008c100000|  0%| F|  |TAMS 0x000000008c000000, 0x000000008c000000| Untracked 
| 193|0x000000008c100000, 0x000000008c100000, 0x000000008c200000|  0%| F|  |TAMS 0x000000008c100000, 0x000000008c100000| Untracked 
| 194|0x000000008c200000, 0x000000008c200000, 0x000000008c300000|  0%| F|  |TAMS 0x000000008c200000, 0x000000008c200000| Untracked 
| 195|0x000000008c300000, 0x000000008c300000, 0x000000008c400000|  0%| F|  |TAMS 0x000000008c300000, 0x000000008c300000| Untracked 
| 196|0x000000008c400000, 0x000000008c400000, 0x000000008c500000|  0%| F|  |TAMS 0x000000008c400000, 0x000000008c400000| Untracked 
| 197|0x000000008c500000, 0x000000008c500000, 0x000000008c600000|  0%| F|  |TAMS 0x000000008c500000, 0x000000008c500000| Untracked 
| 198|0x000000008c600000, 0x000000008c600000, 0x000000008c700000|  0%| F|  |TAMS 0x000000008c600000, 0x000000008c600000| Untracked 
| 199|0x000000008c700000, 0x000000008c700000, 0x000000008c800000|  0%| F|  |TAMS 0x000000008c700000, 0x000000008c700000| Untracked 
| 200|0x000000008c800000, 0x000000008c800000, 0x000000008c900000|  0%| F|  |TAMS 0x000000008c800000, 0x000000008c800000| Untracked 
| 201|0x000000008c900000, 0x000000008c900000, 0x000000008ca00000|  0%| F|  |TAMS 0x000000008c900000, 0x000000008c900000| Untracked 
| 202|0x000000008ca00000, 0x000000008ca00000, 0x000000008cb00000|  0%| F|  |TAMS 0x000000008ca00000, 0x000000008ca00000| Untracked 
| 203|0x000000008cb00000, 0x000000008cb00000, 0x000000008cc00000|  0%| F|  |TAMS 0x000000008cb00000, 0x000000008cb00000| Untracked 
| 204|0x000000008cc00000, 0x000000008cc00000, 0x000000008cd00000|  0%| F|  |TAMS 0x000000008cc00000, 0x000000008cc00000| Untracked 
| 205|0x000000008cd00000, 0x000000008cd00000, 0x000000008ce00000|  0%| F|  |TAMS 0x000000008cd00000, 0x000000008cd00000| Untracked 
| 206|0x000000008ce00000, 0x000000008ce00000, 0x000000008cf00000|  0%| F|  |TAMS 0x000000008ce00000, 0x000000008ce00000| Untracked 
| 207|0x000000008cf00000, 0x000000008cf00000, 0x000000008d000000|  0%| F|  |TAMS 0x000000008cf00000, 0x000000008cf00000| Untracked 
| 208|0x000000008d000000, 0x000000008d000000, 0x000000008d100000|  0%| F|  |TAMS 0x000000008d000000, 0x000000008d000000| Untracked 
| 209|0x000000008d100000, 0x000000008d100000, 0x000000008d200000|  0%| F|  |TAMS 0x000000008d100000, 0x000000008d100000| Untracked 
| 210|0x000000008d200000, 0x000000008d200000, 0x000000008d300000|  0%| F|  |TAMS 0x000000008d200000, 0x000000008d200000| Untracked 
| 211|0x000000008d300000, 0x000000008d300000, 0x000000008d400000|  0%| F|  |TAMS 0x000000008d300000, 0x000000008d300000| Untracked 
| 212|0x000000008d400000, 0x000000008d400000, 0x000000008d500000|  0%| F|  |TAMS 0x000000008d400000, 0x000000008d400000| Untracked 
| 213|0x000000008d500000, 0x000000008d500000, 0x000000008d600000|  0%| F|  |TAMS 0x000000008d500000, 0x000000008d500000| Untracked 
| 214|0x000000008d600000, 0x000000008d600000, 0x000000008d700000|  0%| F|  |TAMS 0x000000008d600000, 0x000000008d600000| Untracked 
| 215|0x000000008d700000, 0x000000008d700000, 0x000000008d800000|  0%| F|  |TAMS 0x000000008d700000, 0x000000008d700000| Untracked 
| 216|0x000000008d800000, 0x000000008d800000, 0x000000008d900000|  0%| F|  |TAMS 0x000000008d800000, 0x000000008d800000| Untracked 
| 217|0x000000008d900000, 0x000000008da00000, 0x000000008da00000|100%| S|CS|TAMS 0x000000008d900000, 0x000000008d900000| Complete 
| 218|0x000000008da00000, 0x000000008db00000, 0x000000008db00000|100%| S|CS|TAMS 0x000000008da00000, 0x000000008da00000| Complete 
| 219|0x000000008db00000, 0x000000008dc00000, 0x000000008dc00000|100%| S|CS|TAMS 0x000000008db00000, 0x000000008db00000| Complete 
| 220|0x000000008dc00000, 0x000000008dd00000, 0x000000008dd00000|100%| S|CS|TAMS 0x000000008dc00000, 0x000000008dc00000| Complete 
| 221|0x000000008dd00000, 0x000000008de00000, 0x000000008de00000|100%| S|CS|TAMS 0x000000008dd00000, 0x000000008dd00000| Complete 
| 222|0x000000008de00000, 0x000000008df00000, 0x000000008df00000|100%| S|CS|TAMS 0x000000008de00000, 0x000000008de00000| Complete 
| 223|0x000000008df00000, 0x000000008df00000, 0x000000008e000000|  0%| F|  |TAMS 0x000000008df00000, 0x000000008df00000| Untracked 
| 224|0x000000008e000000, 0x000000008e000000, 0x000000008e100000|  0%| F|  |TAMS 0x000000008e000000, 0x000000008e000000| Untracked 
| 225|0x000000008e100000, 0x000000008e100000, 0x000000008e200000|  0%| F|  |TAMS 0x000000008e100000, 0x000000008e100000| Untracked 
| 226|0x000000008e200000, 0x000000008e200000, 0x000000008e300000|  0%| F|  |TAMS 0x000000008e200000, 0x000000008e200000| Untracked 
| 227|0x000000008e300000, 0x000000008e300000, 0x000000008e400000|  0%| F|  |TAMS 0x000000008e300000, 0x000000008e300000| Untracked 
| 228|0x000000008e400000, 0x000000008e400000, 0x000000008e500000|  0%| F|  |TAMS 0x000000008e400000, 0x000000008e400000| Untracked 
| 229|0x000000008e500000, 0x000000008e500000, 0x000000008e600000|  0%| F|  |TAMS 0x000000008e500000, 0x000000008e500000| Untracked 
| 230|0x000000008e600000, 0x000000008e600000, 0x000000008e700000|  0%| F|  |TAMS 0x000000008e600000, 0x000000008e600000| Untracked 
| 231|0x000000008e700000, 0x000000008e700000, 0x000000008e800000|  0%| F|  |TAMS 0x000000008e700000, 0x000000008e700000| Untracked 
| 232|0x000000008e800000, 0x000000008e800000, 0x000000008e900000|  0%| F|  |TAMS 0x000000008e800000, 0x000000008e800000| Untracked 
| 233|0x000000008e900000, 0x000000008e900000, 0x000000008ea00000|  0%| F|  |TAMS 0x000000008e900000, 0x000000008e900000| Untracked 
| 234|0x000000008ea00000, 0x000000008ea00000, 0x000000008eb00000|  0%| F|  |TAMS 0x000000008ea00000, 0x000000008ea00000| Untracked 
| 235|0x000000008eb00000, 0x000000008eb00000, 0x000000008ec00000|  0%| F|  |TAMS 0x000000008eb00000, 0x000000008eb00000| Untracked 
| 236|0x000000008ec00000, 0x000000008ec00000, 0x000000008ed00000|  0%| F|  |TAMS 0x000000008ec00000, 0x000000008ec00000| Untracked 
| 237|0x000000008ed00000, 0x000000008ed00000, 0x000000008ee00000|  0%| F|  |TAMS 0x000000008ed00000, 0x000000008ed00000| Untracked 
| 238|0x000000008ee00000, 0x000000008ee00000, 0x000000008ef00000|  0%| F|  |TAMS 0x000000008ee00000, 0x000000008ee00000| Untracked 
| 239|0x000000008ef00000, 0x000000008ef00000, 0x000000008f000000|  0%| F|  |TAMS 0x000000008ef00000, 0x000000008ef00000| Untracked 
| 240|0x000000008f000000, 0x000000008f000000, 0x000000008f100000|  0%| F|  |TAMS 0x000000008f000000, 0x000000008f000000| Untracked 
| 241|0x000000008f100000, 0x000000008f100000, 0x000000008f200000|  0%| F|  |TAMS 0x000000008f100000, 0x000000008f100000| Untracked 
| 242|0x000000008f200000, 0x000000008f200000, 0x000000008f300000|  0%| F|  |TAMS 0x000000008f200000, 0x000000008f200000| Untracked 
| 243|0x000000008f300000, 0x000000008f300000, 0x000000008f400000|  0%| F|  |TAMS 0x000000008f300000, 0x000000008f300000| Untracked 
| 244|0x000000008f400000, 0x000000008f400000, 0x000000008f500000|  0%| F|  |TAMS 0x000000008f400000, 0x000000008f400000| Untracked 
| 245|0x000000008f500000, 0x000000008f500000, 0x000000008f600000|  0%| F|  |TAMS 0x000000008f500000, 0x000000008f500000| Untracked 
| 246|0x000000008f600000, 0x000000008f600000, 0x000000008f700000|  0%| F|  |TAMS 0x000000008f600000, 0x000000008f600000| Untracked 
| 247|0x000000008f700000, 0x000000008f700000, 0x000000008f800000|  0%| F|  |TAMS 0x000000008f700000, 0x000000008f700000| Untracked 
| 248|0x000000008f800000, 0x000000008f800000, 0x000000008f900000|  0%| F|  |TAMS 0x000000008f800000, 0x000000008f800000| Untracked 
| 249|0x000000008f900000, 0x000000008f900000, 0x000000008fa00000|  0%| F|  |TAMS 0x000000008f900000, 0x000000008f900000| Untracked 
| 250|0x000000008fa00000, 0x000000008fa00000, 0x000000008fb00000|  0%| F|  |TAMS 0x000000008fa00000, 0x000000008fa00000| Untracked 
| 251|0x000000008fb00000, 0x000000008fb00000, 0x000000008fc00000|  0%| F|  |TAMS 0x000000008fb00000, 0x000000008fb00000| Untracked 
| 252|0x000000008fc00000, 0x000000008fc00000, 0x000000008fd00000|  0%| F|  |TAMS 0x000000008fc00000, 0x000000008fc00000| Untracked 
| 253|0x000000008fd00000, 0x000000008fd00000, 0x000000008fe00000|  0%| F|  |TAMS 0x000000008fd00000, 0x000000008fd00000| Untracked 
| 254|0x000000008fe00000, 0x000000008fe00000, 0x000000008ff00000|  0%| F|  |TAMS 0x000000008fe00000, 0x000000008fe00000| Untracked 
| 255|0x000000008ff00000, 0x000000008ff00000, 0x0000000090000000|  0%| F|  |TAMS 0x000000008ff00000, 0x000000008ff00000| Untracked 
| 256|0x0000000090000000, 0x0000000090000000, 0x0000000090100000|  0%| F|  |TAMS 0x0000000090000000, 0x0000000090000000| Untracked 
| 257|0x0000000090100000, 0x0000000090100000, 0x0000000090200000|  0%| F|  |TAMS 0x0000000090100000, 0x0000000090100000| Untracked 
| 258|0x0000000090200000, 0x0000000090200000, 0x0000000090300000|  0%| F|  |TAMS 0x0000000090200000, 0x0000000090200000| Untracked 
| 259|0x0000000090300000, 0x0000000090300000, 0x0000000090400000|  0%| F|  |TAMS 0x0000000090300000, 0x0000000090300000| Untracked 
| 260|0x0000000090400000, 0x0000000090400000, 0x0000000090500000|  0%| F|  |TAMS 0x0000000090400000, 0x0000000090400000| Untracked 
| 261|0x0000000090500000, 0x0000000090500000, 0x0000000090600000|  0%| F|  |TAMS 0x0000000090500000, 0x0000000090500000| Untracked 
| 262|0x0000000090600000, 0x0000000090600000, 0x0000000090700000|  0%| F|  |TAMS 0x0000000090600000, 0x0000000090600000| Untracked 
| 263|0x0000000090700000, 0x0000000090700000, 0x0000000090800000|  0%| F|  |TAMS 0x0000000090700000, 0x0000000090700000| Untracked 

Card table byte_map: [0x000001e8d6200000,0x000001e8d6600000] _byte_map_base: 0x000001e8d5e00000

Marking Bits (Prev, Next): (CMBitMap*) 0x000001e8c28cc760, (CMBitMap*) 0x000001e8c28cc728
 Prev Bits: [0x000001e8d8a00000, 0x000001e8daa00000)
 Next Bits: [0x000001e8d6a00000, 0x000001e8d8a00000)

Polling page: 0x000001e8c1040000

Metaspace:

Usage:
  Non-class:     94.06 MB capacity,    92.19 MB ( 98%) used,     1.52 MB (  2%) free+waste,   367.88 KB ( <1%) overhead. 
      Class:     14.71 MB capacity,    13.59 MB ( 92%) used,   981.13 KB (  7%) free+waste,   163.38 KB (  1%) overhead. 
       Both:    108.77 MB capacity,   105.78 MB ( 97%) used,     2.47 MB (  2%) free+waste,   531.25 KB ( <1%) overhead. 

Virtual space:
  Non-class space:       96.00 MB reserved,      94.25 MB ( 98%) committed 
      Class space:        1.00 GB reserved,      14.74 MB (  1%) committed 
             Both:        1.09 GB reserved,     108.99 MB ( 10%) committed 

Chunk freelists:
   Non-Class:  2.00 KB
       Class:  0 bytes
        Both:  2.00 KB

MaxMetaspaceSize: 17179869184.00 GB
CompressedClassSpaceSize: 1.00 GB
Initial GC threshold: 20.80 MB
Current GC threshold: 180.61 MB
CDS: off

CodeHeap 'non-profiled nmethods': size=120000Kb used=10107Kb max_used=10107Kb free=109892Kb
 bounds [0x000001e8cde70000, 0x000001e8ce850000, 0x000001e8d53a0000]
CodeHeap 'profiled nmethods': size=120000Kb used=36440Kb max_used=36440Kb free=83559Kb
 bounds [0x000001e8c6940000, 0x000001e8c8ce0000, 0x000001e8cde70000]
CodeHeap 'non-nmethods': size=5760Kb used=2429Kb max_used=2499Kb free=3330Kb
 bounds [0x000001e8c63a0000, 0x000001e8c6620000, 0x000001e8c6940000]
 total_blobs=17431 nmethods=16492 adapters=850
 compilation: enabled
              stopped_count=0, restarted_count=0
 full_count=0

Compilation events (20 events):
Event: 16.210 Thread 0x000001e8dde63000 16758       2       com.android.tools.r8.graph.i3::c (112 bytes)
Event: 16.211 Thread 0x000001e8dde63000 nmethod 16758 0x000001e8c8cd2e10 code [0x000001e8c8cd3080, 0x000001e8c8cd3748]
Event: 16.211 Thread 0x000001e8dde63000 16759       2       com.android.tools.r8.graph.i3::a (88 bytes)
Event: 16.211 Thread 0x000001e8dde63000 nmethod 16759 0x000001e8c8cd3c10 code [0x000001e8c8cd3e20, 0x000001e8c8cd42e8]
Event: 16.211 Thread 0x000001e8dde63000 16764       2       com.android.tools.r8.graph.Y0::a (54 bytes)
Event: 16.211 Thread 0x000001e8dde63000 nmethod 16764 0x000001e8c8cd4590 code [0x000001e8c8cd4740, 0x000001e8c8cd4878]
Event: 16.211 Thread 0x000001e8dde63000 16763       2       com.android.tools.r8.graph.K2::b (30 bytes)
Event: 16.211 Thread 0x000001e8dde63000 nmethod 16763 0x000001e8c8cd4910 code [0x000001e8c8cd4ac0, 0x000001e8c8cd4be8]
Event: 16.212 Thread 0x000001e8dde63000 16765       1       com.android.tools.r8.graph.v1::b (5 bytes)
Event: 16.212 Thread 0x000001e8dde63000 nmethod 16765 0x000001e8ce84d310 code [0x000001e8ce84d4c0, 0x000001e8ce84d578]
Event: 16.214 Thread 0x000001e8dde63000 16766       2       com.android.tools.r8.graph.M2::c (7 bytes)
Event: 16.214 Thread 0x000001e8dde63000 nmethod 16766 0x000001e8c8cd4c90 code [0x000001e8c8cd4e40, 0x000001e8c8cd4fd8]
Event: 16.214 Thread 0x000001e8dde63000 16767       2       com.android.tools.r8.graph.M2$$Lambda$1233/0x0000000100d03440::get$Lambda (9 bytes)
Event: 16.214 Thread 0x000001e8dde63000 nmethod 16767 0x000001e8c8cd5110 code [0x000001e8c8cd52c0, 0x000001e8c8cd5438]
Event: 16.214 Thread 0x000001e8dde63000 16768       2       com.android.tools.r8.graph.M2$$Lambda$1233/0x0000000100d03440::iterator (8 bytes)
Event: 16.215 Thread 0x000001e8dde63000 nmethod 16768 0x000001e8c8cd5510 code [0x000001e8c8cd5700, 0x000001e8c8cd5ac8]
Event: 16.216 Thread 0x000001e8dde63000 16769       2       com.android.tools.r8.graph.M2::d (52 bytes)
Event: 16.216 Thread 0x000001e8dde63000 nmethod 16769 0x000001e8c8cd5c90 code [0x000001e8c8cd5e80, 0x000001e8c8cd6168]
Event: 16.224 Thread 0x000001e8de0fc000 nmethod 16627 0x000001e8ce84d610 code [0x000001e8ce84d860, 0x000001e8ce84e510]
Event: 16.224 Thread 0x000001e8de0fc000 16680       4       com.android.tools.r8.internal.bc::a (80 bytes)

GC Heap History (20 events):
Event: 14.167 GC heap after
{Heap after GC invocations=34 (full 0):
 garbage-first heap   total 225280K, used 105953K [0x0000000080000000, 0x0000000100000000)
  region size 1024K, 3 young (3072K), 3 survivors (3072K)
 Metaspace       used 103925K, capacity 106512K, committed 107000K, reserved 1142784K
  class space    used 13406K, capacity 14369K, committed 14584K, reserved 1048576K
}
Event: 14.475 GC heap before
{Heap before GC invocations=34 (full 0):
 garbage-first heap   total 225280K, used 192993K [0x0000000080000000, 0x0000000100000000)
  region size 1024K, 88 young (90112K), 3 survivors (3072K)
 Metaspace       used 103930K, capacity 106516K, committed 107000K, reserved 1142784K
  class space    used 13407K, capacity 14370K, committed 14584K, reserved 1048576K
}
Event: 14.478 GC heap after
{Heap after GC invocations=35 (full 0):
 garbage-first heap   total 225280K, used 106510K [0x0000000080000000, 0x0000000100000000)
  region size 1024K, 4 young (4096K), 4 survivors (4096K)
 Metaspace       used 103930K, capacity 106516K, committed 107000K, reserved 1142784K
  class space    used 13407K, capacity 14370K, committed 14584K, reserved 1048576K
}
Event: 14.826 GC heap before
{Heap before GC invocations=36 (full 0):
 garbage-first heap   total 225280K, used 193550K [0x0000000080000000, 0x0000000100000000)
  region size 1024K, 89 young (91136K), 4 survivors (4096K)
 Metaspace       used 104208K, capacity 106869K, committed 107256K, reserved 1142784K
  class space    used 13450K, capacity 14442K, committed 14584K, reserved 1048576K
}
Event: 14.832 GC heap after
{Heap after GC invocations=37 (full 0):
 garbage-first heap   total 225280K, used 106962K [0x0000000080000000, 0x0000000100000000)
  region size 1024K, 4 young (4096K), 4 survivors (4096K)
 Metaspace       used 104208K, capacity 106869K, committed 107256K, reserved 1142784K
  class space    used 13450K, capacity 14442K, committed 14584K, reserved 1048576K
}
Event: 14.905 GC heap before
{Heap before GC invocations=37 (full 0):
 garbage-first heap   total 225280K, used 114130K [0x0000000080000000, 0x0000000100000000)
  region size 1024K, 11 young (11264K), 4 survivors (4096K)
 Metaspace       used 104736K, capacity 107439K, committed 107768K, reserved 1142784K
  class space    used 13515K, capacity 14524K, committed 14584K, reserved 1048576K
}
Event: 14.910 GC heap after
{Heap after GC invocations=38 (full 0):
 garbage-first heap   total 225280K, used 107142K [0x0000000080000000, 0x0000000100000000)
  region size 1024K, 2 young (2048K), 2 survivors (2048K)
 Metaspace       used 104736K, capacity 107439K, committed 107768K, reserved 1142784K
  class space    used 13515K, capacity 14524K, committed 14584K, reserved 1048576K
}
Event: 15.070 GC heap before
{Heap before GC invocations=38 (full 0):
 garbage-first heap   total 225280K, used 122502K [0x0000000080000000, 0x0000000100000000)
  region size 1024K, 18 young (18432K), 2 survivors (2048K)
 Metaspace       used 105338K, capacity 108007K, committed 108152K, reserved 1142784K
  class space    used 13577K, capacity 14597K, committed 14712K, reserved 1048576K
}
Event: 15.076 GC heap after
{Heap after GC invocations=39 (full 0):
 garbage-first heap   total 225280K, used 108632K [0x0000000080000000, 0x0000000100000000)
  region size 1024K, 4 young (4096K), 4 survivors (4096K)
 Metaspace       used 105338K, capacity 108007K, committed 108152K, reserved 1142784K
  class space    used 13577K, capacity 14597K, committed 14712K, reserved 1048576K
}
Event: 15.493 GC heap before
{Heap before GC invocations=40 (full 0):
 garbage-first heap   total 225280K, used 197720K [0x0000000080000000, 0x0000000100000000)
  region size 1024K, 71 young (72704K), 4 survivors (4096K)
 Metaspace       used 106765K, capacity 109594K, committed 109944K, reserved 1144832K
  class space    used 13749K, capacity 14840K, committed 14968K, reserved 1048576K
}
Event: 15.500 GC heap after
{Heap after GC invocations=41 (full 0):
 garbage-first heap   total 225280K, used 131219K [0x0000000080000000, 0x0000000100000000)
  region size 1024K, 9 young (9216K), 9 survivors (9216K)
 Metaspace       used 106765K, capacity 109594K, committed 109944K, reserved 1144832K
  class space    used 13749K, capacity 14840K, committed 14968K, reserved 1048576K
}
Event: 15.510 GC heap before
{Heap before GC invocations=41 (full 0):
 garbage-first heap   total 225280K, used 133267K [0x0000000080000000, 0x0000000100000000)
  region size 1024K, 11 young (11264K), 9 survivors (9216K)
 Metaspace       used 106809K, capacity 109667K, committed 109944K, reserved 1144832K
  class space    used 13751K, capacity 14842K, committed 14968K, reserved 1048576K
}
Event: 15.517 GC heap after
{Heap after GC invocations=42 (full 0):
 garbage-first heap   total 270336K, used 128753K [0x0000000080000000, 0x0000000100000000)
  region size 1024K, 1 young (1024K), 1 survivors (1024K)
 Metaspace       used 106809K, capacity 109667K, committed 109944K, reserved 1144832K
  class space    used 13751K, capacity 14842K, committed 14968K, reserved 1048576K
}
Event: 15.657 GC heap before
{Heap before GC invocations=42 (full 0):
 garbage-first heap   total 270336K, used 167665K [0x0000000080000000, 0x0000000100000000)
  region size 1024K, 41 young (41984K), 1 survivors (1024K)
 Metaspace       used 107298K, capacity 110235K, committed 110456K, reserved 1144832K
  class space    used 13791K, capacity 14851K, committed 14968K, reserved 1048576K
}
Event: 15.672 GC heap after
{Heap after GC invocations=43 (full 0):
 garbage-first heap   total 270336K, used 140492K [0x0000000080000000, 0x0000000100000000)
  region size 1024K, 10 young (10240K), 10 survivors (10240K)
 Metaspace       used 107298K, capacity 110235K, committed 110456K, reserved 1144832K
  class space    used 13791K, capacity 14851K, committed 14968K, reserved 1048576K
}
Event: 15.950 GC heap before
{Heap before GC invocations=44 (full 0):
 garbage-first heap   total 270336K, used 202956K [0x0000000080000000, 0x0000000100000000)
  region size 1024K, 71 young (72704K), 10 survivors (10240K)
 Metaspace       used 107892K, capacity 110779K, committed 111096K, reserved 1144832K
  class space    used 13848K, capacity 14946K, committed 15096K, reserved 1048576K
}
Event: 15.981 GC heap after
{Heap after GC invocations=45 (full 0):
 garbage-first heap   total 270336K, used 171525K [0x0000000080000000, 0x0000000100000000)
  region size 1024K, 9 young (9216K), 9 survivors (9216K)
 Metaspace       used 107892K, capacity 110779K, committed 111096K, reserved 1144832K
  class space    used 13848K, capacity 14946K, committed 15096K, reserved 1048576K
}
Event: 15.998 GC heap before
{Heap before GC invocations=45 (full 0):
 garbage-first heap   total 270336K, used 174597K [0x0000000080000000, 0x0000000100000000)
  region size 1024K, 13 young (13312K), 9 survivors (9216K)
 Metaspace       used 107895K, capacity 110843K, committed 111096K, reserved 1144832K
  class space    used 13848K, capacity 14946K, committed 15096K, reserved 1048576K
}
Event: 16.011 GC heap after
{Heap after GC invocations=46 (full 0):
 garbage-first heap   total 270336K, used 168960K [0x0000000080000000, 0x0000000100000000)
  region size 1024K, 2 young (2048K), 2 survivors (2048K)
 Metaspace       used 107895K, capacity 110843K, committed 111096K, reserved 1144832K
  class space    used 13848K, capacity 14946K, committed 15096K, reserved 1048576K
}
Event: 16.230 GC heap before
{Heap before GC invocations=46 (full 0):
 garbage-first heap   total 270336K, used 208896K [0x0000000080000000, 0x0000000100000000)
  region size 1024K, 41 young (41984K), 2 survivors (2048K)
 Metaspace       used 108314K, capacity 111379K, committed 111608K, reserved 1146880K
  class space    used 13916K, capacity 15061K, committed 15096K, reserved 1048576K
}

Deoptimization events (20 events):
Event: 16.187 Thread 0x000001e8e8da3800 Uncommon trap: trap_request=0xffffff7e fr.pc=0x000001e8ce830064 relative=0x0000000000000464
Event: 16.187 Thread 0x000001e8e8da3800 Uncommon trap: reason=predicate action=maybe_recompile pc=0x000001e8ce830064 method=com.android.tools.r8.internal.bc.a(Ljava/util/Iterator;Ljava/util/Iterator;Lcom/android/tools/r8/internal/hV;)I @ 5 c2
Event: 16.187 Thread 0x000001e8e8da3800 DEOPT PACKING pc=0x000001e8ce830064 sp=0x000000e264bfd4e0
Event: 16.187 Thread 0x000001e8e8da3800 DEOPT UNPACKING pc=0x000001e8c63a85af sp=0x000000e264bfd488 mode 2
Event: 16.187 Thread 0x000001e8e8da3800 Uncommon trap: trap_request=0xffffffc6 fr.pc=0x000001e8ce5c9aa0 relative=0x00000000000002c0
Event: 16.187 Thread 0x000001e8e8da3800 Uncommon trap: reason=bimorphic_or_optimized_type_check action=maybe_recompile pc=0x000001e8ce5c9aa0 method=com.android.tools.r8.internal.ac.a(Ljava/util/function/Predicate;Ljava/util/function/Function;Lcom/android/tools/r8/internal/hV;Lcom/android/tools/
Event: 16.187 Thread 0x000001e8e8da3800 DEOPT PACKING pc=0x000001e8ce5c9aa0 sp=0x000000e264bfd220
Event: 16.187 Thread 0x000001e8e8da3800 DEOPT UNPACKING pc=0x000001e8c63a85af sp=0x000000e264bfd1d8 mode 2
Event: 16.187 Thread 0x000001e8e8da3800 Uncommon trap: trap_request=0xffffffc6 fr.pc=0x000001e8ce5c9aa0 relative=0x00000000000002c0
Event: 16.187 Thread 0x000001e8e8da3800 Uncommon trap: reason=bimorphic_or_optimized_type_check action=maybe_recompile pc=0x000001e8ce5c9aa0 method=com.android.tools.r8.internal.ac.a(Ljava/util/function/Predicate;Ljava/util/function/Function;Lcom/android/tools/r8/internal/hV;Lcom/android/tools/
Event: 16.187 Thread 0x000001e8e8da3800 DEOPT PACKING pc=0x000001e8ce5c9aa0 sp=0x000000e264bfd220
Event: 16.187 Thread 0x000001e8e8da3800 DEOPT UNPACKING pc=0x000001e8c63a85af sp=0x000000e264bfd1d8 mode 2
Event: 16.187 Thread 0x000001e8e8da3800 Uncommon trap: trap_request=0xffffffc6 fr.pc=0x000001e8ce5c9aa0 relative=0x00000000000002c0
Event: 16.187 Thread 0x000001e8e8da3800 Uncommon trap: reason=bimorphic_or_optimized_type_check action=maybe_recompile pc=0x000001e8ce5c9aa0 method=com.android.tools.r8.internal.ac.a(Ljava/util/function/Predicate;Ljava/util/function/Function;Lcom/android/tools/r8/internal/hV;Lcom/android/tools/
Event: 16.187 Thread 0x000001e8e8da3800 DEOPT PACKING pc=0x000001e8ce5c9aa0 sp=0x000000e264bfd220
Event: 16.187 Thread 0x000001e8e8da3800 DEOPT UNPACKING pc=0x000001e8c63a85af sp=0x000000e264bfd1d8 mode 2
Event: 16.187 Thread 0x000001e8e8da3800 Uncommon trap: trap_request=0xffffffc6 fr.pc=0x000001e8ce5c9aa0 relative=0x00000000000002c0
Event: 16.187 Thread 0x000001e8e8da3800 Uncommon trap: reason=bimorphic_or_optimized_type_check action=maybe_recompile pc=0x000001e8ce5c9aa0 method=com.android.tools.r8.internal.ac.a(Ljava/util/function/Predicate;Ljava/util/function/Function;Lcom/android/tools/r8/internal/hV;Lcom/android/tools/
Event: 16.187 Thread 0x000001e8e8da3800 DEOPT PACKING pc=0x000001e8ce5c9aa0 sp=0x000000e264bfd220
Event: 16.187 Thread 0x000001e8e8da3800 DEOPT UNPACKING pc=0x000001e8c63a85af sp=0x000000e264bfd1d8 mode 2

Classes redefined (0 events):
No events

Internal exceptions (20 events):
Event: 14.846 Thread 0x000001e8e4bd6000 Exception <a 'java/lang/NoSuchMethodError'{0x000000008da11aa8}: 'void java.lang.invoke.DirectMethodHandle$Holder.invokeStatic(java.lang.Object, java.lang.Object, java.lang.Object, java.lang.Object, java.lang.Object, java.lang.Object, java.lang.Object, java.lang.Object)'> (0x000000008da11aa8) thrown at [./src/hotspot/share/interpreter/linkResolver.cpp, line 773]
Event: 14.949 Thread 0x000001e8e4bd6000 Exception <a 'java/lang/IncompatibleClassChangeError'{0x000000008d86c628}: Found class java.lang.Object, but interface was expected> (0x000000008d86c628) thrown at [./src/hotspot/share/interpreter/linkResolver.cpp, line 839]
Event: 15.085 Thread 0x000001e8e4bd6000 Exception <a 'java/lang/NoSuchMethodError'{0x000000008da3be70}: 'void java.lang.invoke.DirectMethodHandle$Holder.invokeSpecial(java.lang.Object, java.lang.Object, int)'> (0x000000008da3be70) thrown at [./src/hotspot/share/interpreter/linkResolver.cpp, line 773]
Event: 15.162 Thread 0x000001e8e4bd6000 Exception <a 'sun/nio/fs/WindowsException'{0x000000008d67fa68}> (0x000000008d67fa68) thrown at [./src/hotspot/share/prims/jni.cpp, line 615]
Event: 15.227 Thread 0x000001e8e478f000 Exception <a 'java/lang/NoSuchMethodError'{0x000000008d3ba9e0}: <clinit>> (0x000000008d3ba9e0) thrown at [./src/hotspot/share/prims/jni.cpp, line 1365]
Event: 15.367 Thread 0x000001e8e478f800 Exception <a 'java/lang/NoSuchMethodError'{0x000000008bed5ae8}: <clinit>> (0x000000008bed5ae8) thrown at [./src/hotspot/share/prims/jni.cpp, line 1365]
Event: 15.367 Thread 0x000001e8e478f800 Exception <a 'java/lang/NoSuchMethodError'{0x000000008bed70d8}: <clinit>> (0x000000008bed70d8) thrown at [./src/hotspot/share/prims/jni.cpp, line 1365]
Event: 15.368 Thread 0x000001e8e478f800 Exception <a 'java/lang/NoSuchMethodError'{0x000000008bed9cc8}: <clinit>> (0x000000008bed9cc8) thrown at [./src/hotspot/share/prims/jni.cpp, line 1365]
Event: 15.368 Thread 0x000001e8e478f800 Exception <a 'java/lang/NoSuchMethodError'{0x000000008bef0950}: <clinit>> (0x000000008bef0950) thrown at [./src/hotspot/share/prims/jni.cpp, line 1365]
Event: 15.369 Thread 0x000001e8e478f800 Exception <a 'java/lang/NoSuchMethodError'{0x000000008bef1b88}: <clinit>> (0x000000008bef1b88) thrown at [./src/hotspot/share/prims/jni.cpp, line 1365]
Event: 15.395 Thread 0x000001e8e8da3800 Exception <a 'sun/nio/fs/WindowsException'{0x000000008bb6d968}> (0x000000008bb6d968) thrown at [./src/hotspot/share/prims/jni.cpp, line 615]
Event: 15.622 Thread 0x000001e8e478f800 Exception <a 'java/lang/NoSuchMethodError'{0x000000008ea29298}: <clinit>> (0x000000008ea29298) thrown at [./src/hotspot/share/prims/jni.cpp, line 1365]
Event: 15.624 Thread 0x000001e8e478f800 Exception <a 'java/lang/NoSuchMethodError'{0x000000008e9baee0}: <clinit>> (0x000000008e9baee0) thrown at [./src/hotspot/share/prims/jni.cpp, line 1365]
Event: 15.624 Thread 0x000001e8e478f800 Exception <a 'java/lang/NoSuchMethodError'{0x000000008e9cd658}: <clinit>> (0x000000008e9cd658) thrown at [./src/hotspot/share/prims/jni.cpp, line 1365]
Event: 15.895 Thread 0x000001e8e4793000 Exception <a 'java/lang/NoSuchMethodError'{0x000000009068c7e0}: 'void java.lang.invoke.DirectMethodHandle$Holder.invokeStatic(java.lang.Object, long)'> (0x000000009068c7e0) thrown at [./src/hotspot/share/interpreter/linkResolver.cpp, line 773]
Event: 15.897 Thread 0x000001e8e4793000 Exception <a 'java/lang/NoSuchMethodError'{0x00000000906973c0}: 'java.lang.Object java.lang.invoke.DirectMethodHandle$Holder.invokeStaticInit(java.lang.Object, java.lang.Object, long, java.lang.Object)'> (0x00000000906973c0) thrown at [./src/hotspot/share/interpreter/linkResolver.cpp, line 773]
Event: 15.897 Thread 0x000001e8e4793000 Exception <a 'java/lang/NoSuchMethodError'{0x000000009069d600}: 'java.lang.Object java.lang.invoke.DirectMethodHandle$Holder.invokeStatic(java.lang.Object, java.lang.Object, long)'> (0x000000009069d600) thrown at [./src/hotspot/share/interpreter/linkResolver.cpp, line 773]
Event: 15.897 Thread 0x000001e8e4793000 Exception <a 'java/lang/NoSuchMethodError'{0x00000000906a3b78}: 'java.lang.Object java.lang.invoke.Invokers$Holder.linkToTargetMethod(java.lang.Object, long, java.lang.Object)'> (0x00000000906a3b78) thrown at [./src/hotspot/share/interpreter/linkResolver.cpp, line 773]
Event: 16.163 Thread 0x000001e8e8da3800 Exception <a 'java/lang/IncompatibleClassChangeError'{0x000000008e5b8298}: Found class java.lang.Object, but interface was expected> (0x000000008e5b8298) thrown at [./src/hotspot/share/interpreter/linkResolver.cpp, line 839]
Event: 16.177 Thread 0x000001e8e4793000 Exception <a 'java/lang/NoSuchMethodError'{0x000000008e4d3978}: 'int java.lang.invoke.DirectMethodHandle$Holder.invokeSpecialIFC(java.lang.Object, java.lang.Object, java.lang.Object)'> (0x000000008e4d3978) thrown at [./src/hotspot/share/interpreter/linkResolver.cpp, line 773]

Events (20 events):
Event: 16.192 loading class com/android/tools/r8/synthesis/d done
Event: 16.192 loading class com/android/tools/r8/synthesis/d
Event: 16.192 loading class com/android/tools/r8/synthesis/d done
Event: 16.193 loading class com/android/tools/r8/shaking/W0
Event: 16.193 loading class com/android/tools/r8/shaking/W0 done
Event: 16.193 loading class com/android/tools/r8/synthesis/k
Event: 16.193 loading class com/android/tools/r8/synthesis/k done
Event: 16.193 loading class com/android/tools/r8/shaking/W0
Event: 16.193 loading class com/android/tools/r8/shaking/W0 done
Event: 16.193 loading class com/android/tools/r8/synthesis/w
Event: 16.193 loading class com/android/tools/r8/synthesis/w done
Event: 16.193 loading class com/android/tools/r8/synthesis/A
Event: 16.193 loading class com/android/tools/r8/synthesis/A done
Event: 16.196 loading class com/android/tools/r8/graph/Y0
Event: 16.196 loading class com/android/tools/r8/graph/Y0 done
Event: 16.196 loading class com/android/tools/r8/graph/d1
Event: 16.196 loading class com/android/tools/r8/graph/d1 done
Event: 16.196 loading class com/android/tools/r8/graph/i3
Event: 16.196 loading class com/android/tools/r8/graph/i3 done
Event: 16.229 Executing VM operation: G1CollectForAllocation


Dynamic libraries:
0x00007ff7b0590000 - 0x00007ff7b059a000 	C:\Program Files\Android\Android Studio\jre\bin\java.exe
0x00007ffcff190000 - 0x00007ffcff388000 	C:\Windows\SYSTEM32\ntdll.dll
0x00007ffcfdbb0000 - 0x00007ffcfdc6d000 	C:\Windows\System32\KERNEL32.DLL
0x00007ffcfcf20000 - 0x00007ffcfd1ee000 	C:\Windows\System32\KERNELBASE.dll
0x00007ffcfcdd0000 - 0x00007ffcfced0000 	C:\Windows\System32\ucrtbase.dll
0x00007ffcf1b10000 - 0x00007ffcf1b27000 	C:\Program Files\Android\Android Studio\jre\bin\VCRUNTIME140.dll
0x00007ffcebbe0000 - 0x00007ffcebbf9000 	C:\Program Files\Android\Android Studio\jre\bin\jli.dll
0x00007ffcfddb0000 - 0x00007ffcfdf50000 	C:\Windows\System32\USER32.dll
0x00007ffcfcc00000 - 0x00007ffcfcc22000 	C:\Windows\System32\win32u.dll
0x00007ffce74c0000 - 0x00007ffce775a000 	C:\Windows\WinSxS\amd64_microsoft.windows.common-controls_6595b64144ccf1df_6.0.19041.1110_none_60b5254171f9507e\COMCTL32.dll
0x00007ffcfdd20000 - 0x00007ffcfdd4a000 	C:\Windows\System32\GDI32.dll
0x00007ffcfd9d0000 - 0x00007ffcfda6e000 	C:\Windows\System32\msvcrt.dll
0x00007ffcfcac0000 - 0x00007ffcfcbcb000 	C:\Windows\System32\gdi32full.dll
0x00007ffcfcd30000 - 0x00007ffcfcdcd000 	C:\Windows\System32\msvcp_win.dll
0x00007ffcff120000 - 0x00007ffcff150000 	C:\Windows\System32\IMM32.DLL
0x00007ffce4b40000 - 0x00007ffce4bdd000 	C:\Program Files\Android\Android Studio\jre\bin\msvcp140.dll
0x00007ffc94030000 - 0x00007ffc94b15000 	C:\Program Files\Android\Android Studio\jre\bin\server\jvm.dll
0x00007ffcfec20000 - 0x00007ffcfecce000 	C:\Windows\System32\ADVAPI32.dll
0x00007ffcfdc70000 - 0x00007ffcfdd0c000 	C:\Windows\System32\sechost.dll
0x00007ffcfed80000 - 0x00007ffcfeea5000 	C:\Windows\System32\RPCRT4.dll
0x00007ffcfe3c0000 - 0x00007ffcfe3c8000 	C:\Windows\System32\PSAPI.DLL
0x00007ffcdd860000 - 0x00007ffcdd869000 	C:\Windows\SYSTEM32\WSOCK32.dll
0x00007ffce5800000 - 0x00007ffce5827000 	C:\Windows\SYSTEM32\WINMM.dll
0x00007ffcfe500000 - 0x00007ffcfe56b000 	C:\Windows\System32\WS2_32.dll
0x00007ffcf0290000 - 0x00007ffcf029a000 	C:\Windows\SYSTEM32\VERSION.dll
0x00007ffcfb100000 - 0x00007ffcfb112000 	C:\Windows\SYSTEM32\kernel.appcore.dll
0x00007ffc97470000 - 0x00007ffc97481000 	C:\Program Files\Android\Android Studio\jre\bin\verify.dll
0x00007ffcfa490000 - 0x00007ffcfa674000 	C:\Windows\SYSTEM32\DBGHELP.DLL
0x00007ffcdf310000 - 0x00007ffcdf33c000 	C:\Windows\SYSTEM32\dbgcore.DLL
0x00007ffcfcc30000 - 0x00007ffcfccb2000 	C:\Windows\System32\bcryptPrimitives.dll
0x00007ffc964c0000 - 0x00007ffc964e9000 	C:\Program Files\Android\Android Studio\jre\bin\java.dll
0x00007ffcbf770000 - 0x00007ffcbf77b000 	C:\Program Files\Android\Android Studio\jre\bin\jimage.dll
0x00007ffc964a0000 - 0x00007ffc964b8000 	C:\Program Files\Android\Android Studio\jre\bin\zip.dll
0x00007ffcfd1f0000 - 0x00007ffcfd934000 	C:\Windows\System32\SHELL32.dll
0x00007ffcfa7a0000 - 0x00007ffcfaf34000 	C:\Windows\SYSTEM32\windows.storage.dll
0x00007ffcfe6e0000 - 0x00007ffcfea34000 	C:\Windows\System32\combase.dll
0x00007ffcfc310000 - 0x00007ffcfc340000 	C:\Windows\SYSTEM32\Wldp.dll
0x00007ffcfecd0000 - 0x00007ffcfed7d000 	C:\Windows\System32\SHCORE.dll
0x00007ffcfdd50000 - 0x00007ffcfdda5000 	C:\Windows\System32\shlwapi.dll
0x00007ffcfc7f0000 - 0x00007ffcfc80f000 	C:\Windows\SYSTEM32\profapi.dll
0x00007ffc94010000 - 0x00007ffc9402a000 	C:\Program Files\Android\Android Studio\jre\bin\net.dll
0x00007ffcf7440000 - 0x00007ffcf754a000 	C:\Windows\SYSTEM32\WINHTTP.dll
0x00007ffcfc070000 - 0x00007ffcfc0da000 	C:\Windows\system32\mswsock.dll
0x00007ffc93ff0000 - 0x00007ffc94004000 	C:\Program Files\Android\Android Studio\jre\bin\nio.dll
0x00007ffcf3560000 - 0x00007ffcf3587000 	C:\Program Files\Android\gradle-7.3.3\native\e1d6ef7f7dcc3fd88c89a11ec53ec762bb8ba0a96d01ffa2cd45eb1d1d8dd5c5\windows-amd64\native-platform.dll
0x00007ffcd6080000 - 0x00007ffcd61c4000 	C:\Program Files\Android\gradle-7.3.3\native\5664cfc778a61ccfe75a443a1ab52a65af34e5dc3c78e0209fed803814484fcb\windows-amd64\native-platform-file-events.dll
0x00007ffc97460000 - 0x00007ffc9746a000 	C:\Program Files\Android\Android Studio\jre\bin\management.dll
0x00007ffc96490000 - 0x00007ffc9649d000 	C:\Program Files\Android\Android Studio\jre\bin\management_ext.dll
0x00007ffcfc260000 - 0x00007ffcfc278000 	C:\Windows\SYSTEM32\CRYPTSP.dll
0x00007ffcfb950000 - 0x00007ffcfb984000 	C:\Windows\system32\rsaenh.dll
0x00007ffcfcbd0000 - 0x00007ffcfcbf7000 	C:\Windows\System32\bcrypt.dll
0x00007ffcfc770000 - 0x00007ffcfc79e000 	C:\Windows\SYSTEM32\USERENV.dll
0x00007ffcfc280000 - 0x00007ffcfc28c000 	C:\Windows\SYSTEM32\CRYPTBASE.dll
0x00007ffcfbd10000 - 0x00007ffcfbd4b000 	C:\Windows\SYSTEM32\IPHLPAPI.DLL
0x00007ffcfdd10000 - 0x00007ffcfdd18000 	C:\Windows\System32\NSI.dll
0x00007ffcf02a0000 - 0x00007ffcf02b7000 	C:\Windows\SYSTEM32\dhcpcsvc6.DLL
0x00007ffcf0d30000 - 0x00007ffcf0d4d000 	C:\Windows\SYSTEM32\dhcpcsvc.DLL
0x00007ffcfbd60000 - 0x00007ffcfbe2b000 	C:\Windows\SYSTEM32\DNSAPI.dll

dbghelp: loaded successfully - version: 4.0.5 - missing functions: none
symbol engine: initialized successfully - sym options: 0x614 - pdb path: .;C:\Program Files\Android\Android Studio\jre\bin;C:\Windows\SYSTEM32;C:\Windows\WinSxS\amd64_microsoft.windows.common-controls_6595b64144ccf1df_6.0.19041.1110_none_60b5254171f9507e;C:\Program Files\Android\Android Studio\jre\bin\server;C:\Program Files\Android\gradle-7.3.3\native\e1d6ef7f7dcc3fd88c89a11ec53ec762bb8ba0a96d01ffa2cd45eb1d1d8dd5c5\windows-amd64;C:\Program Files\Android\gradle-7.3.3\native\5664cfc778a61ccfe75a443a1ab52a65af34e5dc3c78e0209fed803814484fcb\windows-amd64

VM Arguments:
jvm_args: --add-opens=java.base/java.util=ALL-UNNAMED --add-opens=java.base/java.lang=ALL-UNNAMED --add-opens=java.base/java.lang.invoke=ALL-UNNAMED --add-opens=java.base/java.util=ALL-UNNAMED --add-opens=java.prefs/java.util.prefs=ALL-UNNAMED --add-opens=java.prefs/java.util.prefs=ALL-UNNAMED --add-opens=java.base/java.nio.charset=ALL-UNNAMED --add-opens=java.base/java.net=ALL-UNNAMED --add-opens=java.base/java.util.concurrent.atomic=ALL-UNNAMED -Xmx2048m -Dfile.encoding=UTF-8 -Duser.country=IN -Duser.language=en -Duser.variant 
java_command: org.gradle.launcher.daemon.bootstrap.GradleDaemon 7.3.3
java_class_path (initial): C:\Program Files\Android\gradle-7.3.3\wrapper\dists\gradle-7.3.3-bin\6a41zxkdtcxs8rphpq6y0069z\gradle-7.3.3\lib\gradle-launcher-7.3.3.jar
Launcher Type: SUN_STANDARD

[Global flags]
     intx CICompilerCount                          = 4                                         {product} {ergonomic}
     uint ConcGCThreads                            = 2                                         {product} {ergonomic}
     uint G1ConcRefinementThreads                  = 8                                         {product} {ergonomic}
   size_t G1HeapRegionSize                         = 1048576                                   {product} {ergonomic}
    uintx GCDrainStackTargetSize                   = 64                                        {product} {ergonomic}
   size_t InitialHeapSize                          = 132120576                                 {product} {ergonomic}
   size_t MarkStackSize                            = 4194304                                   {product} {ergonomic}
   size_t MaxHeapSize                              = 2147483648                                {product} {command line}
   size_t MaxNewSize                               = 1287651328                                {product} {ergonomic}
   size_t MinHeapDeltaBytes                        = 1048576                                   {product} {ergonomic}
    uintx NonNMethodCodeHeapSize                   = 5836300                                {pd product} {ergonomic}
    uintx NonProfiledCodeHeapSize                  = 122910970                              {pd product} {ergonomic}
    uintx ProfiledCodeHeapSize                     = 122910970                              {pd product} {ergonomic}
    uintx ReservedCodeCacheSize                    = 251658240                              {pd product} {ergonomic}
     bool SegmentedCodeCache                       = true                                      {product} {ergonomic}
     bool UseCompressedClassPointers               = true                                 {lp64_product} {ergonomic}
     bool UseCompressedOops                        = true                                 {lp64_product} {ergonomic}
     bool UseG1GC                                  = true                                      {product} {ergonomic}
     bool UseLargePagesIndividualAllocation        = false                                  {pd product} {ergonomic}

Logging:
Log output configuration:
 #0: stdout all=warning uptime,level,tags
 #1: stderr all=off uptime,level,tags

Environment Variables:
JAVA_HOME=C:\Program Files\Java\jdk-18.0.1.1
PATH=C:\Program Files\Common Files\Oracle\Java\javapath;C:\Windows\system32;C:\Windows;C:\Windows\System32\Wbem;C:\Windows\System32\WindowsPowerShell\v1.0\;C:\Windows\System32\OpenSSH\;C:\Program Files\Git\cmd;C:\Users\suraj\AppData\Local\Microsoft\WindowsApps
USERNAME=suraj
OS=Windows_NT
PROCESSOR_IDENTIFIER=Intel64 Family 6 Model 140 Stepping 1, GenuineIntel



---------------  S Y S T E M  ---------------

OS: Windows 10 , 64 bit Build 19041 (10.0.19041.1806)
OS uptime: 0 days 1:52 hours
Hyper-V role detected

CPU:total 8 (initial active 8) (4 cores per cpu, 2 threads per core) family 6 model 140 stepping 1 microcode 0x86, cmov, cx8, fxsr, mmx, sse, sse2, sse3, ssse3, sse4.1, sse4.2, popcnt, avx, avx2, aes, clmul, erms, 3dnowpref, lzcnt, ht, tsc, tscinvbit, bmi1, bmi2, adx, evex, sha, fma

Memory: 4k page, system-wide physical 7987M (548M free)
TotalPageFile size 7987M (AvailPageFile size 143M)
current process WorkingSet (physical memory assigned to process): 614M, peak: 624M
current process commit charge ("private bytes"): 653M, peak: 826M

vm_info: OpenJDK 64-Bit Server VM (11.0.12+7-b1504.28-7817840) for windows-amd64 JRE (11.0.12+7-b1504.28-7817840), built on Oct 13 2021 22:12:33 by "builder" with MS VC++ 14.0 (VS2015)

END.
