#
# There is insufficient memory for the Java Runtime Environment to continue.
# Native memory allocation (malloc) failed to allocate 1579856 bytes for Chunk::new
# Possible reasons:
#   The system is out of physical RAM or swap space
#   The process is running with CompressedOops enabled, and the Java Heap may be blocking the growth of the native heap
# Possible solutions:
#   Reduce memory load on the system
#   Increase physical memory or swap space
#   Check if swap backing store is full
#   Decrease Java heap size (-Xmx/-Xms)
#   Decrease number of Java threads
#   Decrease Java thread stack sizes (-Xss)
#   Set larger code cache with -XX:ReservedCodeCacheSize=
#   JVM is running with Unscaled Compressed Oops mode in which the Java heap is
#     placed in the first 4GB address space. The Java Heap base address is the
#     maximum limit for the native heap growth. Please use -XX:HeapBaseMinAddress
#     to set the Java Heap base and to place the Java Heap above 4GB virtual address.
# This output file may be truncated or incomplete.
#
#  Out of Memory Error (./src/hotspot/share/memory/arena.cpp:197), pid=10072, tid=8272
#
# JRE version: OpenJDK Runtime Environment (11.0.12+7) (build 11.0.12+7-b1504.28-7817840)
# Java VM: OpenJDK 64-Bit Server VM (11.0.12+7-b1504.28-7817840, mixed mode, tiered, compressed oops, g1 gc, windows-amd64)
# No core dump will be written. Minidumps are not enabled by default on client versions of Windows
#

---------------  S U M M A R Y ------------

Command Line: --add-opens=java.base/java.util=ALL-UNNAMED --add-opens=java.base/java.lang=ALL-UNNAMED --add-opens=java.base/java.lang.invoke=ALL-UNNAMED --add-opens=java.base/java.util=ALL-UNNAMED --add-opens=java.prefs/java.util.prefs=ALL-UNNAMED --add-opens=java.prefs/java.util.prefs=ALL-UNNAMED --add-opens=java.base/java.nio.charset=ALL-UNNAMED --add-opens=java.base/java.net=ALL-UNNAMED --add-opens=java.base/java.util.concurrent.atomic=ALL-UNNAMED -Xmx2048m -Dfile.encoding=UTF-8 -Duser.country=IN -Duser.language=en -Duser.variant org.gradle.launcher.daemon.bootstrap.GradleDaemon 7.3.3

Host: 11th Gen Intel(R) Core(TM) i5-1135G7 @ 2.40GHz, 8 cores, 7G,  Windows 10 , 64 bit Build 19041 (10.0.19041.1806)
Time: Sat Jul  2 19:06:37 2022 India Standard Time elapsed time: 7.810863 seconds (0d 0h 0m 7s)

---------------  T H R E A D  ---------------

Current thread (0x000002003858c000):  JavaThread "C2 CompilerThread0" daemon [_thread_in_native, id=8272, stack(0x0000006446700000,0x0000006446800000)]


Current CompileTask:
C2:   7810 7316 %     4       org.gradle.internal.instantiation.generator.AbstractClassGenerator::inspectType @ 107 (560 bytes)

Stack: [0x0000006446700000,0x0000006446800000]
Native frames: (J=compiled Java code, j=interpreted, Vv=VM code, C=native code)
V  [jvm.dll+0x5fbcea]
V  [jvm.dll+0x731905]
V  [jvm.dll+0x732f1d]
V  [jvm.dll+0x7335d3]
V  [jvm.dll+0x247bf8]
V  [jvm.dll+0xc018c]
V  [jvm.dll+0xc06cc]
V  [jvm.dll+0x35b2db]
V  [jvm.dll+0x328803]
V  [jvm.dll+0x327cfa]
V  [jvm.dll+0x200602]
V  [jvm.dll+0x1ff794]
V  [jvm.dll+0x18868c]
V  [jvm.dll+0x20e0d7]
V  [jvm.dll+0x20c901]
V  [jvm.dll+0x6f9b7f]
V  [jvm.dll+0x6f26a5]
V  [jvm.dll+0x5fabf6]
C  [ucrtbase.dll+0x21bb2]
C  [KERNEL32.DLL+0x17034]
C  [ntdll.dll+0x52651]


---------------  P R O C E S S  ---------------

Threads class SMR info:
_java_thread_list=0x000002003ffbef00, length=123, elements={
0x000002001d76b000, 0x0000020037c07800, 0x0000020037c0a000, 0x0000020038585800,
0x0000020038588800, 0x000002003858b000, 0x000002003858c000, 0x000002003858f800,
0x0000020037c1d000, 0x00000200386dd000, 0x00000200387d5800, 0x000002003a7fe800,
0x000002003a82d000, 0x0000020039da3000, 0x0000020039fcd800, 0x0000020039cd5000,
0x0000020039f06000, 0x000002003a006800, 0x000002003add1800, 0x000002003add2800,
0x000002003add3000, 0x000002003add0800, 0x000002003a3ef000, 0x000002003a3ed000,
0x000002003a3f3800, 0x000002003a3f2000, 0x000002003a3ef800, 0x000002003a3f3000,
0x000002003a3ee000, 0x000002003a3f5800, 0x000002003a3f0800, 0x000002003a3f1800,
0x000002003a3f9800, 0x000002003a3fa000, 0x000002003a3f6000, 0x000002003a3f7000,
0x000002003a3f8000, 0x000002003a3f8800, 0x000002003a3f4800, 0x000002003a3fc000,
0x000002003d918800, 0x000002003d91c800, 0x000002003d91d800, 0x000002003d91e000,
0x000002003d91f000, 0x000002003d91b000, 0x000002003d919000, 0x000002003d91f800,
0x000002003d91a000, 0x000002003d924000, 0x000002003d924800, 0x000002003d921800,
0x000002003d926800, 0x000002003d922000, 0x000002003d923000, 0x000002003d925800,
0x000002003d920800, 0x000002003b9a4800, 0x000002003b9a4000, 0x000002003b9a5800,
0x000002003b9a3000, 0x000002003b9a6000, 0x000002003b9a2000, 0x000002003b9a0800,
0x000002003b9a1800, 0x000002003b9a7000, 0x000002003b9ac000, 0x000002003b9a9800,
0x000002003b9aa800, 0x000002003b9ab000, 0x000002003b9ad000, 0x000002003b9a8000,
0x000002003b9ad800, 0x000002003b9ae800, 0x000002003b9a8800, 0x000002003b9af000,
0x0000020038b6f800, 0x0000020038b6d800, 0x0000020038b6f000, 0x0000020038b6b800,
0x0000020038b6a000, 0x0000020038b6e000, 0x0000020038b70800, 0x0000020038b6c800,
0x0000020038b6b000, 0x0000020038b76000, 0x0000020038b71800, 0x0000020038b78000,
0x0000020038b77000, 0x0000020038b72000, 0x0000020038b75800, 0x0000020038b78800,
0x0000020038b73000, 0x0000020038b74000, 0x0000020038b74800, 0x000002003b817800,
0x000002003b81b000, 0x000002003b816000, 0x000002003b817000, 0x000002003b818800,
0x000002003b819800, 0x000002003b815000, 0x000002003b81c000, 0x000002003b81c800,
0x000002003b81d800, 0x000002003b81e000, 0x000002003b81f000, 0x000002003b820000,
0x000002003b81a000, 0x000002003b820800, 0x000002003b821800, 0x000002003b822800,
0x000002003b824000, 0x000002003b823000, 0x000002003ac67000, 0x000002003ac62000,
0x000002003ac64000, 0x000002003ac61800, 0x000002003ac64800, 0x000002003ac68000,
0x000002003ac63000, 0x000002003ac6a800, 0x000002003ac6b000
}

Java Threads: ( => current thread )
  0x000002001d76b000 JavaThread "main" [_thread_blocked, id=7024, stack(0x0000006445b00000,0x0000006445c00000)]
  0x0000020037c07800 JavaThread "Reference Handler" daemon [_thread_blocked, id=2892, stack(0x0000006446200000,0x0000006446300000)]
  0x0000020037c0a000 JavaThread "Finalizer" daemon [_thread_blocked, id=880, stack(0x0000006446300000,0x0000006446400000)]
  0x0000020038585800 JavaThread "Signal Dispatcher" daemon [_thread_blocked, id=10892, stack(0x0000006446400000,0x0000006446500000)]
  0x0000020038588800 JavaThread "Attach Listener" daemon [_thread_blocked, id=4600, stack(0x0000006446500000,0x0000006446600000)]
  0x000002003858b000 JavaThread "Service Thread" daemon [_thread_blocked, id=10824, stack(0x0000006446600000,0x0000006446700000)]
=>0x000002003858c000 JavaThread "C2 CompilerThread0" daemon [_thread_in_native, id=8272, stack(0x0000006446700000,0x0000006446800000)]
  0x000002003858f800 JavaThread "C1 CompilerThread0" daemon [_thread_blocked, id=3136, stack(0x0000006446800000,0x0000006446900000)]
  0x0000020037c1d000 JavaThread "Sweeper thread" daemon [_thread_blocked, id=4364, stack(0x0000006446900000,0x0000006446a00000)]
  0x00000200386dd000 JavaThread "Common-Cleaner" daemon [_thread_blocked, id=1520, stack(0x0000006446a00000,0x0000006446b00000)]
  0x00000200387d5800 JavaThread "C2 CompilerThread1" daemon [_thread_in_native, id=7176, stack(0x0000006446c00000,0x0000006446d00000)]
  0x000002003a7fe800 JavaThread "Daemon health stats" [_thread_blocked, id=9472, stack(0x0000006447000000,0x0000006447100000)]
  0x000002003a82d000 JavaThread "Incoming local TCP Connector on port 50736" [_thread_in_native, id=2168, stack(0x0000006447100000,0x0000006447200000)]
  0x0000020039da3000 JavaThread "Daemon periodic checks" [_thread_blocked, id=12528, stack(0x0000006447200000,0x0000006447300000)]
  0x0000020039fcd800 JavaThread "Daemon" [_thread_blocked, id=11408, stack(0x0000006447300000,0x0000006447400000)]
  0x0000020039cd5000 JavaThread "Handler for socket connection from /127.0.0.1:50736 to /127.0.0.1:50737" [_thread_in_native, id=7720, stack(0x0000006447400000,0x0000006447500000)]
  0x0000020039f06000 JavaThread "Cancel handler" [_thread_blocked, id=652, stack(0x0000006447500000,0x0000006447600000)]
  0x000002003a006800 JavaThread "Daemon worker" [_thread_in_Java, id=4800, stack(0x0000006447600000,0x0000006447700000)]
  0x000002003add1800 JavaThread "Asynchronous log dispatcher for DefaultDaemonConnection: socket connection from /127.0.0.1:50736 to /127.0.0.1:50737" [_thread_blocked, id=10864, stack(0x0000006447700000,0x0000006447800000)]
  0x000002003add2800 JavaThread "Stdin handler" [_thread_blocked, id=9444, stack(0x0000006447800000,0x0000006447900000)]
  0x000002003add3000 JavaThread "Daemon client event forwarder" [_thread_blocked, id=4892, stack(0x0000006447900000,0x0000006447a00000)]
  0x000002003add0800 JavaThread "Cache worker for journal cache (C:\Program Files\Android\gradle-7.3.3\caches\journal-1)" [_thread_blocked, id=10140, stack(0x0000006447f00000,0x0000006448000000)]
  0x000002003a3ef000 JavaThread "File lock request listener" [_thread_in_native, id=3736, stack(0x0000006448000000,0x0000006448100000)]
  0x000002003a3ed000 JavaThread "Cache worker for file hash cache (C:\Program Files\Android\gradle-7.3.3\caches\7.3.3\fileHashes)" [_thread_blocked, id=3436, stack(0x0000006448200000,0x0000006448300000)]
  0x000002003a3f3800 JavaThread "Cache worker for file hash cache (D:\OTPVerificationUsingFirebase\.gradle\7.3.3\fileHashes)" [_thread_blocked, id=8332, stack(0x0000006448300000,0x0000006448400000)]
  0x000002003a3f2000 JavaThread "File watcher server" daemon [_thread_in_native, id=1308, stack(0x0000006448400000,0x0000006448500000)]
  0x000002003a3ef800 JavaThread "File watcher consumer" daemon [_thread_blocked, id=12588, stack(0x0000006448500000,0x0000006448600000)]
  0x000002003a3f3000 JavaThread "jar transforms" [_thread_blocked, id=14056, stack(0x0000006448600000,0x0000006448700000)]
  0x000002003a3ee000 JavaThread "jar transforms Thread 2" [_thread_blocked, id=5304, stack(0x0000006448700000,0x0000006448800000)]
  0x000002003a3f5800 JavaThread "jar transforms Thread 3" [_thread_blocked, id=11660, stack(0x0000006448800000,0x0000006448900000)]
  0x000002003a3f0800 JavaThread "jar transforms Thread 4" [_thread_blocked, id=13616, stack(0x0000006448900000,0x0000006448a00000)]
  0x000002003a3f1800 JavaThread "jar transforms Thread 5" [_thread_blocked, id=12780, stack(0x0000006448a00000,0x0000006448b00000)]
  0x000002003a3f9800 JavaThread "jar transforms Thread 6" [_thread_blocked, id=4688, stack(0x0000006448b00000,0x0000006448c00000)]
  0x000002003a3fa000 JavaThread "jar transforms Thread 7" [_thread_blocked, id=10492, stack(0x0000006448c00000,0x0000006448d00000)]
  0x000002003a3f6000 JavaThread "jar transforms Thread 8" [_thread_blocked, id=3108, stack(0x0000006448d00000,0x0000006448e00000)]
  0x000002003a3f7000 JavaThread "Cache worker for checksums cache (D:\OTPVerificationUsingFirebase\.gradle\7.3.3\checksums)" [_thread_blocked, id=12960, stack(0x0000006448e00000,0x0000006448f00000)]
  0x000002003a3f8000 JavaThread "Cache worker for cache directory md-supplier (C:\Program Files\Android\gradle-7.3.3\caches\7.3.3\md-supplier)" [_thread_blocked, id=5704, stack(0x0000006448f00000,0x0000006449000000)]
  0x000002003a3f8800 JavaThread "Cache worker for cache directory md-rule (C:\Program Files\Android\gradle-7.3.3\caches\7.3.3\md-rule)" [_thread_blocked, id=6356, stack(0x0000006449000000,0x0000006449100000)]
  0x000002003a3f4800 JavaThread "Cache worker for execution history cache (C:\Program Files\Android\gradle-7.3.3\caches\7.3.3\executionHistory)" [_thread_blocked, id=10968, stack(0x0000006449100000,0x0000006449200000)]
  0x000002003a3fc000 JavaThread "Cache worker for file content cache (C:\Program Files\Android\gradle-7.3.3\caches\7.3.3\fileContent)" [_thread_blocked, id=7240, stack(0x0000006449200000,0x0000006449300000)]
  0x000002003d918800 JavaThread "Cache worker for dependencies-accessors (D:\OTPVerificationUsingFirebase\.gradle\7.3.3\dependencies-accessors)" [_thread_blocked, id=13724, stack(0x0000006449300000,0x0000006449400000)]
  0x000002003d91c800 JavaThread "Cache worker for Build Output Cleanup Cache (D:\OTPVerificationUsingFirebase\.gradle\buildOutputCleanup)" [_thread_blocked, id=6100, stack(0x0000006449400000,0x0000006449500000)]
  0x000002003d91d800 JavaThread "Unconstrained build operations" [_thread_blocked, id=2164, stack(0x0000006449500000,0x0000006449600000)]
  0x000002003d91e000 JavaThread "Unconstrained build operations Thread 2" [_thread_blocked, id=4576, stack(0x0000006449600000,0x0000006449700000)]
  0x000002003d91f000 JavaThread "Unconstrained build operations Thread 3" [_thread_blocked, id=2464, stack(0x0000006449700000,0x0000006449800000)]
  0x000002003d91b000 JavaThread "Unconstrained build operations Thread 4" [_thread_blocked, id=5432, stack(0x0000006449800000,0x0000006449900000)]
  0x000002003d919000 JavaThread "Unconstrained build operations Thread 5" [_thread_blocked, id=4740, stack(0x0000006449900000,0x0000006449a00000)]
  0x000002003d91f800 JavaThread "Unconstrained build operations Thread 6" [_thread_blocked, id=6668, stack(0x0000006449a00000,0x0000006449b00000)]
  0x000002003d91a000 JavaThread "Unconstrained build operations Thread 7" [_thread_blocked, id=7792, stack(0x0000006449b00000,0x0000006449c00000)]
  0x000002003d924000 JavaThread "Unconstrained build operations Thread 8" [_thread_blocked, id=12360, stack(0x0000006449c00000,0x0000006449d00000)]
  0x000002003d924800 JavaThread "Unconstrained build operations Thread 9" [_thread_blocked, id=2840, stack(0x0000006449d00000,0x0000006449e00000)]
  0x000002003d921800 JavaThread "Unconstrained build operations Thread 10" [_thread_blocked, id=8080, stack(0x0000006449e00000,0x0000006449f00000)]
  0x000002003d926800 JavaThread "Unconstrained build operations Thread 11" [_thread_blocked, id=3880, stack(0x0000006449f00000,0x000000644a000000)]
  0x000002003d922000 JavaThread "Unconstrained build operations Thread 12" [_thread_blocked, id=4992, stack(0x000000644a000000,0x000000644a100000)]
  0x000002003d923000 JavaThread "Unconstrained build operations Thread 13" [_thread_blocked, id=9416, stack(0x000000644a100000,0x000000644a200000)]
  0x000002003d925800 JavaThread "Unconstrained build operations Thread 14" [_thread_blocked, id=7128, stack(0x000000644a200000,0x000000644a300000)]
  0x000002003d920800 JavaThread "Unconstrained build operations Thread 15" [_thread_blocked, id=248, stack(0x000000644a300000,0x000000644a400000)]
  0x000002003b9a4800 JavaThread "Unconstrained build operations Thread 16" [_thread_blocked, id=5532, stack(0x000000644a400000,0x000000644a500000)]
  0x000002003b9a4000 JavaThread "Unconstrained build operations Thread 17" [_thread_blocked, id=10380, stack(0x000000644a500000,0x000000644a600000)]
  0x000002003b9a5800 JavaThread "Unconstrained build operations Thread 18" [_thread_blocked, id=2648, stack(0x000000644a600000,0x000000644a700000)]
  0x000002003b9a3000 JavaThread "Unconstrained build operations Thread 19" [_thread_blocked, id=12908, stack(0x000000644a700000,0x000000644a800000)]
  0x000002003b9a6000 JavaThread "Unconstrained build operations Thread 20" [_thread_blocked, id=1768, stack(0x000000644a800000,0x000000644a900000)]
  0x000002003b9a2000 JavaThread "Unconstrained build operations Thread 21" [_thread_blocked, id=76, stack(0x000000644a900000,0x000000644aa00000)]
  0x000002003b9a0800 JavaThread "Unconstrained build operations Thread 22" [_thread_blocked, id=10048, stack(0x000000644aa00000,0x000000644ab00000)]
  0x000002003b9a1800 JavaThread "Unconstrained build operations Thread 23" [_thread_blocked, id=1728, stack(0x000000644ab00000,0x000000644ac00000)]
  0x000002003b9a7000 JavaThread "Unconstrained build operations Thread 24" [_thread_blocked, id=9788, stack(0x000000644ac00000,0x000000644ad00000)]
  0x000002003b9ac000 JavaThread "Unconstrained build operations Thread 25" [_thread_blocked, id=8576, stack(0x000000644ad00000,0x000000644ae00000)]
  0x000002003b9a9800 JavaThread "Unconstrained build operations Thread 26" [_thread_blocked, id=7276, stack(0x000000644ae00000,0x000000644af00000)]
  0x000002003b9aa800 JavaThread "Unconstrained build operations Thread 27" [_thread_blocked, id=7524, stack(0x000000644af00000,0x000000644b000000)]
  0x000002003b9ab000 JavaThread "Unconstrained build operations Thread 28" [_thread_blocked, id=9252, stack(0x000000644b000000,0x000000644b100000)]
  0x000002003b9ad000 JavaThread "Unconstrained build operations Thread 29" [_thread_blocked, id=7888, stack(0x000000644b100000,0x000000644b200000)]
  0x000002003b9a8000 JavaThread "Unconstrained build operations Thread 30" [_thread_blocked, id=9080, stack(0x000000644b200000,0x000000644b300000)]
  0x000002003b9ad800 JavaThread "Unconstrained build operations Thread 31" [_thread_blocked, id=1484, stack(0x000000644b300000,0x000000644b400000)]
  0x000002003b9ae800 JavaThread "Unconstrained build operations Thread 32" [_thread_blocked, id=6644, stack(0x000000644b400000,0x000000644b500000)]
  0x000002003b9a8800 JavaThread "Unconstrained build operations Thread 33" [_thread_blocked, id=900, stack(0x000000644b500000,0x000000644b600000)]
  0x000002003b9af000 JavaThread "Unconstrained build operations Thread 34" [_thread_blocked, id=9340, stack(0x000000644b600000,0x000000644b700000)]
  0x0000020038b6f800 JavaThread "Unconstrained build operations Thread 35" [_thread_blocked, id=9056, stack(0x000000644b700000,0x000000644b800000)]
  0x0000020038b6d800 JavaThread "Unconstrained build operations Thread 36" [_thread_blocked, id=1064, stack(0x000000644b800000,0x000000644b900000)]
  0x0000020038b6f000 JavaThread "Unconstrained build operations Thread 37" [_thread_blocked, id=3324, stack(0x000000644b900000,0x000000644ba00000)]
  0x0000020038b6b800 JavaThread "Unconstrained build operations Thread 38" [_thread_blocked, id=11680, stack(0x000000644ba00000,0x000000644bb00000)]
  0x0000020038b6a000 JavaThread "Unconstrained build operations Thread 39" [_thread_blocked, id=1340, stack(0x000000644bb00000,0x000000644bc00000)]
  0x0000020038b6e000 JavaThread "Unconstrained build operations Thread 40" [_thread_blocked, id=8360, stack(0x000000644bc00000,0x000000644bd00000)]
  0x0000020038b70800 JavaThread "Unconstrained build operations Thread 41" [_thread_blocked, id=11088, stack(0x000000644bd00000,0x000000644be00000)]
  0x0000020038b6c800 JavaThread "Unconstrained build operations Thread 42" [_thread_blocked, id=8388, stack(0x000000644be00000,0x000000644bf00000)]
  0x0000020038b6b000 JavaThread "Unconstrained build operations Thread 43" [_thread_blocked, id=5808, stack(0x000000644bf00000,0x000000644c000000)]
  0x0000020038b76000 JavaThread "Unconstrained build operations Thread 44" [_thread_blocked, id=13388, stack(0x000000644c000000,0x000000644c100000)]
  0x0000020038b71800 JavaThread "Unconstrained build operations Thread 45" [_thread_blocked, id=11488, stack(0x000000644c100000,0x000000644c200000)]
  0x0000020038b78000 JavaThread "Unconstrained build operations Thread 46" [_thread_blocked, id=11208, stack(0x000000644c200000,0x000000644c300000)]
  0x0000020038b77000 JavaThread "Unconstrained build operations Thread 47" [_thread_blocked, id=2000, stack(0x000000644c300000,0x000000644c400000)]
  0x0000020038b72000 JavaThread "Unconstrained build operations Thread 48" [_thread_blocked, id=11784, stack(0x000000644c400000,0x000000644c500000)]
  0x0000020038b75800 JavaThread "Unconstrained build operations Thread 49" [_thread_blocked, id=2608, stack(0x000000644c500000,0x000000644c600000)]
  0x0000020038b78800 JavaThread "Unconstrained build operations Thread 50" [_thread_blocked, id=6840, stack(0x000000644c600000,0x000000644c700000)]
  0x0000020038b73000 JavaThread "Unconstrained build operations Thread 51" [_thread_blocked, id=13920, stack(0x000000644c700000,0x000000644c800000)]
  0x0000020038b74000 JavaThread "Unconstrained build operations Thread 52" [_thread_blocked, id=14264, stack(0x000000644c800000,0x000000644c900000)]
  0x0000020038b74800 JavaThread "Unconstrained build operations Thread 53" [_thread_blocked, id=14216, stack(0x000000644c900000,0x000000644ca00000)]
  0x000002003b817800 JavaThread "Unconstrained build operations Thread 54" [_thread_blocked, id=4868, stack(0x000000644ca00000,0x000000644cb00000)]
  0x000002003b81b000 JavaThread "Unconstrained build operations Thread 55" [_thread_blocked, id=9264, stack(0x000000644cb00000,0x000000644cc00000)]
  0x000002003b816000 JavaThread "Unconstrained build operations Thread 56" [_thread_blocked, id=6032, stack(0x000000644cc00000,0x000000644cd00000)]
  0x000002003b817000 JavaThread "Unconstrained build operations Thread 57" [_thread_blocked, id=11040, stack(0x000000644cd00000,0x000000644ce00000)]
  0x000002003b818800 JavaThread "Unconstrained build operations Thread 58" [_thread_blocked, id=7008, stack(0x000000644ce00000,0x000000644cf00000)]
  0x000002003b819800 JavaThread "Unconstrained build operations Thread 59" [_thread_blocked, id=8828, stack(0x000000644cf00000,0x000000644d000000)]
  0x000002003b815000 JavaThread "Unconstrained build operations Thread 60" [_thread_blocked, id=4312, stack(0x000000644d000000,0x000000644d100000)]
  0x000002003b81c000 JavaThread "Unconstrained build operations Thread 61" [_thread_blocked, id=2492, stack(0x000000644d100000,0x000000644d200000)]
  0x000002003b81c800 JavaThread "Unconstrained build operations Thread 62" [_thread_blocked, id=6848, stack(0x000000644d200000,0x000000644d300000)]
  0x000002003b81d800 JavaThread "Unconstrained build operations Thread 63" [_thread_blocked, id=12296, stack(0x000000644d300000,0x000000644d400000)]
  0x000002003b81e000 JavaThread "Unconstrained build operations Thread 64" [_thread_blocked, id=13628, stack(0x000000644d400000,0x000000644d500000)]
  0x000002003b81f000 JavaThread "Unconstrained build operations Thread 65" [_thread_blocked, id=6488, stack(0x000000644d500000,0x000000644d600000)]
  0x000002003b820000 JavaThread "Unconstrained build operations Thread 66" [_thread_blocked, id=6240, stack(0x000000644d600000,0x000000644d700000)]
  0x000002003b81a000 JavaThread "Unconstrained build operations Thread 67" [_thread_blocked, id=12992, stack(0x000000644d700000,0x000000644d800000)]
  0x000002003b820800 JavaThread "Unconstrained build operations Thread 68" [_thread_blocked, id=3712, stack(0x000000644d800000,0x000000644d900000)]
  0x000002003b821800 JavaThread "Unconstrained build operations Thread 69" [_thread_blocked, id=13680, stack(0x000000644d900000,0x000000644da00000)]
  0x000002003b822800 JavaThread "Unconstrained build operations Thread 70" [_thread_blocked, id=6392, stack(0x000000644da00000,0x000000644db00000)]
  0x000002003b824000 JavaThread "Unconstrained build operations Thread 71" [_thread_blocked, id=2356, stack(0x000000644db00000,0x000000644dc00000)]
  0x000002003b823000 JavaThread "Unconstrained build operations Thread 72" [_thread_blocked, id=2432, stack(0x000000644dc00000,0x000000644dd00000)]
  0x000002003ac67000 JavaThread "Unconstrained build operations Thread 73" [_thread_blocked, id=3588, stack(0x000000644dd00000,0x000000644de00000)]
  0x000002003ac62000 JavaThread "Unconstrained build operations Thread 74" [_thread_blocked, id=11144, stack(0x000000644de00000,0x000000644df00000)]
  0x000002003ac64000 JavaThread "Unconstrained build operations Thread 75" [_thread_blocked, id=8004, stack(0x000000644df00000,0x000000644e000000)]
  0x000002003ac61800 JavaThread "Unconstrained build operations Thread 76" [_thread_blocked, id=9544, stack(0x000000644e000000,0x000000644e100000)]
  0x000002003ac64800 JavaThread "Unconstrained build operations Thread 77" [_thread_blocked, id=4124, stack(0x000000644e100000,0x000000644e200000)]
  0x000002003ac68000 JavaThread "Unconstrained build operations Thread 78" [_thread_blocked, id=12496, stack(0x000000644e200000,0x000000644e300000)]
  0x000002003ac63000 JavaThread "Unconstrained build operations Thread 79" [_thread_blocked, id=13872, stack(0x000000644e300000,0x000000644e400000)]
  0x000002003ac6a800 JavaThread "Unconstrained build operations Thread 80" [_thread_blocked, id=13740, stack(0x000000644e400000,0x000000644e500000)]
  0x000002003ac6b000 JavaThread "Memory manager" [_thread_blocked, id=7040, stack(0x0000006446d00000,0x0000006446e00000)]

Other Threads:
  0x0000020037c01800 VMThread "VM Thread" [stack: 0x0000006446100000,0x0000006446200000] [id=4796]
  0x00000200386fc000 WatcherThread [stack: 0x0000006446b00000,0x0000006446c00000] [id=9076]
  0x000002001d785800 GCTaskThread "GC Thread#0" [stack: 0x0000006445c00000,0x0000006445d00000] [id=12216]
  0x000002003972f000 GCTaskThread "GC Thread#1" [stack: 0x0000006446e00000,0x0000006446f00000] [id=4260]
  0x00000200398db000 GCTaskThread "GC Thread#2" [stack: 0x0000006446f00000,0x0000006447000000] [id=6704]
  0x000002003a5c2000 GCTaskThread "GC Thread#3" [stack: 0x0000006447a00000,0x0000006447b00000] [id=9108]
  0x000002003a60a000 GCTaskThread "GC Thread#4" [stack: 0x0000006447b00000,0x0000006447c00000] [id=3064]
  0x000002003a873800 GCTaskThread "GC Thread#5" [stack: 0x0000006447c00000,0x0000006447d00000] [id=11656]
  0x000002003a6b1800 GCTaskThread "GC Thread#6" [stack: 0x0000006447d00000,0x0000006447e00000] [id=8832]
  0x000002003ab48000 GCTaskThread "GC Thread#7" [stack: 0x0000006447e00000,0x0000006447f00000] [id=5812]
  0x000002001d7b7000 ConcurrentGCThread "G1 Main Marker" [stack: 0x0000006445d00000,0x0000006445e00000] [id=8556]
  0x000002001d7b8000 ConcurrentGCThread "G1 Conc#0" [stack: 0x0000006445e00000,0x0000006445f00000] [id=4196]
  0x000002003aede000 ConcurrentGCThread "G1 Conc#1" [stack: 0x0000006448100000,0x0000006448200000] [id=5872]
  0x0000020037a50800 ConcurrentGCThread "G1 Refine#0" [stack: 0x0000006445f00000,0x0000006446000000] [id=7800]
  0x0000020037a51000 ConcurrentGCThread "G1 Young RemSet Sampling" [stack: 0x0000006446000000,0x0000006446100000] [id=8752]

Threads with active compile tasks:
C2 CompilerThread0   7832 7316 %     4       org.gradle.internal.instantiation.generator.AbstractClassGenerator::inspectType @ 107 (560 bytes)
C2 CompilerThread1   7832 7695       4       java.lang.Class::getMethodsRecursive (99 bytes)

VM state:not at safepoint (normal execution)

VM Mutex/Monitor currently owned by a thread: None

Heap address: 0x0000000080000000, size: 2048 MB, Compressed Oops mode: 32-bit
Narrow klass base: 0x0000000000000000, Narrow klass shift: 3
Compressed class space size: 1073741824 Address: 0x0000000100000000

Heap:
 garbage-first heap   total 187392K, used 92245K [0x0000000080000000, 0x0000000100000000)
  region size 1024K, 13 young (13312K), 5 survivors (5120K)
 Metaspace       used 73881K, capacity 75893K, committed 76108K, reserved 1116160K
  class space    used 9503K, capacity 10206K, committed 10316K, reserved 1048576K
Heap Regions: E=young(eden), S=young(survivor), O=old, HS=humongous(starts), HC=humongous(continues), CS=collection set, F=free, A=archive, TAMS=top-at-mark-start (previous, next)
|   0|0x0000000080000000, 0x0000000080100000, 0x0000000080100000|100%| O|  |TAMS 0x0000000080100000, 0x0000000080000000| Untracked 
|   1|0x0000000080100000, 0x0000000080200000, 0x0000000080200000|100%| O|  |TAMS 0x0000000080200000, 0x0000000080100000| Untracked 
|   2|0x0000000080200000, 0x0000000080300000, 0x0000000080300000|100%| O|  |TAMS 0x0000000080300000, 0x0000000080200000| Untracked 
|   3|0x0000000080300000, 0x0000000080400000, 0x0000000080400000|100%|HS|  |TAMS 0x0000000080400000, 0x0000000080300000| Complete 
|   4|0x0000000080400000, 0x0000000080500000, 0x0000000080500000|100%|HC|  |TAMS 0x0000000080500000, 0x0000000080400000| Complete 
|   5|0x0000000080500000, 0x0000000080600000, 0x0000000080600000|100%|HC|  |TAMS 0x0000000080600000, 0x0000000080500000| Complete 
|   6|0x0000000080600000, 0x0000000080700000, 0x0000000080700000|100%| O|  |TAMS 0x0000000080700000, 0x0000000080600000| Untracked 
|   7|0x0000000080700000, 0x0000000080800000, 0x0000000080800000|100%| O|  |TAMS 0x0000000080800000, 0x0000000080700000| Untracked 
|   8|0x0000000080800000, 0x0000000080900000, 0x0000000080900000|100%| O|  |TAMS 0x0000000080900000, 0x0000000080800000| Untracked 
|   9|0x0000000080900000, 0x0000000080a00000, 0x0000000080a00000|100%| O|  |TAMS 0x0000000080a00000, 0x0000000080900000| Untracked 
|  10|0x0000000080a00000, 0x0000000080b00000, 0x0000000080b00000|100%| O|  |TAMS 0x0000000080b00000, 0x0000000080a00000| Untracked 
|  11|0x0000000080b00000, 0x0000000080c00000, 0x0000000080c00000|100%| O|  |TAMS 0x0000000080c00000, 0x0000000080b00000| Untracked 
|  12|0x0000000080c00000, 0x0000000080d00000, 0x0000000080d00000|100%| O|  |TAMS 0x0000000080d00000, 0x0000000080c00000| Untracked 
|  13|0x0000000080d00000, 0x0000000080e00000, 0x0000000080e00000|100%| O|  |TAMS 0x0000000080e00000, 0x0000000080d00000| Untracked 
|  14|0x0000000080e00000, 0x0000000080f00000, 0x0000000080f00000|100%| O|  |TAMS 0x0000000080f00000, 0x0000000080e00000| Untracked 
|  15|0x0000000080f00000, 0x0000000081000000, 0x0000000081000000|100%| O|  |TAMS 0x0000000081000000, 0x0000000080f00000| Untracked 
|  16|0x0000000081000000, 0x0000000081100000, 0x0000000081100000|100%|HS|  |TAMS 0x0000000081100000, 0x0000000081000000| Complete 
|  17|0x0000000081100000, 0x0000000081200000, 0x0000000081200000|100%|HC|  |TAMS 0x0000000081200000, 0x0000000081100000| Complete 
|  18|0x0000000081200000, 0x0000000081300000, 0x0000000081300000|100%|HS|  |TAMS 0x0000000081300000, 0x0000000081200000| Complete 
|  19|0x0000000081300000, 0x0000000081400000, 0x0000000081400000|100%|HC|  |TAMS 0x0000000081400000, 0x0000000081300000| Complete 
|  20|0x0000000081400000, 0x0000000081500000, 0x0000000081500000|100%|HC|  |TAMS 0x0000000081500000, 0x0000000081400000| Complete 
|  21|0x0000000081500000, 0x0000000081600000, 0x0000000081600000|100%|HS|  |TAMS 0x0000000081600000, 0x0000000081500000| Complete 
|  22|0x0000000081600000, 0x0000000081700000, 0x0000000081700000|100%|HS|  |TAMS 0x0000000081700000, 0x0000000081600000| Complete 
|  23|0x0000000081700000, 0x0000000081800000, 0x0000000081800000|100%|HC|  |TAMS 0x0000000081800000, 0x0000000081700000| Complete 
|  24|0x0000000081800000, 0x0000000081900000, 0x0000000081900000|100%|HC|  |TAMS 0x0000000081900000, 0x0000000081800000| Complete 
|  25|0x0000000081900000, 0x0000000081a00000, 0x0000000081a00000|100%|HC|  |TAMS 0x0000000081a00000, 0x0000000081900000| Complete 
|  26|0x0000000081a00000, 0x0000000081b00000, 0x0000000081b00000|100%| O|  |TAMS 0x0000000081b00000, 0x0000000081a00000| Untracked 
|  27|0x0000000081b00000, 0x0000000081c00000, 0x0000000081c00000|100%| O|  |TAMS 0x0000000081c00000, 0x0000000081b00000| Untracked 
|  28|0x0000000081c00000, 0x0000000081d00000, 0x0000000081d00000|100%| O|  |TAMS 0x0000000081d00000, 0x0000000081c00000| Untracked 
|  29|0x0000000081d00000, 0x0000000081e00000, 0x0000000081e00000|100%| O|  |TAMS 0x0000000081e00000, 0x0000000081d00000| Untracked 
|  30|0x0000000081e00000, 0x0000000081f00000, 0x0000000081f00000|100%| O|  |TAMS 0x0000000081f00000, 0x0000000081e00000| Untracked 
|  31|0x0000000081f00000, 0x0000000082000000, 0x0000000082000000|100%| O|  |TAMS 0x0000000082000000, 0x0000000081f00000| Untracked 
|  32|0x0000000082000000, 0x0000000082100000, 0x0000000082100000|100%| O|  |TAMS 0x0000000082100000, 0x0000000082000000| Untracked 
|  33|0x0000000082100000, 0x0000000082200000, 0x0000000082200000|100%| O|  |TAMS 0x0000000082200000, 0x0000000082100000| Untracked 
|  34|0x0000000082200000, 0x0000000082300000, 0x0000000082300000|100%|HS|  |TAMS 0x0000000082300000, 0x0000000082200000| Complete 
|  35|0x0000000082300000, 0x0000000082400000, 0x0000000082400000|100%|HS|  |TAMS 0x0000000082400000, 0x0000000082300000| Complete 
|  36|0x0000000082400000, 0x0000000082500000, 0x0000000082500000|100%|HC|  |TAMS 0x0000000082500000, 0x0000000082400000| Complete 
|  37|0x0000000082500000, 0x0000000082600000, 0x0000000082600000|100%|HC|  |TAMS 0x0000000082600000, 0x0000000082500000| Complete 
|  38|0x0000000082600000, 0x0000000082700000, 0x0000000082700000|100%| O|  |TAMS 0x0000000082700000, 0x0000000082600000| Untracked 
|  39|0x0000000082700000, 0x0000000082800000, 0x0000000082800000|100%|HS|  |TAMS 0x0000000082800000, 0x0000000082700000| Complete 
|  40|0x0000000082800000, 0x0000000082900000, 0x0000000082900000|100%|HC|  |TAMS 0x0000000082900000, 0x0000000082800000| Complete 
|  41|0x0000000082900000, 0x0000000082a00000, 0x0000000082a00000|100%|HC|  |TAMS 0x0000000082a00000, 0x0000000082900000| Complete 
|  42|0x0000000082a00000, 0x0000000082b00000, 0x0000000082b00000|100%|HC|  |TAMS 0x0000000082b00000, 0x0000000082a00000| Complete 
|  43|0x0000000082b00000, 0x0000000082c00000, 0x0000000082c00000|100%| O|  |TAMS 0x0000000082c00000, 0x0000000082b00000| Untracked 
|  44|0x0000000082c00000, 0x0000000082d00000, 0x0000000082d00000|100%| O|  |TAMS 0x0000000082d00000, 0x0000000082c00000| Untracked 
|  45|0x0000000082d00000, 0x0000000082e00000, 0x0000000082e00000|100%| O|  |TAMS 0x0000000082e00000, 0x0000000082d00000| Untracked 
|  46|0x0000000082e00000, 0x0000000082f00000, 0x0000000082f00000|100%| O|  |TAMS 0x0000000082f00000, 0x0000000082e00000| Untracked 
|  47|0x0000000082f00000, 0x0000000083000000, 0x0000000083000000|100%| O|  |TAMS 0x0000000083000000, 0x0000000082f00000| Untracked 
|  48|0x0000000083000000, 0x0000000083100000, 0x0000000083100000|100%| O|  |TAMS 0x0000000083100000, 0x0000000083000000| Untracked 
|  49|0x0000000083100000, 0x0000000083200000, 0x0000000083200000|100%| O|  |TAMS 0x0000000083200000, 0x0000000083100000| Untracked 
|  50|0x0000000083200000, 0x0000000083300000, 0x0000000083300000|100%| O|  |TAMS 0x0000000083300000, 0x0000000083200000| Untracked 
|  51|0x0000000083300000, 0x0000000083400000, 0x0000000083400000|100%| O|  |TAMS 0x0000000083400000, 0x0000000083300000| Untracked 
|  52|0x0000000083400000, 0x0000000083500000, 0x0000000083500000|100%| O|  |TAMS 0x0000000083500000, 0x0000000083400000| Untracked 
|  53|0x0000000083500000, 0x0000000083600000, 0x0000000083600000|100%| O|  |TAMS 0x0000000083600000, 0x0000000083500000| Untracked 
|  54|0x0000000083600000, 0x0000000083700000, 0x0000000083700000|100%| O|  |TAMS 0x0000000083700000, 0x0000000083600000| Untracked 
|  55|0x0000000083700000, 0x0000000083800000, 0x0000000083800000|100%| O|  |TAMS 0x0000000083800000, 0x0000000083700000| Untracked 
|  56|0x0000000083800000, 0x0000000083900000, 0x0000000083900000|100%|HS|  |TAMS 0x0000000083900000, 0x0000000083800000| Complete 
|  57|0x0000000083900000, 0x0000000083a00000, 0x0000000083a00000|100%|HS|  |TAMS 0x0000000083a00000, 0x0000000083900000| Complete 
|  58|0x0000000083a00000, 0x0000000083b00000, 0x0000000083b00000|100%|HS|  |TAMS 0x0000000083b00000, 0x0000000083a00000| Complete 
|  59|0x0000000083b00000, 0x0000000083c00000, 0x0000000083c00000|100%|HC|  |TAMS 0x0000000083c00000, 0x0000000083b00000| Complete 
|  60|0x0000000083c00000, 0x0000000083d00000, 0x0000000083d00000|100%| O|  |TAMS 0x0000000083d00000, 0x0000000083c00000| Untracked 
|  61|0x0000000083d00000, 0x0000000083e00000, 0x0000000083e00000|100%| O|  |TAMS 0x0000000083e00000, 0x0000000083d00000| Untracked 
|  62|0x0000000083e00000, 0x0000000083f00000, 0x0000000083f00000|100%| O|  |TAMS 0x0000000083f00000, 0x0000000083e00000| Untracked 
|  63|0x0000000083f00000, 0x0000000084000000, 0x0000000084000000|100%| O|  |TAMS 0x0000000084000000, 0x0000000083f00000| Untracked 
|  64|0x0000000084000000, 0x0000000084100000, 0x0000000084100000|100%| O|  |TAMS 0x0000000084100000, 0x0000000084000000| Untracked 
|  65|0x0000000084100000, 0x0000000084200000, 0x0000000084200000|100%| O|  |TAMS 0x0000000084200000, 0x0000000084100000| Untracked 
|  66|0x0000000084200000, 0x0000000084300000, 0x0000000084300000|100%| O|  |TAMS 0x0000000084300000, 0x0000000084200000| Untracked 
|  67|0x0000000084300000, 0x0000000084400000, 0x0000000084400000|100%| O|  |TAMS 0x0000000084400000, 0x0000000084300000| Untracked 
|  68|0x0000000084400000, 0x0000000084500000, 0x0000000084500000|100%| O|  |TAMS 0x0000000084500000, 0x0000000084400000| Untracked 
|  69|0x0000000084500000, 0x0000000084600000, 0x0000000084600000|100%| O|  |TAMS 0x0000000084600000, 0x0000000084500000| Untracked 
|  70|0x0000000084600000, 0x0000000084700000, 0x0000000084700000|100%| O|  |TAMS 0x0000000084700000, 0x0000000084600000| Untracked 
|  71|0x0000000084700000, 0x0000000084800000, 0x0000000084800000|100%| O|  |TAMS 0x0000000084800000, 0x0000000084700000| Untracked 
|  72|0x0000000084800000, 0x0000000084900000, 0x0000000084900000|100%| O|  |TAMS 0x0000000084900000, 0x0000000084800000| Untracked 
|  73|0x0000000084900000, 0x0000000084a00000, 0x0000000084a00000|100%| O|  |TAMS 0x0000000084a00000, 0x0000000084900000| Untracked 
|  74|0x0000000084a00000, 0x0000000084b00000, 0x0000000084b00000|100%| O|  |TAMS 0x0000000084b00000, 0x0000000084a00000| Untracked 
|  75|0x0000000084b00000, 0x0000000084c00000, 0x0000000084c00000|100%| O|  |TAMS 0x0000000084c00000, 0x0000000084b00000| Untracked 
|  76|0x0000000084c00000, 0x0000000084d00000, 0x0000000084d00000|100%| O|  |TAMS 0x0000000084d00000, 0x0000000084c00000| Untracked 
|  77|0x0000000084d00000, 0x0000000084e00000, 0x0000000084e00000|100%| O|  |TAMS 0x0000000084e00000, 0x0000000084d00000| Untracked 
|  78|0x0000000084e00000, 0x0000000084e15400, 0x0000000084f00000|  8%| O|  |TAMS 0x0000000084e15400, 0x0000000084e00000| Untracked 
|  79|0x0000000084f00000, 0x0000000084f00000, 0x0000000085000000|  0%| F|  |TAMS 0x0000000084f00000, 0x0000000084f00000| Untracked 
|  80|0x0000000085000000, 0x0000000085000000, 0x0000000085100000|  0%| F|  |TAMS 0x0000000085000000, 0x0000000085000000| Untracked 
|  81|0x0000000085100000, 0x0000000085100000, 0x0000000085200000|  0%| F|  |TAMS 0x0000000085100000, 0x0000000085100000| Untracked 
|  82|0x0000000085200000, 0x0000000085200000, 0x0000000085300000|  0%| F|  |TAMS 0x0000000085200000, 0x0000000085200000| Untracked 
|  83|0x0000000085300000, 0x0000000085300000, 0x0000000085400000|  0%| F|  |TAMS 0x0000000085300000, 0x0000000085300000| Untracked 
|  84|0x0000000085400000, 0x0000000085400000, 0x0000000085500000|  0%| F|  |TAMS 0x0000000085400000, 0x0000000085400000| Untracked 
|  85|0x0000000085500000, 0x0000000085500000, 0x0000000085600000|  0%| F|  |TAMS 0x0000000085500000, 0x0000000085500000| Untracked 
|  86|0x0000000085600000, 0x0000000085600000, 0x0000000085700000|  0%| F|  |TAMS 0x0000000085600000, 0x0000000085600000| Untracked 
|  87|0x0000000085700000, 0x0000000085700000, 0x0000000085800000|  0%| F|  |TAMS 0x0000000085700000, 0x0000000085700000| Untracked 
|  88|0x0000000085800000, 0x0000000085800000, 0x0000000085900000|  0%| F|  |TAMS 0x0000000085800000, 0x0000000085800000| Untracked 
|  89|0x0000000085900000, 0x0000000085900000, 0x0000000085a00000|  0%| F|  |TAMS 0x0000000085900000, 0x0000000085900000| Untracked 
|  90|0x0000000085a00000, 0x0000000085a00000, 0x0000000085b00000|  0%| F|  |TAMS 0x0000000085a00000, 0x0000000085a00000| Untracked 
|  91|0x0000000085b00000, 0x0000000085b00000, 0x0000000085c00000|  0%| F|  |TAMS 0x0000000085b00000, 0x0000000085b00000| Untracked 
|  92|0x0000000085c00000, 0x0000000085c00000, 0x0000000085d00000|  0%| F|  |TAMS 0x0000000085c00000, 0x0000000085c00000| Untracked 
|  93|0x0000000085d00000, 0x0000000085d00000, 0x0000000085e00000|  0%| F|  |TAMS 0x0000000085d00000, 0x0000000085d00000| Untracked 
|  94|0x0000000085e00000, 0x0000000085e00000, 0x0000000085f00000|  0%| F|  |TAMS 0x0000000085e00000, 0x0000000085e00000| Untracked 
|  95|0x0000000085f00000, 0x0000000085f00000, 0x0000000086000000|  0%| F|  |TAMS 0x0000000085f00000, 0x0000000085f00000| Untracked 
|  96|0x0000000086000000, 0x0000000086000000, 0x0000000086100000|  0%| F|  |TAMS 0x0000000086000000, 0x0000000086000000| Untracked 
|  97|0x0000000086100000, 0x0000000086100000, 0x0000000086200000|  0%| F|  |TAMS 0x0000000086100000, 0x0000000086100000| Untracked 
|  98|0x0000000086200000, 0x0000000086200000, 0x0000000086300000|  0%| F|  |TAMS 0x0000000086200000, 0x0000000086200000| Untracked 
|  99|0x0000000086300000, 0x0000000086300000, 0x0000000086400000|  0%| F|  |TAMS 0x0000000086300000, 0x0000000086300000| Untracked 
| 100|0x0000000086400000, 0x0000000086400000, 0x0000000086500000|  0%| F|  |TAMS 0x0000000086400000, 0x0000000086400000| Untracked 
| 101|0x0000000086500000, 0x0000000086500000, 0x0000000086600000|  0%| F|  |TAMS 0x0000000086500000, 0x0000000086500000| Untracked 
| 102|0x0000000086600000, 0x0000000086600000, 0x0000000086700000|  0%| F|  |TAMS 0x0000000086600000, 0x0000000086600000| Untracked 
| 103|0x0000000086700000, 0x0000000086700000, 0x0000000086800000|  0%| F|  |TAMS 0x0000000086700000, 0x0000000086700000| Untracked 
| 104|0x0000000086800000, 0x0000000086800000, 0x0000000086900000|  0%| F|  |TAMS 0x0000000086800000, 0x0000000086800000| Untracked 
| 105|0x0000000086900000, 0x0000000086900000, 0x0000000086a00000|  0%| F|  |TAMS 0x0000000086900000, 0x0000000086900000| Untracked 
| 106|0x0000000086a00000, 0x0000000086a00000, 0x0000000086b00000|  0%| F|  |TAMS 0x0000000086a00000, 0x0000000086a00000| Untracked 
| 107|0x0000000086b00000, 0x0000000086c00000, 0x0000000086c00000|100%| S|CS|TAMS 0x0000000086b00000, 0x0000000086b00000| Complete 
| 108|0x0000000086c00000, 0x0000000086d00000, 0x0000000086d00000|100%| S|CS|TAMS 0x0000000086c00000, 0x0000000086c00000| Complete 
| 109|0x0000000086d00000, 0x0000000086e00000, 0x0000000086e00000|100%| S|CS|TAMS 0x0000000086d00000, 0x0000000086d00000| Complete 
| 110|0x0000000086e00000, 0x0000000086f00000, 0x0000000086f00000|100%| S|CS|TAMS 0x0000000086e00000, 0x0000000086e00000| Complete 
| 111|0x0000000086f00000, 0x0000000087000000, 0x0000000087000000|100%| S|CS|TAMS 0x0000000086f00000, 0x0000000086f00000| Complete 
| 112|0x0000000087000000, 0x0000000087000000, 0x0000000087100000|  0%| F|  |TAMS 0x0000000087000000, 0x0000000087000000| Untracked 
| 113|0x0000000087100000, 0x0000000087100000, 0x0000000087200000|  0%| F|  |TAMS 0x0000000087100000, 0x0000000087100000| Untracked 
| 114|0x0000000087200000, 0x0000000087200000, 0x0000000087300000|  0%| F|  |TAMS 0x0000000087200000, 0x0000000087200000| Untracked 
| 115|0x0000000087300000, 0x0000000087300000, 0x0000000087400000|  0%| F|  |TAMS 0x0000000087300000, 0x0000000087300000| Untracked 
| 116|0x0000000087400000, 0x0000000087400000, 0x0000000087500000|  0%| F|  |TAMS 0x0000000087400000, 0x0000000087400000| Untracked 
| 117|0x0000000087500000, 0x0000000087500000, 0x0000000087600000|  0%| F|  |TAMS 0x0000000087500000, 0x0000000087500000| Untracked 
| 118|0x0000000087600000, 0x0000000087600000, 0x0000000087700000|  0%| F|  |TAMS 0x0000000087600000, 0x0000000087600000| Untracked 
| 119|0x0000000087700000, 0x0000000087700000, 0x0000000087800000|  0%| F|  |TAMS 0x0000000087700000, 0x0000000087700000| Untracked 
| 120|0x0000000087800000, 0x0000000087800000, 0x0000000087900000|  0%| F|  |TAMS 0x0000000087800000, 0x0000000087800000| Untracked 
| 121|0x0000000087900000, 0x0000000087900000, 0x0000000087a00000|  0%| F|  |TAMS 0x0000000087900000, 0x0000000087900000| Untracked 
| 122|0x0000000087a00000, 0x0000000087a00000, 0x0000000087b00000|  0%| F|  |TAMS 0x0000000087a00000, 0x0000000087a00000| Untracked 
| 123|0x0000000087b00000, 0x0000000087b00000, 0x0000000087c00000|  0%| F|  |TAMS 0x0000000087b00000, 0x0000000087b00000| Untracked 
| 124|0x0000000087c00000, 0x0000000087c00000, 0x0000000087d00000|  0%| F|  |TAMS 0x0000000087c00000, 0x0000000087c00000| Untracked 
| 125|0x0000000087d00000, 0x0000000087d00000, 0x0000000087e00000|  0%| F|  |TAMS 0x0000000087d00000, 0x0000000087d00000| Untracked 
| 126|0x0000000087e00000, 0x0000000087e00000, 0x0000000087f00000|  0%| F|  |TAMS 0x0000000087e00000, 0x0000000087e00000| Untracked 
| 127|0x0000000087f00000, 0x0000000087f00000, 0x0000000088000000|  0%| F|  |TAMS 0x0000000087f00000, 0x0000000087f00000| Untracked 
| 128|0x0000000088000000, 0x0000000088000000, 0x0000000088100000|  0%| F|  |TAMS 0x0000000088000000, 0x0000000088000000| Untracked 
| 129|0x0000000088100000, 0x0000000088100000, 0x0000000088200000|  0%| F|  |TAMS 0x0000000088100000, 0x0000000088100000| Untracked 
| 130|0x0000000088200000, 0x0000000088200000, 0x0000000088300000|  0%| F|  |TAMS 0x0000000088200000, 0x0000000088200000| Untracked 
| 131|0x0000000088300000, 0x0000000088300000, 0x0000000088400000|  0%| F|  |TAMS 0x0000000088300000, 0x0000000088300000| Untracked 
| 132|0x0000000088400000, 0x0000000088400000, 0x0000000088500000|  0%| F|  |TAMS 0x0000000088400000, 0x0000000088400000| Untracked 
| 133|0x0000000088500000, 0x0000000088500000, 0x0000000088600000|  0%| F|  |TAMS 0x0000000088500000, 0x0000000088500000| Untracked 
| 134|0x0000000088600000, 0x0000000088600000, 0x0000000088700000|  0%| F|  |TAMS 0x0000000088600000, 0x0000000088600000| Untracked 
| 135|0x0000000088700000, 0x0000000088700000, 0x0000000088800000|  0%| F|  |TAMS 0x0000000088700000, 0x0000000088700000| Untracked 
| 136|0x0000000088800000, 0x0000000088800000, 0x0000000088900000|  0%| F|  |TAMS 0x0000000088800000, 0x0000000088800000| Untracked 
| 137|0x0000000088900000, 0x0000000088900000, 0x0000000088a00000|  0%| F|  |TAMS 0x0000000088900000, 0x0000000088900000| Untracked 
| 138|0x0000000088a00000, 0x0000000088a00000, 0x0000000088b00000|  0%| F|  |TAMS 0x0000000088a00000, 0x0000000088a00000| Untracked 
| 139|0x0000000088b00000, 0x0000000088b00000, 0x0000000088c00000|  0%| F|  |TAMS 0x0000000088b00000, 0x0000000088b00000| Untracked 
| 140|0x0000000088c00000, 0x0000000088c00000, 0x0000000088d00000|  0%| F|  |TAMS 0x0000000088c00000, 0x0000000088c00000| Untracked 
| 141|0x0000000088d00000, 0x0000000088d00000, 0x0000000088e00000|  0%| F|  |TAMS 0x0000000088d00000, 0x0000000088d00000| Untracked 
| 142|0x0000000088e00000, 0x0000000088e00000, 0x0000000088f00000|  0%| F|  |TAMS 0x0000000088e00000, 0x0000000088e00000| Untracked 
| 143|0x0000000088f00000, 0x0000000088f00000, 0x0000000089000000|  0%| F|  |TAMS 0x0000000088f00000, 0x0000000088f00000| Untracked 
| 144|0x0000000089000000, 0x0000000089000000, 0x0000000089100000|  0%| F|  |TAMS 0x0000000089000000, 0x0000000089000000| Untracked 
| 145|0x0000000089100000, 0x0000000089100000, 0x0000000089200000|  0%| F|  |TAMS 0x0000000089100000, 0x0000000089100000| Untracked 
| 146|0x0000000089200000, 0x0000000089200000, 0x0000000089300000|  0%| F|  |TAMS 0x0000000089200000, 0x0000000089200000| Untracked 
| 147|0x0000000089300000, 0x0000000089300000, 0x0000000089400000|  0%| F|  |TAMS 0x0000000089300000, 0x0000000089300000| Untracked 
| 148|0x0000000089400000, 0x0000000089400000, 0x0000000089500000|  0%| F|  |TAMS 0x0000000089400000, 0x0000000089400000| Untracked 
| 149|0x0000000089500000, 0x0000000089500000, 0x0000000089600000|  0%| F|  |TAMS 0x0000000089500000, 0x0000000089500000| Untracked 
| 150|0x0000000089600000, 0x0000000089600000, 0x0000000089700000|  0%| F|  |TAMS 0x0000000089600000, 0x0000000089600000| Untracked 
| 151|0x0000000089700000, 0x0000000089700000, 0x0000000089800000|  0%| F|  |TAMS 0x0000000089700000, 0x0000000089700000| Untracked 
| 152|0x0000000089800000, 0x0000000089800000, 0x0000000089900000|  0%| F|  |TAMS 0x0000000089800000, 0x0000000089800000| Untracked 
| 153|0x0000000089900000, 0x0000000089900000, 0x0000000089a00000|  0%| F|  |TAMS 0x0000000089900000, 0x0000000089900000| Untracked 
| 154|0x0000000089a00000, 0x0000000089a00000, 0x0000000089b00000|  0%| F|  |TAMS 0x0000000089a00000, 0x0000000089a00000| Untracked 
| 155|0x0000000089b00000, 0x0000000089b00000, 0x0000000089c00000|  0%| F|  |TAMS 0x0000000089b00000, 0x0000000089b00000| Untracked 
| 156|0x0000000089c00000, 0x0000000089c00000, 0x0000000089d00000|  0%| F|  |TAMS 0x0000000089c00000, 0x0000000089c00000| Untracked 
| 157|0x0000000089d00000, 0x0000000089d00000, 0x0000000089e00000|  0%| F|  |TAMS 0x0000000089d00000, 0x0000000089d00000| Untracked 
| 158|0x0000000089e00000, 0x0000000089e00000, 0x0000000089f00000|  0%| F|  |TAMS 0x0000000089e00000, 0x0000000089e00000| Untracked 
| 159|0x0000000089f00000, 0x0000000089f00000, 0x000000008a000000|  0%| F|  |TAMS 0x0000000089f00000, 0x0000000089f00000| Untracked 
| 160|0x000000008a000000, 0x000000008a000000, 0x000000008a100000|  0%| F|  |TAMS 0x000000008a000000, 0x000000008a000000| Untracked 
| 161|0x000000008a100000, 0x000000008a100000, 0x000000008a200000|  0%| F|  |TAMS 0x000000008a100000, 0x000000008a100000| Untracked 
| 162|0x000000008a200000, 0x000000008a200000, 0x000000008a300000|  0%| F|  |TAMS 0x000000008a200000, 0x000000008a200000| Untracked 
| 163|0x000000008a300000, 0x000000008a300000, 0x000000008a400000|  0%| F|  |TAMS 0x000000008a300000, 0x000000008a300000| Untracked 
| 164|0x000000008a400000, 0x000000008a400000, 0x000000008a500000|  0%| F|  |TAMS 0x000000008a400000, 0x000000008a400000| Untracked 
| 165|0x000000008a500000, 0x000000008a500000, 0x000000008a600000|  0%| F|  |TAMS 0x000000008a500000, 0x000000008a500000| Untracked 
| 166|0x000000008a600000, 0x000000008a600000, 0x000000008a700000|  0%| F|  |TAMS 0x000000008a600000, 0x000000008a600000| Untracked 
| 167|0x000000008a700000, 0x000000008a700000, 0x000000008a800000|  0%| F|  |TAMS 0x000000008a700000, 0x000000008a700000| Untracked 
| 168|0x000000008a800000, 0x000000008a800000, 0x000000008a900000|  0%| F|  |TAMS 0x000000008a800000, 0x000000008a800000| Untracked 
| 169|0x000000008a900000, 0x000000008a900000, 0x000000008aa00000|  0%| F|  |TAMS 0x000000008a900000, 0x000000008a900000| Untracked 
| 170|0x000000008aa00000, 0x000000008aa00000, 0x000000008ab00000|  0%| F|  |TAMS 0x000000008aa00000, 0x000000008aa00000| Untracked 
| 171|0x000000008ab00000, 0x000000008ab00000, 0x000000008ac00000|  0%| F|  |TAMS 0x000000008ab00000, 0x000000008ab00000| Untracked 
| 172|0x000000008ac00000, 0x000000008ac00000, 0x000000008ad00000|  0%| F|  |TAMS 0x000000008ac00000, 0x000000008ac00000| Untracked 
| 173|0x000000008ad00000, 0x000000008ad00000, 0x000000008ae00000|  0%| F|  |TAMS 0x000000008ad00000, 0x000000008ad00000| Untracked 
| 174|0x000000008ae00000, 0x000000008af00000, 0x000000008af00000|100%| E|  |TAMS 0x000000008ae00000, 0x000000008ae00000| Complete 
| 175|0x000000008af00000, 0x000000008b000000, 0x000000008b000000|100%| E|CS|TAMS 0x000000008af00000, 0x000000008af00000| Complete 
| 176|0x000000008b000000, 0x000000008b100000, 0x000000008b100000|100%| E|CS|TAMS 0x000000008b000000, 0x000000008b000000| Complete 
| 177|0x000000008b100000, 0x000000008b200000, 0x000000008b200000|100%| E|CS|TAMS 0x000000008b100000, 0x000000008b100000| Complete 
| 178|0x000000008b200000, 0x000000008b300000, 0x000000008b300000|100%| E|CS|TAMS 0x000000008b200000, 0x000000008b200000| Complete 
| 179|0x000000008b300000, 0x000000008b400000, 0x000000008b400000|100%| E|CS|TAMS 0x000000008b300000, 0x000000008b300000| Complete 
| 180|0x000000008b400000, 0x000000008b500000, 0x000000008b500000|100%| E|CS|TAMS 0x000000008b400000, 0x000000008b400000| Complete 
| 181|0x000000008b500000, 0x000000008b600000, 0x000000008b600000|100%| E|CS|TAMS 0x000000008b500000, 0x000000008b500000| Complete 
| 182|0x000000008b600000, 0x000000008b700000, 0x000000008b700000|100%| E|CS|TAMS 0x000000008b600000, 0x000000008b600000| Complete 

Card table byte_map: [0x00000200309b0000,0x0000020030db0000] _byte_map_base: 0x00000200305b0000

Marking Bits (Prev, Next): (CMBitMap*) 0x000002001d7ae0c0, (CMBitMap*) 0x000002001d7ae088
 Prev Bits: [0x00000200331b0000, 0x00000200351b0000)
 Next Bits: [0x00000200311b0000, 0x00000200331b0000)

Polling page: 0x000002001b650000

Metaspace:

Usage:
  Non-class:     64.21 MB capacity,    62.89 MB ( 98%) used,     1.13 MB (  2%) free+waste,   192.38 KB ( <1%) overhead. 
      Class:      9.97 MB capacity,     9.28 MB ( 93%) used,   611.54 KB (  6%) free+waste,    90.69 KB ( <1%) overhead. 
       Both:     74.18 MB capacity,    72.17 MB ( 97%) used,     1.73 MB (  2%) free+waste,   283.06 KB ( <1%) overhead. 

Virtual space:
  Non-class space:       66.00 MB reserved,      64.25 MB ( 97%) committed 
      Class space:        1.00 GB reserved,      10.07 MB ( <1%) committed 
             Both:        1.06 GB reserved,      74.32 MB (  7%) committed 

Chunk freelists:
   Non-Class:  41.00 KB
       Class:  0 bytes
        Both:  41.00 KB

MaxMetaspaceSize: 17179869184.00 GB
CompressedClassSpaceSize: 1.00 GB
Initial GC threshold: 20.80 MB
Current GC threshold: 121.79 MB
CDS: off

CodeHeap 'non-profiled nmethods': size=120000Kb used=4576Kb max_used=4576Kb free=115423Kb
 bounds [0x0000020028d50000, 0x00000200291d0000, 0x0000020030280000]
CodeHeap 'profiled nmethods': size=120000Kb used=16341Kb max_used=16341Kb free=103659Kb
 bounds [0x0000020021820000, 0x0000020022820000, 0x0000020028d50000]
CodeHeap 'non-nmethods': size=5760Kb used=2368Kb max_used=2417Kb free=3391Kb
 bounds [0x0000020021280000, 0x00000200214f0000, 0x0000020021820000]
 total_blobs=8541 nmethods=7666 adapters=785
 compilation: enabled
              stopped_count=0, restarted_count=0
 full_count=0

Compilation events (20 events):
Event: 7.772 Thread 0x000002003858f800 7692       2       com.google.common.collect.Hashing::needsResizing (22 bytes)
Event: 7.772 Thread 0x000002003858f800 nmethod 7692 0x0000020022809c90 code [0x0000020022809e40, 0x0000020022809f78]
Event: 7.775 Thread 0x00000200387d5800 nmethod 7333 0x00000200291bab10 code [0x00000200291bb3e0, 0x00000200291c2160]
Event: 7.775 Thread 0x00000200387d5800 7632       4       java.lang.String::equals (65 bytes)
Event: 7.776 Thread 0x000002003858f800 7693       2       java.util.stream.IntPipeline$1$1::accept (23 bytes)
Event: 7.776 Thread 0x000002003858f800 nmethod 7693 0x000002002280a010 code [0x000002002280a1e0, 0x000002002280a338]
Event: 7.776 Thread 0x000002003858f800 7694       2       org.codehaus.groovy.runtime.callsite.CallSiteArray$$Lambda$323/0x0000000100483c40::apply (13 bytes)
Event: 7.776 Thread 0x000002003858f800 nmethod 7694 0x000002002280a410 code [0x000002002280a5c0, 0x000002002280a818]
Event: 7.776 Thread 0x00000200387d5800 nmethod 7632 0x00000200291c6910 code [0x00000200291c6aa0, 0x00000200291c6c78]
Event: 7.776 Thread 0x00000200387d5800 7489       4       java.lang.AbstractStringBuilder::append (45 bytes)
Event: 7.784 Thread 0x00000200387d5800 nmethod 7489 0x00000200291c6d10 code [0x00000200291c6ee0, 0x00000200291c75d8]
Event: 7.784 Thread 0x00000200387d5800 7492       4       java.lang.String::getBytes (44 bytes)
Event: 7.786 Thread 0x00000200387d5800 nmethod 7492 0x00000200291c7910 code [0x00000200291c7aa0, 0x00000200291c7d18]
Event: 7.786 Thread 0x00000200387d5800 7695       4       java.lang.Class::getMethodsRecursive (99 bytes)
Event: 7.805 Thread 0x000002003858f800 7696       3       java.util.concurrent.ConcurrentLinkedQueue$Node::casItem (10 bytes)
Event: 7.806 Thread 0x000002003858f800 nmethod 7696 0x000002002280a910 code [0x000002002280aba0, 0x000002002280b5f8]
Event: 7.806 Thread 0x000002003858f800 7697       2       sun.reflect.generics.tree.SimpleClassTypeSignature::make (11 bytes)
Event: 7.806 Thread 0x000002003858f800 nmethod 7697 0x000002002280b990 code [0x000002002280bb40, 0x000002002280bd38]
Event: 7.806 Thread 0x000002003858f800 7698       2       sun.reflect.generics.tree.SimpleClassTypeSignature::<init> (20 bytes)
Event: 7.806 Thread 0x000002003858f800 nmethod 7698 0x000002002280be10 code [0x000002002280bfc0, 0x000002002280c178]

GC Heap History (20 events):
Event: 3.228 GC heap before
{Heap before GC invocations=7 (full 0):
 garbage-first heap   total 129024K, used 46907K [0x0000000080000000, 0x0000000100000000)
  region size 1024K, 22 young (22528K), 9 survivors (9216K)
 Metaspace       used 34785K, capacity 35678K, committed 35840K, reserved 1079296K
  class space    used 4650K, capacity 4993K, committed 5120K, reserved 1048576K
}
Event: 3.237 GC heap after
{Heap after GC invocations=8 (full 0):
 garbage-first heap   total 155648K, used 36056K [0x0000000080000000, 0x0000000100000000)
  region size 1024K, 2 young (2048K), 2 survivors (2048K)
 Metaspace       used 34785K, capacity 35678K, committed 35840K, reserved 1079296K
  class space    used 4650K, capacity 4993K, committed 5120K, reserved 1048576K
}
Event: 4.063 GC heap before
{Heap before GC invocations=9 (full 0):
 garbage-first heap   total 155648K, used 117976K [0x0000000080000000, 0x0000000100000000)
  region size 1024K, 80 young (81920K), 2 survivors (2048K)
 Metaspace       used 43675K, capacity 44679K, committed 44928K, reserved 1087488K
  class space    used 5629K, capacity 6009K, committed 6016K, reserved 1048576K
}
Event: 4.068 GC heap after
{Heap after GC invocations=10 (full 0):
 garbage-first heap   total 155648K, used 41536K [0x0000000080000000, 0x0000000100000000)
  region size 1024K, 7 young (7168K), 7 survivors (7168K)
 Metaspace       used 43675K, capacity 44679K, committed 44928K, reserved 1087488K
  class space    used 5629K, capacity 6009K, committed 6016K, reserved 1048576K
}
Event: 4.772 GC heap before
{Heap before GC invocations=10 (full 0):
 garbage-first heap   total 155648K, used 125504K [0x0000000080000000, 0x0000000100000000)
  region size 1024K, 80 young (81920K), 7 survivors (7168K)
 Metaspace       used 47923K, capacity 49299K, committed 49536K, reserved 1091584K
  class space    used 6153K, capacity 6661K, committed 6784K, reserved 1048576K
}
Event: 4.780 GC heap after
{Heap after GC invocations=11 (full 0):
 garbage-first heap   total 155648K, used 56604K [0x0000000080000000, 0x0000000100000000)
  region size 1024K, 8 young (8192K), 8 survivors (8192K)
 Metaspace       used 47923K, capacity 49299K, committed 49536K, reserved 1091584K
  class space    used 6153K, capacity 6661K, committed 6784K, reserved 1048576K
}
Event: 5.378 GC heap before
{Heap before GC invocations=11 (full 0):
 garbage-first heap   total 155648K, used 119068K [0x0000000080000000, 0x0000000100000000)
  region size 1024K, 69 young (70656K), 8 survivors (8192K)
 Metaspace       used 51303K, capacity 52887K, committed 53120K, reserved 1095680K
  class space    used 6628K, capacity 7171K, committed 7296K, reserved 1048576K
}
Event: 5.384 GC heap after
{Heap after GC invocations=12 (full 0):
 garbage-first heap   total 155648K, used 60332K [0x0000000080000000, 0x0000000100000000)
  region size 1024K, 4 young (4096K), 4 survivors (4096K)
 Metaspace       used 51303K, capacity 52887K, committed 53120K, reserved 1095680K
  class space    used 6628K, capacity 7171K, committed 7296K, reserved 1048576K
}
Event: 5.969 GC heap before
{Heap before GC invocations=12 (full 0):
 garbage-first heap   total 155648K, used 124844K [0x0000000080000000, 0x0000000100000000)
  region size 1024K, 64 young (65536K), 4 survivors (4096K)
 Metaspace       used 55630K, capacity 57322K, committed 57600K, reserved 1099776K
  class space    used 7274K, capacity 7857K, committed 7936K, reserved 1048576K
}
Event: 5.975 GC heap after
{Heap after GC invocations=13 (full 0):
 garbage-first heap   total 155648K, used 72383K [0x0000000080000000, 0x0000000100000000)
  region size 1024K, 8 young (8192K), 8 survivors (8192K)
 Metaspace       used 55630K, capacity 57322K, committed 57600K, reserved 1099776K
  class space    used 7274K, capacity 7857K, committed 7936K, reserved 1048576K
}
Event: 6.172 GC heap before
{Heap before GC invocations=13 (full 0):
 garbage-first heap   total 155648K, used 91839K [0x0000000080000000, 0x0000000100000000)
  region size 1024K, 28 young (28672K), 8 survivors (8192K)
 Metaspace       used 58413K, capacity 60097K, committed 60160K, reserved 1101824K
  class space    used 7589K, capacity 8183K, committed 8192K, reserved 1048576K
}
Event: 6.177 GC heap after
{Heap after GC invocations=14 (full 0):
 garbage-first heap   total 155648K, used 74866K [0x0000000080000000, 0x0000000100000000)
  region size 1024K, 2 young (2048K), 2 survivors (2048K)
 Metaspace       used 58413K, capacity 60097K, committed 60160K, reserved 1101824K
  class space    used 7589K, capacity 8183K, committed 8192K, reserved 1048576K
}
Event: 6.620 GC heap before
{Heap before GC invocations=15 (full 0):
 garbage-first heap   total 155648K, used 112754K [0x0000000080000000, 0x0000000100000000)
  region size 1024K, 39 young (39936K), 2 survivors (2048K)
 Metaspace       used 63858K, capacity 65666K, committed 65740K, reserved 1105920K
  class space    used 8265K, capacity 8887K, committed 8908K, reserved 1048576K
}
Event: 6.624 GC heap after
{Heap after GC invocations=16 (full 0):
 garbage-first heap   total 155648K, used 75593K [0x0000000080000000, 0x0000000100000000)
  region size 1024K, 3 young (3072K), 3 survivors (3072K)
 Metaspace       used 63858K, capacity 65666K, committed 65740K, reserved 1105920K
  class space    used 8265K, capacity 8887K, committed 8908K, reserved 1048576K
}
Event: 7.064 GC heap before
{Heap before GC invocations=17 (full 0):
 garbage-first heap   total 155648K, used 114505K [0x0000000080000000, 0x0000000100000000)
  region size 1024K, 42 young (43008K), 3 survivors (3072K)
 Metaspace       used 69015K, capacity 70920K, committed 71116K, reserved 1110016K
  class space    used 8868K, capacity 9548K, committed 9676K, reserved 1048576K
}
Event: 7.069 GC heap after
{Heap after GC invocations=18 (full 0):
 garbage-first heap   total 155648K, used 80837K [0x0000000080000000, 0x0000000100000000)
  region size 1024K, 6 young (6144K), 6 survivors (6144K)
 Metaspace       used 69015K, capacity 70920K, committed 71116K, reserved 1110016K
  class space    used 8868K, capacity 9548K, committed 9676K, reserved 1048576K
}
Event: 7.453 GC heap before
{Heap before GC invocations=18 (full 0):
 garbage-first heap   total 155648K, used 118725K [0x0000000080000000, 0x0000000100000000)
  region size 1024K, 43 young (44032K), 6 survivors (6144K)
 Metaspace       used 72268K, capacity 74192K, committed 74316K, reserved 1114112K
  class space    used 9258K, capacity 9950K, committed 10060K, reserved 1048576K
}
Event: 7.460 GC heap after
{Heap after GC invocations=19 (full 0):
 garbage-first heap   total 155648K, used 82899K [0x0000000080000000, 0x0000000100000000)
  region size 1024K, 3 young (3072K), 3 survivors (3072K)
 Metaspace       used 72268K, capacity 74192K, committed 74316K, reserved 1114112K
  class space    used 9258K, capacity 9950K, committed 10060K, reserved 1048576K
}
Event: 7.789 GC heap before
{Heap before GC invocations=20 (full 0):
 garbage-first heap   total 155648K, used 120787K [0x0000000080000000, 0x0000000100000000)
  region size 1024K, 40 young (40960K), 3 survivors (3072K)
 Metaspace       used 73874K, capacity 75892K, committed 76108K, reserved 1116160K
  class space    used 9502K, capacity 10206K, committed 10316K, reserved 1048576K
}
Event: 7.794 GC heap after
{Heap after GC invocations=21 (full 0):
 garbage-first heap   total 187392K, used 85077K [0x0000000080000000, 0x0000000100000000)
  region size 1024K, 5 young (5120K), 5 survivors (5120K)
 Metaspace       used 73874K, capacity 75892K, committed 76108K, reserved 1116160K
  class space    used 9502K, capacity 10206K, committed 10316K, reserved 1048576K
}

Deoptimization events (20 events):
Event: 7.650 Thread 0x000002003a006800 DEOPT PACKING pc=0x0000020028ff8370 sp=0x00000064476f6b70
Event: 7.650 Thread 0x000002003a006800 DEOPT UNPACKING pc=0x00000200212885af sp=0x00000064476f6aa0 mode 2
Event: 7.672 Thread 0x000002003a006800 Uncommon trap: trap_request=0xffffff4d fr.pc=0x0000020028f47e00 relative=0x0000000000000340
Event: 7.672 Thread 0x000002003a006800 Uncommon trap: reason=unstable_if action=reinterpret pc=0x0000020028f47e00 method=java.util.StringJoiner.add(Ljava/lang/CharSequence;)Ljava/util/StringJoiner; @ 33 c2
Event: 7.672 Thread 0x000002003a006800 DEOPT PACKING pc=0x0000020028f47e00 sp=0x00000064476f5730
Event: 7.672 Thread 0x000002003a006800 DEOPT UNPACKING pc=0x00000200212885af sp=0x00000064476f56e0 mode 2
Event: 7.680 Thread 0x000002003a006800 Uncommon trap: trap_request=0xffffff4d fr.pc=0x00000200290a7cf8 relative=0x0000000000000678
Event: 7.680 Thread 0x000002003a006800 Uncommon trap: reason=unstable_if action=reinterpret pc=0x00000200290a7cf8 method=groovy.lang.MetaClassImpl.filterPropertyMethod(Ljava/lang/Object;ZZ)Ljava/lang/Object; @ 60 c2
Event: 7.680 Thread 0x000002003a006800 DEOPT PACKING pc=0x00000200290a7cf8 sp=0x00000064476f7be0
Event: 7.680 Thread 0x000002003a006800 DEOPT UNPACKING pc=0x00000200212885af sp=0x00000064476f7b40 mode 2
Event: 7.708 Thread 0x000002003a006800 DEOPT PACKING pc=0x0000020022195af1 sp=0x00000064476f79c0
Event: 7.708 Thread 0x000002003a006800 DEOPT UNPACKING pc=0x00000200212c9d0e sp=0x00000064476f6eb8 mode 0
Event: 7.725 Thread 0x000002003a006800 Uncommon trap: trap_request=0xffffffde fr.pc=0x0000020028d765e4 relative=0x00000000000001c4
Event: 7.725 Thread 0x000002003a006800 Uncommon trap: reason=class_check action=maybe_recompile pc=0x0000020028d765e4 method=java.lang.String.equals(Ljava/lang/Object;)Z @ 8 c2
Event: 7.725 Thread 0x000002003a006800 DEOPT PACKING pc=0x0000020028d765e4 sp=0x00000064476f7fd0
Event: 7.725 Thread 0x000002003a006800 DEOPT UNPACKING pc=0x00000200212885af sp=0x00000064476f7f78 mode 2
Event: 7.725 Thread 0x000002003a006800 Uncommon trap: trap_request=0xffffffde fr.pc=0x0000020028d765e4 relative=0x00000000000001c4
Event: 7.725 Thread 0x000002003a006800 Uncommon trap: reason=class_check action=maybe_recompile pc=0x0000020028d765e4 method=java.lang.String.equals(Ljava/lang/Object;)Z @ 8 c2
Event: 7.725 Thread 0x000002003a006800 DEOPT PACKING pc=0x0000020028d765e4 sp=0x00000064476f7fd0
Event: 7.725 Thread 0x000002003a006800 DEOPT UNPACKING pc=0x00000200212885af sp=0x00000064476f7f78 mode 2

Classes redefined (0 events):
No events

Internal exceptions (20 events):
Event: 7.651 Thread 0x000002003a006800 Exception <a 'java/lang/ClassNotFoundException'{0x00000000883bd848}: org/gradle/api/internal/plugins/DefaultPluginContainerCustomizer> (0x00000000883bd848) thrown at [./src/hotspot/share/classfile/systemDictionary.cpp, line 231]
Event: 7.670 Thread 0x000002003a006800 Exception <a 'java/lang/ClassNotFoundException'{0x0000000087f4e200}: com/android/build/gradle/internal/dsl/BaseAppModuleExtension_DecoratedBeanInfo> (0x0000000087f4e200) thrown at [./src/hotspot/share/classfile/systemDictionary.cpp, line 231]
Event: 7.670 Thread 0x000002003a006800 Exception <a 'java/lang/ClassNotFoundException'{0x0000000087f696a0}: com/android/build/gradle/internal/dsl/BaseAppModuleExtensionBeanInfo> (0x0000000087f696a0) thrown at [./src/hotspot/share/classfile/systemDictionary.cpp, line 231]
Event: 7.671 Thread 0x000002003a006800 Exception <a 'java/lang/ClassNotFoundException'{0x0000000087f80fd8}: com/android/build/gradle/AppExtensionBeanInfo> (0x0000000087f80fd8) thrown at [./src/hotspot/share/classfile/systemDictionary.cpp, line 231]
Event: 7.671 Thread 0x000002003a006800 Exception <a 'java/lang/ClassNotFoundException'{0x0000000087f99ad8}: com/android/build/gradle/AbstractAppExtensionBeanInfo> (0x0000000087f99ad8) thrown at [./src/hotspot/share/classfile/systemDictionary.cpp, line 231]
Event: 7.671 Thread 0x000002003a006800 Exception <a 'java/lang/ClassNotFoundException'{0x0000000087fb13a0}: com/android/build/gradle/TestedExtensionBeanInfo> (0x0000000087fb13a0) thrown at [./src/hotspot/share/classfile/systemDictionary.cpp, line 231]
Event: 7.671 Thread 0x000002003a006800 Exception <a 'java/lang/ClassNotFoundException'{0x0000000087fc8bb8}: com/android/build/gradle/BaseExtensionBeanInfo> (0x0000000087fc8bb8) thrown at [./src/hotspot/share/classfile/systemDictionary.cpp, line 231]
Event: 7.672 Thread 0x000002003a006800 Exception <a 'java/lang/ClassNotFoundException'{0x0000000087fe0448}: com/android/build/gradle/BaseExtensionCustomizer> (0x0000000087fe0448) thrown at [./src/hotspot/share/classfile/systemDictionary.cpp, line 231]
Event: 7.673 Thread 0x000002003a006800 Exception <a 'java/lang/ClassNotFoundException'{0x0000000087e513a0}: com/android/build/gradle/TestedExtensionCustomizer> (0x0000000087e513a0) thrown at [./src/hotspot/share/classfile/systemDictionary.cpp, line 231]
Event: 7.674 Thread 0x000002003a006800 Exception <a 'java/lang/ClassNotFoundException'{0x0000000087e84398}: com/android/build/gradle/AbstractAppExtensionCustomizer> (0x0000000087e84398) thrown at [./src/hotspot/share/classfile/systemDictionary.cpp, line 231]
Event: 7.674 Thread 0x000002003a006800 Exception <a 'java/lang/ClassNotFoundException'{0x0000000087eb2088}: com/android/build/gradle/AppExtensionCustomizer> (0x0000000087eb2088) thrown at [./src/hotspot/share/classfile/systemDictionary.cpp, line 231]
Event: 7.675 Thread 0x000002003a006800 Exception <a 'java/lang/ClassNotFoundException'{0x0000000087ee2358}: com/android/build/gradle/internal/dsl/BaseAppModuleExtensionCustomizer> (0x0000000087ee2358) thrown at [./src/hotspot/share/classfile/systemDictionary.cpp, line 231]
Event: 7.677 Thread 0x000002003a006800 Exception <a 'java/lang/ClassNotFoundException'{0x0000000087dccec8}: com/android/build/gradle/internal/dsl/BaseAppModuleExtension_DecoratedCustomizer> (0x0000000087dccec8) thrown at [./src/hotspot/share/classfile/systemDictionary.cpp, line 231]
Event: 7.683 Thread 0x000002003a006800 Exception <a 'java/lang/ClassNotFoundException'{0x0000000087a360d8}: org/gradle/api/internal/DefaultDomainObjectSet_DecoratedBeanInfo> (0x0000000087a360d8) thrown at [./src/hotspot/share/classfile/systemDictionary.cpp, line 231]
Event: 7.684 Thread 0x000002003a006800 Exception <a 'java/lang/ClassNotFoundException'{0x0000000087a6a830}: org/gradle/api/internal/DefaultDomainObjectSet_DecoratedCustomizer> (0x0000000087a6a830) thrown at [./src/hotspot/share/classfile/systemDictionary.cpp, line 231]
Event: 7.758 Thread 0x000002003a3ee000 Exception <a 'sun/nio/fs/WindowsException'{0x0000000087798a10}> (0x0000000087798a10) thrown at [./src/hotspot/share/prims/jni.cpp, line 615]
Event: 7.766 Thread 0x000002003a3ee000 Exception <a 'sun/nio/fs/WindowsException'{0x00000000876f84a8}> (0x00000000876f84a8) thrown at [./src/hotspot/share/prims/jni.cpp, line 615]
Event: 7.767 Thread 0x000002003a3ee000 Exception <a 'sun/nio/fs/WindowsException'{0x00000000876f8650}> (0x00000000876f8650) thrown at [./src/hotspot/share/prims/jni.cpp, line 615]
Event: 7.773 Thread 0x000002003a006800 Exception <a 'java/lang/ClassNotFoundException'{0x0000000087540a78}: build_7oyh8p4hssgohpct7nw7ot6siBeanInfo> (0x0000000087540a78) thrown at [./src/hotspot/share/classfile/systemDictionary.cpp, line 231]
Event: 7.773 Thread 0x000002003a006800 Exception <a 'java/lang/ClassNotFoundException'{0x000000008754c718}: build_7oyh8p4hssgohpct7nw7ot6siCustomizer> (0x000000008754c718) thrown at [./src/hotspot/share/classfile/systemDictionary.cpp, line 231]

Events (20 events):
Event: 7.771 loading class groovy/runtime/metaclass/build_7oyh8p4hssgohpct7nw7ot6siMetaClass
Event: 7.771 loading class groovy/runtime/metaclass/build_7oyh8p4hssgohpct7nw7ot6siMetaClass done
Event: 7.773 loading class build_7oyh8p4hssgohpct7nw7ot6siBeanInfo
Event: 7.773 loading class build_7oyh8p4hssgohpct7nw7ot6siBeanInfo done
Event: 7.773 loading class build_7oyh8p4hssgohpct7nw7ot6siBeanInfo
Event: 7.773 loading class build_7oyh8p4hssgohpct7nw7ot6siBeanInfo done
Event: 7.773 loading class build_7oyh8p4hssgohpct7nw7ot6siCustomizer
Event: 7.773 loading class build_7oyh8p4hssgohpct7nw7ot6siCustomizer done
Event: 7.773 loading class build_7oyh8p4hssgohpct7nw7ot6siCustomizer
Event: 7.773 loading class build_7oyh8p4hssgohpct7nw7ot6siCustomizer done
Event: 7.775 loading class groovy/runtime/metaclass/build_7oyh8p4hssgohpct7nw7ot6si$_run_closure1MetaClass
Event: 7.775 loading class groovy/runtime/metaclass/build_7oyh8p4hssgohpct7nw7ot6si$_run_closure1MetaClass done
Event: 7.776 loading class groovy/runtime/metaclass/build_7oyh8p4hssgohpct7nw7ot6si$_run_closure1$_closure3MetaClass
Event: 7.776 loading class groovy/runtime/metaclass/build_7oyh8p4hssgohpct7nw7ot6si$_run_closure1$_closure3MetaClass done
Event: 7.776 loading class org/gradle/util/internal/ConfigureUtil
Event: 7.776 loading class org/gradle/util/internal/ConfigureUtil done
Event: 7.776 loading class groovy/runtime/metaclass/com/android/build/gradle/internal/dsl/DefaultConfig$AgpDecorated_DecoratedMetaClass
Event: 7.776 loading class groovy/runtime/metaclass/com/android/build/gradle/internal/dsl/DefaultConfig$AgpDecorated_DecoratedMetaClass done
Event: 7.789 Executing VM operation: G1CollectForAllocation
Event: 7.794 Executing VM operation: G1CollectForAllocation done


Dynamic libraries:
0x00007ff7b0590000 - 0x00007ff7b059a000 	C:\Program Files\Android\Android Studio\jre\bin\java.exe
0x00007ffcff190000 - 0x00007ffcff388000 	C:\Windows\SYSTEM32\ntdll.dll
0x00007ffcfdbb0000 - 0x00007ffcfdc6d000 	C:\Windows\System32\KERNEL32.DLL
0x00007ffcfcf20000 - 0x00007ffcfd1ee000 	C:\Windows\System32\KERNELBASE.dll
0x00007ffcfcdd0000 - 0x00007ffcfced0000 	C:\Windows\System32\ucrtbase.dll
0x00007ffcf1b10000 - 0x00007ffcf1b29000 	C:\Program Files\Android\Android Studio\jre\bin\jli.dll
0x00007ffcf2f80000 - 0x00007ffcf2f97000 	C:\Program Files\Android\Android Studio\jre\bin\VCRUNTIME140.dll
0x00007ffcfddb0000 - 0x00007ffcfdf50000 	C:\Windows\System32\USER32.dll
0x00007ffcfcc00000 - 0x00007ffcfcc22000 	C:\Windows\System32\win32u.dll
0x00007ffce74c0000 - 0x00007ffce775a000 	C:\Windows\WinSxS\amd64_microsoft.windows.common-controls_6595b64144ccf1df_6.0.19041.1110_none_60b5254171f9507e\COMCTL32.dll
0x00007ffcfdd20000 - 0x00007ffcfdd4a000 	C:\Windows\System32\GDI32.dll
0x00007ffcfd9d0000 - 0x00007ffcfda6e000 	C:\Windows\System32\msvcrt.dll
0x00007ffcfcac0000 - 0x00007ffcfcbcb000 	C:\Windows\System32\gdi32full.dll
0x00007ffcfcd30000 - 0x00007ffcfcdcd000 	C:\Windows\System32\msvcp_win.dll
0x00007ffcff120000 - 0x00007ffcff150000 	C:\Windows\System32\IMM32.DLL
0x00007ffce4b80000 - 0x00007ffce4c1d000 	C:\Program Files\Android\Android Studio\jre\bin\msvcp140.dll
0x00007ffc94030000 - 0x00007ffc94b15000 	C:\Program Files\Android\Android Studio\jre\bin\server\jvm.dll
0x00007ffcfec20000 - 0x00007ffcfecce000 	C:\Windows\System32\ADVAPI32.dll
0x00007ffcfdc70000 - 0x00007ffcfdd0c000 	C:\Windows\System32\sechost.dll
0x00007ffcfed80000 - 0x00007ffcfeea5000 	C:\Windows\System32\RPCRT4.dll
0x00007ffcfe3c0000 - 0x00007ffcfe3c8000 	C:\Windows\System32\PSAPI.DLL
0x00007ffce5800000 - 0x00007ffce5827000 	C:\Windows\SYSTEM32\WINMM.dll
0x00007ffcdd860000 - 0x00007ffcdd869000 	C:\Windows\SYSTEM32\WSOCK32.dll
0x00007ffcf0290000 - 0x00007ffcf029a000 	C:\Windows\SYSTEM32\VERSION.dll
0x00007ffcfe500000 - 0x00007ffcfe56b000 	C:\Windows\System32\WS2_32.dll
0x00007ffcfb100000 - 0x00007ffcfb112000 	C:\Windows\SYSTEM32\kernel.appcore.dll
0x00007ffc97470000 - 0x00007ffc97481000 	C:\Program Files\Android\Android Studio\jre\bin\verify.dll
0x00007ffcfa490000 - 0x00007ffcfa674000 	C:\Windows\SYSTEM32\DBGHELP.DLL
0x00007ffcdf310000 - 0x00007ffcdf33c000 	C:\Windows\SYSTEM32\dbgcore.DLL
0x00007ffcfcc30000 - 0x00007ffcfccb2000 	C:\Windows\System32\bcryptPrimitives.dll
0x00007ffc964c0000 - 0x00007ffc964e9000 	C:\Program Files\Android\Android Studio\jre\bin\java.dll
0x00007ffcbf770000 - 0x00007ffcbf77b000 	C:\Program Files\Android\Android Studio\jre\bin\jimage.dll
0x00007ffc964a0000 - 0x00007ffc964b8000 	C:\Program Files\Android\Android Studio\jre\bin\zip.dll
0x00007ffcfd1f0000 - 0x00007ffcfd934000 	C:\Windows\System32\SHELL32.dll
0x00007ffcfa7a0000 - 0x00007ffcfaf34000 	C:\Windows\SYSTEM32\windows.storage.dll
0x00007ffcfe6e0000 - 0x00007ffcfea34000 	C:\Windows\System32\combase.dll
0x00007ffcfc310000 - 0x00007ffcfc340000 	C:\Windows\SYSTEM32\Wldp.dll
0x00007ffcfecd0000 - 0x00007ffcfed7d000 	C:\Windows\System32\SHCORE.dll
0x00007ffcfdd50000 - 0x00007ffcfdda5000 	C:\Windows\System32\shlwapi.dll
0x00007ffcfc7f0000 - 0x00007ffcfc80f000 	C:\Windows\SYSTEM32\profapi.dll
0x00007ffc94010000 - 0x00007ffc9402a000 	C:\Program Files\Android\Android Studio\jre\bin\net.dll
0x00007ffcf7440000 - 0x00007ffcf754a000 	C:\Windows\SYSTEM32\WINHTTP.dll
0x00007ffcfc070000 - 0x00007ffcfc0da000 	C:\Windows\system32\mswsock.dll
0x00007ffc93ff0000 - 0x00007ffc94004000 	C:\Program Files\Android\Android Studio\jre\bin\nio.dll
0x00007ffcf3560000 - 0x00007ffcf3587000 	C:\Program Files\Android\gradle-7.3.3\native\e1d6ef7f7dcc3fd88c89a11ec53ec762bb8ba0a96d01ffa2cd45eb1d1d8dd5c5\windows-amd64\native-platform.dll
0x00007ffcd6080000 - 0x00007ffcd61c4000 	C:\Program Files\Android\gradle-7.3.3\native\5664cfc778a61ccfe75a443a1ab52a65af34e5dc3c78e0209fed803814484fcb\windows-amd64\native-platform-file-events.dll
0x00007ffc97460000 - 0x00007ffc9746a000 	C:\Program Files\Android\Android Studio\jre\bin\management.dll
0x00007ffc96490000 - 0x00007ffc9649d000 	C:\Program Files\Android\Android Studio\jre\bin\management_ext.dll
0x00007ffcfc260000 - 0x00007ffcfc278000 	C:\Windows\SYSTEM32\CRYPTSP.dll
0x00007ffcfb950000 - 0x00007ffcfb984000 	C:\Windows\system32\rsaenh.dll
0x00007ffcfcbd0000 - 0x00007ffcfcbf7000 	C:\Windows\System32\bcrypt.dll
0x00007ffcfc770000 - 0x00007ffcfc79e000 	C:\Windows\SYSTEM32\USERENV.dll
0x00007ffcfc280000 - 0x00007ffcfc28c000 	C:\Windows\SYSTEM32\CRYPTBASE.dll
0x00007ffcfbd10000 - 0x00007ffcfbd4b000 	C:\Windows\SYSTEM32\IPHLPAPI.DLL
0x00007ffcfdd10000 - 0x00007ffcfdd18000 	C:\Windows\System32\NSI.dll
0x00007ffcf02a0000 - 0x00007ffcf02b7000 	C:\Windows\SYSTEM32\dhcpcsvc6.DLL
0x00007ffcf0d30000 - 0x00007ffcf0d4d000 	C:\Windows\SYSTEM32\dhcpcsvc.DLL
0x00007ffcfbd60000 - 0x00007ffcfbe2b000 	C:\Windows\SYSTEM32\DNSAPI.dll

dbghelp: loaded successfully - version: 4.0.5 - missing functions: none
symbol engine: initialized successfully - sym options: 0x614 - pdb path: .;C:\Program Files\Android\Android Studio\jre\bin;C:\Windows\SYSTEM32;C:\Windows\WinSxS\amd64_microsoft.windows.common-controls_6595b64144ccf1df_6.0.19041.1110_none_60b5254171f9507e;C:\Program Files\Android\Android Studio\jre\bin\server;C:\Program Files\Android\gradle-7.3.3\native\e1d6ef7f7dcc3fd88c89a11ec53ec762bb8ba0a96d01ffa2cd45eb1d1d8dd5c5\windows-amd64;C:\Program Files\Android\gradle-7.3.3\native\5664cfc778a61ccfe75a443a1ab52a65af34e5dc3c78e0209fed803814484fcb\windows-amd64

VM Arguments:
jvm_args: --add-opens=java.base/java.util=ALL-UNNAMED --add-opens=java.base/java.lang=ALL-UNNAMED --add-opens=java.base/java.lang.invoke=ALL-UNNAMED --add-opens=java.base/java.util=ALL-UNNAMED --add-opens=java.prefs/java.util.prefs=ALL-UNNAMED --add-opens=java.prefs/java.util.prefs=ALL-UNNAMED --add-opens=java.base/java.nio.charset=ALL-UNNAMED --add-opens=java.base/java.net=ALL-UNNAMED --add-opens=java.base/java.util.concurrent.atomic=ALL-UNNAMED -Xmx2048m -Dfile.encoding=UTF-8 -Duser.country=IN -Duser.language=en -Duser.variant 
java_command: org.gradle.launcher.daemon.bootstrap.GradleDaemon 7.3.3
java_class_path (initial): C:\Program Files\Android\gradle-7.3.3\wrapper\dists\gradle-7.3.3-bin\6a41zxkdtcxs8rphpq6y0069z\gradle-7.3.3\lib\gradle-launcher-7.3.3.jar
Launcher Type: SUN_STANDARD

[Global flags]
     intx CICompilerCount                          = 4                                         {product} {ergonomic}
     uint ConcGCThreads                            = 2                                         {product} {ergonomic}
     uint G1ConcRefinementThreads                  = 8                                         {product} {ergonomic}
   size_t G1HeapRegionSize                         = 1048576                                   {product} {ergonomic}
    uintx GCDrainStackTargetSize                   = 64                                        {product} {ergonomic}
   size_t InitialHeapSize                          = 132120576                                 {product} {ergonomic}
   size_t MarkStackSize                            = 4194304                                   {product} {ergonomic}
   size_t MaxHeapSize                              = 2147483648                                {product} {command line}
   size_t MaxNewSize                               = 1287651328                                {product} {ergonomic}
   size_t MinHeapDeltaBytes                        = 1048576                                   {product} {ergonomic}
    uintx NonNMethodCodeHeapSize                   = 5836300                                {pd product} {ergonomic}
    uintx NonProfiledCodeHeapSize                  = 122910970                              {pd product} {ergonomic}
    uintx ProfiledCodeHeapSize                     = 122910970                              {pd product} {ergonomic}
    uintx ReservedCodeCacheSize                    = 251658240                              {pd product} {ergonomic}
     bool SegmentedCodeCache                       = true                                      {product} {ergonomic}
     bool UseCompressedClassPointers               = true                                 {lp64_product} {ergonomic}
     bool UseCompressedOops                        = true                                 {lp64_product} {ergonomic}
     bool UseG1GC                                  = true                                      {product} {ergonomic}
     bool UseLargePagesIndividualAllocation        = false                                  {pd product} {ergonomic}

Logging:
Log output configuration:
 #0: stdout all=warning uptime,level,tags
 #1: stderr all=off uptime,level,tags

Environment Variables:
JAVA_HOME=C:\Program Files\Java\jdk-18.0.1.1
PATH=C:\Program Files\Common Files\Oracle\Java\javapath;C:\Windows\system32;C:\Windows;C:\Windows\System32\Wbem;C:\Windows\System32\WindowsPowerShell\v1.0\;C:\Windows\System32\OpenSSH\;C:\Program Files\Git\cmd;C:\Users\suraj\AppData\Local\Microsoft\WindowsApps
USERNAME=suraj
OS=Windows_NT
PROCESSOR_IDENTIFIER=Intel64 Family 6 Model 140 Stepping 1, GenuineIntel



---------------  S Y S T E M  ---------------

OS: Windows 10 , 64 bit Build 19041 (10.0.19041.1806)
OS uptime: 0 days 2:00 hours
Hyper-V role detected

CPU:total 8 (initial active 8) (4 cores per cpu, 2 threads per core) family 6 model 140 stepping 1 microcode 0x86, cmov, cx8, fxsr, mmx, sse, sse2, sse3, ssse3, sse4.1, sse4.2, popcnt, avx, avx2, aes, clmul, erms, 3dnowpref, lzcnt, ht, tsc, tscinvbit, bmi1, bmi2, adx, evex, sha, fma

Memory: 4k page, system-wide physical 7987M (491M free)
TotalPageFile size 7987M (AvailPageFile size 15M)
current process WorkingSet (physical memory assigned to process): 389M, peak: 390M
current process commit charge ("private bytes"): 451M, peak: 453M

vm_info: OpenJDK 64-Bit Server VM (11.0.12+7-b1504.28-7817840) for windows-amd64 JRE (11.0.12+7-b1504.28-7817840), built on Oct 13 2021 22:12:33 by "builder" with MS VC++ 14.0 (VS2015)

END.
